2023-11-18 20:53:10,027 [INFO] Activator:176 - 


2023-11-18 20:53:10,029 [INFO] Activator:177 - !SESSION log4j initialized
2023-11-18 20:53:14,694 [INFO] LogOutputStream:77 - [STDOUT_REDIRECT] 
2023-11-18 20:53:37,189 [ERROR] LogOutputStream:75 - [STDERR_REDIRECT] SLF4J: Failed to load class "org.slf4j.impl.StaticLoggerBinder".
2023-11-18 20:53:37,190 [ERROR] LogOutputStream:75 - [STDERR_REDIRECT] SLF4J: Defaulting to no-operation (NOP) logger implementation
2023-11-18 20:53:37,192 [ERROR] LogOutputStream:75 - [STDERR_REDIRECT] SLF4J: See http://www.slf4j.org/codes.html#StaticLoggerBinder for further details.
2023-11-18 20:56:07,853 [INFO] Activator:176 - 


2023-11-18 20:56:07,858 [INFO] Activator:177 - !SESSION log4j initialized
2023-11-18 20:56:12,181 [INFO] LogOutputStream:77 - [STDOUT_REDIRECT] 
2023-11-18 20:56:33,948 [ERROR] LogOutputStream:75 - [STDERR_REDIRECT] SLF4J: Failed to load class "org.slf4j.impl.StaticLoggerBinder".
2023-11-18 20:56:33,949 [ERROR] LogOutputStream:75 - [STDERR_REDIRECT] SLF4J: Defaulting to no-operation (NOP) logger implementation
2023-11-18 20:56:33,951 [ERROR] LogOutputStream:75 - [STDERR_REDIRECT] SLF4J: See http://www.slf4j.org/codes.html#StaticLoggerBinder for further details.
2023-11-18 20:56:43,231 [INFO] ApplicationProperties:184 - Using Application install path: C:\ST\STM32CubeIDE_1.12.1\STM32CubeIDE\plugins\com.st.stm32cube.common.mx_6.8.1.202304191431
2023-11-18 20:56:43,256 [INFO] DbMcusXml:78 - Set database path to: C:\ST\STM32CubeIDE_1.12.1\STM32CubeIDE\plugins\com.st.stm32cube.common.mx_6.8.1.202304191431\\db\/mcu/
2023-11-18 20:56:43,257 [INFO] ApiDb:274 - Set plugin database path to: C:\ST\STM32CubeIDE_1.12.1\STM32CubeIDE\plugins\com.st.stm32cube.common.mx_6.8.1.202304191431\\db\/plugins/boardmanager/
2023-11-18 20:56:43,259 [WARN] ApiDb:259 - Overriding images path with different value:  => C:\ST\STM32CubeIDE_1.12.1\STM32CubeIDE\plugins\com.st.stm32cube.common.mx_6.8.1.202304191431\\db\/plugins/mcufinder/images/
2023-11-18 20:56:43,277 [INFO] ApiDb:250 - Set database path to: C:\Users\mrchl\.stmcufinder\plugins\mcufinder//mcu/
2023-11-18 20:56:43,279 [INFO] DbMcusAds:125 - Set database path to: C:\Users\mrchl\.stmcufinder\plugins\mcufinder//mcu/
2023-11-18 20:56:43,285 [INFO] CrossReferenceDbSqlite:203 - Set database path to: C:\Users\mrchl\.stmcufinder\plugins\mcufinder//mcu/cs/
2023-11-18 20:56:43,472 [INFO] RulesReader:64 - Compatibility file has been processed (293 Rules)
2023-11-18 20:56:43,640 [INFO] DbMcusXml:78 - Set database path to: C:\ST\STM32CubeIDE_1.12.1\STM32CubeIDE\plugins\com.st.stm32cube.common.mx_6.8.1.202304191431\\db\/mcu/
2023-11-18 20:56:43,641 [INFO] ApiDb:274 - Set plugin database path to: C:\ST\STM32CubeIDE_1.12.1\STM32CubeIDE\plugins\com.st.stm32cube.common.mx_6.8.1.202304191431\\db\/plugins/boardmanager/
2023-11-18 20:56:43,641 [INFO] ApiDb:261 - Set plugin images path to: C:\ST\STM32CubeIDE_1.12.1\STM32CubeIDE\plugins\com.st.stm32cube.common.mx_6.8.1.202304191431\\db\/plugins/mcufinder/images/
2023-11-18 20:56:43,642 [WARN] DbFile:41 - Overriding database path with different value: C:\Users\mrchl\.stmcufinder\plugins\mcufinder/ => C:\Users\mrchl\.stmcufinder\plugins\mcufinder
2023-11-18 20:56:43,642 [INFO] ApiDb:250 - Set database path to: C:\Users\mrchl\.stmcufinder\plugins\mcufinder//mcu/
2023-11-18 20:56:43,642 [WARN] DbFile:41 - Overriding database path with different value: C:\Users\mrchl\.stmcufinder\plugins\mcufinder/ => C:\Users\mrchl\.stmcufinder\plugins\mcufinder
2023-11-18 20:56:43,642 [INFO] DbMcusAds:125 - Set database path to: C:\Users\mrchl\.stmcufinder\plugins\mcufinder//mcu/
2023-11-18 20:56:43,643 [WARN] DbFile:41 - Overriding database path with different value: C:\Users\mrchl\.stmcufinder\plugins\mcufinder/ => C:\Users\mrchl\.stmcufinder\plugins\mcufinder
2023-11-18 20:56:43,643 [WARN] DbFile:41 - Overriding database path with different value: C:\Users\mrchl\.stmcufinder\plugins\mcufinder/ => C:\Users\mrchl\.stmcufinder\plugins\mcufinder
2023-11-18 20:56:43,643 [INFO] CrossReferenceDbSqlite:203 - Set database path to: C:\Users\mrchl\.stmcufinder\plugins\mcufinder//mcu/cs/
2023-11-18 20:56:43,764 [INFO] MainPanel:253 - HeapMemory: 321912832
2023-11-18 20:56:43,927 [INFO] DbMcusXml:78 - Set database path to: C:\ST\STM32CubeIDE_1.12.1\STM32CubeIDE\plugins\com.st.stm32cube.common.mx_6.8.1.202304191431\\db\/mcu/
2023-11-18 20:56:43,927 [INFO] ApiDb:274 - Set plugin database path to: C:\ST\STM32CubeIDE_1.12.1\STM32CubeIDE\plugins\com.st.stm32cube.common.mx_6.8.1.202304191431\\db\/plugins/boardmanager/
2023-11-18 20:56:43,927 [INFO] ApiDb:261 - Set plugin images path to: C:\ST\STM32CubeIDE_1.12.1\STM32CubeIDE\plugins\com.st.stm32cube.common.mx_6.8.1.202304191431\\db\/plugins/mcufinder/images/
2023-11-18 20:56:43,930 [WARN] DbFile:41 - Overriding database path with different value: C:\Users\mrchl\.stmcufinder\plugins\mcufinder/ => C:\Users\mrchl\.stmcufinder\plugins\mcufinder
2023-11-18 20:56:43,931 [INFO] ApiDb:250 - Set database path to: C:\Users\mrchl\.stmcufinder\plugins\mcufinder//mcu/
2023-11-18 20:56:43,931 [WARN] DbFile:41 - Overriding database path with different value: C:\Users\mrchl\.stmcufinder\plugins\mcufinder/ => C:\Users\mrchl\.stmcufinder\plugins\mcufinder
2023-11-18 20:56:43,931 [INFO] DbMcusAds:125 - Set database path to: C:\Users\mrchl\.stmcufinder\plugins\mcufinder//mcu/
2023-11-18 20:56:43,932 [WARN] DbFile:41 - Overriding database path with different value: C:\Users\mrchl\.stmcufinder\plugins\mcufinder/ => C:\Users\mrchl\.stmcufinder\plugins\mcufinder
2023-11-18 20:56:43,932 [WARN] DbFile:41 - Overriding database path with different value: C:\Users\mrchl\.stmcufinder\plugins\mcufinder/ => C:\Users\mrchl\.stmcufinder\plugins\mcufinder
2023-11-18 20:56:43,932 [INFO] CrossReferenceDbSqlite:203 - Set database path to: C:\Users\mrchl\.stmcufinder\plugins\mcufinder//mcu/cs/
2023-11-18 20:56:43,963 [INFO] ApplicationProperties:184 - Using Application install path: C:\ST\STM32CubeIDE_1.12.1\STM32CubeIDE\plugins\com.st.stm32cube.common.mx_6.8.1.202304191431
2023-11-18 20:56:43,967 [INFO] PluginManage:196 - Search for loadable plugins [exclusion list=, ]
2023-11-18 20:56:43,973 [INFO] PluginManage:310 - Check plugin analytics
2023-11-18 20:56:44,284 [INFO] AnalyticsPlugin:253 - Accepted Software Licenses: 
2023-11-18 20:56:44,285 [INFO] AnalyticsPlugin:255 - Accepted CMSIS Pack Licenses: 
2023-11-18 20:56:44,285 [INFO] AnalyticsPlugin:257 - Accepted Firmware Licenses: 
2023-11-18 20:56:44,297 [INFO] PluginManage:359 - Loaded plugin analytics (category:tool,tabindex:-1)
2023-11-18 20:56:44,298 [INFO] PluginManage:310 - Check plugin cadmodel
2023-11-18 20:56:44,362 [INFO] CADModel:105 - Init CAD model plugin
2023-11-18 20:56:44,362 [INFO] PluginManage:359 - Loaded plugin cadmodel (category:power,tabindex:5)
2023-11-18 20:56:44,362 [INFO] PluginManage:310 - Check plugin clock
2023-11-18 20:56:44,386 [INFO] PluginManage:359 - Loaded plugin clock (category:base,tabindex:2)
2023-11-18 20:56:44,388 [INFO] PluginManage:310 - Check plugin ddr
2023-11-18 20:56:44,394 [INFO] PluginManage:359 - Loaded plugin ddr (category:tool,tabindex:6)
2023-11-18 20:56:44,394 [INFO] PluginManage:310 - Check plugin filemanager
2023-11-18 20:56:44,653 [INFO] PluginManage:359 - Loaded plugin filemanager (category:base,tabindex:10)
2023-11-18 20:56:44,653 [INFO] PluginManage:310 - Check plugin ipmanager
2023-11-18 20:56:44,664 [INFO] PluginManage:359 - Loaded plugin ipmanager (category:base,tabindex:5)
2023-11-18 20:56:44,664 [INFO] PluginManage:310 - Check plugin lpbam
2023-11-18 20:56:44,693 [INFO] PluginManage:359 - Loaded plugin lpbam (category:base,tabindex:0)
2023-11-18 20:56:44,693 [INFO] PluginManage:310 - Check plugin pinoutandconfiguration
2023-11-18 20:56:44,711 [INFO] PluginManage:359 - Loaded plugin pinoutandconfiguration (category:base,tabindex:1)
2023-11-18 20:56:44,711 [INFO] PluginManage:310 - Check plugin pinoutconfig
2023-11-18 20:56:44,877 [WARN] SupportedApi:132 - Cannot load RTOS API schema: s4s-elt-must-match.1: The content of 'definitions' must match (annotation?, (simpleType | complexType)?, (unique | key | keyref)*)). A problem was found starting at: attribute.
2023-11-18 20:56:45,172 [INFO] PluginManage:359 - Loaded plugin pinoutconfig (category:base,tabindex:0)
2023-11-18 20:56:45,172 [INFO] PluginManage:310 - Check plugin power
2023-11-18 20:56:45,204 [INFO] PluginManage:359 - Loaded plugin power (category:power,tabindex:4)
2023-11-18 20:56:45,204 [INFO] PluginManage:310 - Check plugin projectmanager
2023-11-18 20:56:45,249 [INFO] PluginManage:359 - Loaded plugin projectmanager (category:projectmanager,tabindex:3)
2023-11-18 20:56:45,249 [INFO] PluginManage:310 - Check plugin thirdparty
2023-11-18 20:56:45,642 [INFO] PluginManage:359 - Loaded plugin thirdparty (category:base,tabindex:-1)
2023-11-18 20:56:45,642 [WARN] IntegrityCheckThread:84 - waiting for thirdparty lock release [integrity check]
2023-11-18 20:56:45,643 [INFO] PluginManage:310 - Check plugin tools
2023-11-18 20:56:45,643 [INFO] IntegrityCheckThread:86 - entering critical section [integrity check]
2023-11-18 20:56:45,646 [INFO] ThirdPartyUpdaterWithRetryManager:70 - Updater plugin not ready yet. [1/15]
2023-11-18 20:56:45,683 [INFO] PluginManage:359 - Loaded plugin tools (category:base,tabindex:7)
2023-11-18 20:56:45,683 [INFO] PluginManage:310 - Check plugin tutovideos
2023-11-18 20:56:46,004 [INFO] PluginManage:359 - Loaded plugin tutovideos (category:base,tabindex:-1)
2023-11-18 20:56:46,004 [INFO] PluginManage:310 - Check plugin updater
2023-11-18 20:56:46,029 [INFO] PluginManage:359 - Loaded plugin updater (category:base,tabindex:12)
2023-11-18 20:56:46,030 [INFO] PluginManage:283 - PluginManage : Loaded plugins [15]
2023-11-18 20:56:46,473 [INFO] PinOutPanel:1499 - setPackage(No Configuration,No Configuration)
2023-11-18 20:56:46,573 [INFO] CADModel:165 - CPN selected for project level
2023-11-18 20:56:46,573 [INFO] CADModel:114 - Register for checkConnection events
2023-11-18 20:56:46,610 [INFO] IPUIPlugin:80 - create IPUIPlugin
2023-11-18 20:56:46,610 [INFO] PluginManager:220 - loadIPPluginJar : add adc
2023-11-18 20:56:46,650 [INFO] IPUIPlugin:80 - create IPUIPlugin
2023-11-18 20:56:46,650 [INFO] PluginManager:220 - loadIPPluginJar : add aes
2023-11-18 20:56:46,728 [INFO] IPUIPlugin:80 - create IPUIPlugin
2023-11-18 20:56:46,728 [INFO] PluginManager:220 - loadIPPluginJar : add can
2023-11-18 20:56:46,765 [INFO] IPUIPlugin:80 - create IPUIPlugin
2023-11-18 20:56:46,765 [INFO] PluginManager:220 - loadIPPluginJar : add comp
2023-11-18 20:56:46,806 [INFO] IPUIPlugin:80 - create IPUIPlugin
2023-11-18 20:56:46,806 [INFO] PluginManager:220 - loadIPPluginJar : add cryp
2023-11-18 20:56:46,864 [INFO] IPUIPlugin:80 - create IPUIPlugin
2023-11-18 20:56:46,864 [INFO] PluginManager:220 - loadIPPluginJar : add dfsdm
2023-11-18 20:56:46,926 [INFO] IPUIPlugin:80 - create IPUIPlugin
2023-11-18 20:56:46,928 [INFO] PluginManager:220 - loadIPPluginJar : add dma
2023-11-18 20:56:46,977 [INFO] IPUIPlugin:80 - create IPUIPlugin
2023-11-18 20:56:46,977 [INFO] PluginManager:220 - loadIPPluginJar : add dma3
2023-11-18 20:56:46,999 [INFO] IPUIPlugin:80 - create IPUIPlugin
2023-11-18 20:56:46,999 [INFO] PluginManager:220 - loadIPPluginJar : add fatfs
2023-11-18 20:56:47,050 [INFO] IPUIPlugin:80 - create IPUIPlugin
2023-11-18 20:56:47,050 [INFO] PluginManager:220 - loadIPPluginJar : add fmc
2023-11-18 20:56:47,067 [INFO] IPUIPlugin:80 - create IPUIPlugin
2023-11-18 20:56:47,068 [INFO] PluginManager:220 - loadIPPluginJar : add freertos
2023-11-18 20:56:47,089 [INFO] IPUIPlugin:80 - create IPUIPlugin
2023-11-18 20:56:47,089 [INFO] PluginManager:220 - loadIPPluginJar : add genericplugin
2023-11-18 20:56:47,198 [INFO] IPUIPlugin:80 - create IPUIPlugin
2023-11-18 20:56:47,199 [INFO] PluginManager:220 - loadIPPluginJar : add gfxmmu
2023-11-18 20:56:47,401 [INFO] IPUIPlugin:80 - create IPUIPlugin
2023-11-18 20:56:47,401 [INFO] PluginManager:220 - loadIPPluginJar : add gic
2023-11-18 20:56:47,414 [INFO] IPUIPlugin:80 - create IPUIPlugin
2023-11-18 20:56:47,414 [INFO] PluginManager:220 - loadIPPluginJar : add gpio
2023-11-18 20:56:47,515 [INFO] IPUIPlugin:80 - create IPUIPlugin
2023-11-18 20:56:47,515 [INFO] PluginManager:220 - loadIPPluginJar : add gtzc
2023-11-18 20:56:47,551 [INFO] IPUIPlugin:80 - create IPUIPlugin
2023-11-18 20:56:47,551 [INFO] PluginManager:220 - loadIPPluginJar : add hash
2023-11-18 20:56:47,607 [INFO] IPUIPlugin:80 - create IPUIPlugin
2023-11-18 20:56:47,607 [INFO] PluginManager:220 - loadIPPluginJar : add i2c
2023-11-18 20:56:47,659 [INFO] IPUIPlugin:80 - create IPUIPlugin
2023-11-18 20:56:47,659 [INFO] PluginManager:220 - loadIPPluginJar : add i2s
2023-11-18 20:56:47,706 [INFO] IPUIPlugin:80 - create IPUIPlugin
2023-11-18 20:56:47,707 [INFO] PluginManager:220 - loadIPPluginJar : add i3c
2023-11-18 20:56:47,882 [INFO] IPUIPlugin:80 - create IPUIPlugin
2023-11-18 20:56:47,882 [INFO] PluginManager:220 - loadIPPluginJar : add ipddr
2023-11-18 20:56:48,004 [INFO] IPUIPlugin:80 - create IPUIPlugin
2023-11-18 20:56:48,004 [INFO] PluginManager:220 - loadIPPluginJar : add linkedlist
2023-11-18 20:56:48,044 [INFO] IPUIPlugin:80 - create IPUIPlugin
2023-11-18 20:56:48,044 [INFO] PluginManager:220 - loadIPPluginJar : add lorawan
2023-11-18 20:56:48,087 [INFO] IPUIPlugin:80 - create IPUIPlugin
2023-11-18 20:56:48,087 [INFO] PluginManager:220 - loadIPPluginJar : add ltdc
2023-11-18 20:56:48,105 [INFO] IPUIPlugin:80 - create IPUIPlugin
2023-11-18 20:56:48,105 [INFO] PluginManager:220 - loadIPPluginJar : add mdma
2023-11-18 20:56:48,120 [INFO] IPUIPlugin:80 - create IPUIPlugin
2023-11-18 20:56:48,120 [INFO] PluginManager:220 - loadIPPluginJar : add nvic
2023-11-18 20:56:48,174 [INFO] IPUIPlugin:80 - create IPUIPlugin
2023-11-18 20:56:48,175 [INFO] PluginManager:220 - loadIPPluginJar : add opamp
2023-11-18 20:56:48,289 [INFO] IPUIPlugin:80 - create IPUIPlugin
2023-11-18 20:56:48,289 [INFO] PluginManager:220 - loadIPPluginJar : add openamp
2023-11-18 20:56:48,337 [INFO] IPUIPlugin:80 - create IPUIPlugin
2023-11-18 20:56:48,337 [INFO] PluginManager:220 - loadIPPluginJar : add pdm2pcm
2023-11-18 20:56:48,354 [INFO] IPUIPlugin:80 - create IPUIPlugin
2023-11-18 20:56:48,358 [INFO] PluginManager:220 - loadIPPluginJar : add plateformsettings
2023-11-18 20:56:48,382 [INFO] IPUIPlugin:80 - create IPUIPlugin
2023-11-18 20:56:48,382 [INFO] PluginManager:220 - loadIPPluginJar : add quadspi
2023-11-18 20:56:48,396 [INFO] IPUIPlugin:80 - create IPUIPlugin
2023-11-18 20:56:48,396 [INFO] PluginManager:220 - loadIPPluginJar : add resmgrutility
2023-11-18 20:56:48,453 [INFO] IPUIPlugin:80 - create IPUIPlugin
2023-11-18 20:56:48,453 [INFO] PluginManager:220 - loadIPPluginJar : add sai
2023-11-18 20:56:48,495 [INFO] IPUIPlugin:80 - create IPUIPlugin
2023-11-18 20:56:48,497 [INFO] PluginManager:220 - loadIPPluginJar : add spi
2023-11-18 20:56:48,569 [INFO] IPUIPlugin:80 - create IPUIPlugin
2023-11-18 20:56:48,569 [INFO] PluginManager:220 - loadIPPluginJar : add stm32_wpan
2023-11-18 20:56:48,603 [INFO] IPUIPlugin:80 - create IPUIPlugin
2023-11-18 20:56:48,603 [INFO] PluginManager:220 - loadIPPluginJar : add tim
2023-11-18 20:56:48,649 [INFO] ThirdPartyUpdaterWithRetryManager:70 - Updater plugin not ready yet. [2/15]
2023-11-18 20:56:48,736 [INFO] IPUIPlugin:80 - create IPUIPlugin
2023-11-18 20:56:48,736 [INFO] PluginManager:220 - loadIPPluginJar : add touchsensing
2023-11-18 20:56:48,775 [INFO] IPUIPlugin:80 - create IPUIPlugin
2023-11-18 20:56:48,775 [INFO] PluginManager:220 - loadIPPluginJar : add tracer_emb
2023-11-18 20:56:48,808 [INFO] IPUIPlugin:80 - create IPUIPlugin
2023-11-18 20:56:48,808 [INFO] PluginManager:220 - loadIPPluginJar : add ts
2023-11-18 20:56:48,833 [INFO] IPUIPlugin:80 - create IPUIPlugin
2023-11-18 20:56:48,833 [INFO] PluginManager:220 - loadIPPluginJar : add tsc
2023-11-18 20:56:48,858 [INFO] IPUIPlugin:80 - create IPUIPlugin
2023-11-18 20:56:48,858 [INFO] PluginManager:220 - loadIPPluginJar : add ucpd
2023-11-18 20:56:48,912 [INFO] IPUIPlugin:80 - create IPUIPlugin
2023-11-18 20:56:48,912 [INFO] PluginManager:220 - loadIPPluginJar : add usart
2023-11-18 20:56:48,975 [INFO] IPUIPlugin:80 - create IPUIPlugin
2023-11-18 20:56:48,975 [INFO] PluginManager:220 - loadIPPluginJar : add usbx
2023-11-18 20:56:49,124 [INFO] CADModel:165 - CPN selected for project level
2023-11-18 20:56:49,124 [INFO] CADModel:114 - Register for checkConnection events
2023-11-18 20:56:49,124 [FATAL] Updater:308 - Updater called before beeing initialized
2023-11-18 20:56:49,125 [ERROR] CADModel:125 - Updater not yet initialized, retry later 
2023-11-18 20:56:49,411 [INFO] CADModel:165 - CPN selected for project level
2023-11-18 20:56:49,411 [INFO] CADModel:114 - Register for checkConnection events
2023-11-18 20:56:49,411 [FATAL] Updater:308 - Updater called before beeing initialized
2023-11-18 20:56:49,411 [ERROR] CADModel:125 - Updater not yet initialized, retry later 
2023-11-18 20:56:49,415 [FATAL] Updater:308 - Updater called before beeing initialized
2023-11-18 20:56:49,619 [FATAL] Updater:308 - Updater called before beeing initialized
2023-11-18 20:56:49,640 [INFO] DbMcusAds:53 - JSON generation date=Tue Mar 07 09:50:55 CET 2023 (1678179055335)
2023-11-18 20:56:49,640 [FATAL] Updater:308 - Updater called before beeing initialized
2023-11-18 20:56:49,732 [WARN] DetailPanel:346 - Failed to get advertising image, set to default
2023-11-18 20:56:49,885 [FATAL] Updater:308 - Updater called before beeing initialized
2023-11-18 20:56:49,889 [FATAL] Updater:308 - Updater called before beeing initialized
2023-11-18 20:56:49,889 [FATAL] Updater:308 - Updater called before beeing initialized
2023-11-18 20:56:49,889 [WARN] DetailPanel:346 - Failed to get advertising image, set to default
2023-11-18 20:56:49,889 [FATAL] Updater:308 - Updater called before beeing initialized
2023-11-18 20:56:49,967 [ERROR] Updater:1120 - MainUpdater not yet initialized. External WinMGr cannot be set.
2023-11-18 20:56:49,979 [INFO] Updater:1056 - Updater Version found : 6.8.1
2023-11-18 20:56:49,998 [INFO] ApplicationProperties:184 - Using Application install path: C:\ST\STM32CubeIDE_1.12.1\STM32CubeIDE\plugins\com.st.stm32cube.common.mx_6.8.1.202304191431
2023-11-18 20:56:50,215 [INFO] MainUpdater:2854 - connection check result : 10
2023-11-18 20:56:50,216 [INFO] MainUpdater:283 - Updater Check For Update Now.
2023-11-18 20:56:50,217 [INFO] MicroXplorer:498 - Change Database Version : DB.6.0.81
2023-11-18 20:56:50,463 [INFO] CheckServerUpdateThread:120 - End of CheckServer Thread
2023-11-18 20:56:50,481 [INFO] MainUpdater:2854 - connection check result : 10
2023-11-18 20:56:51,476 [INFO] ApiDb:581 - Connected to CubeFinder SQLite database (C:\Users\mrchl\.stmcufinder\plugins\mcufinder\mcu\cube-finder-db.db)
2023-11-18 20:56:51,578 [INFO] ApiDb:668 - CubeFinder database Data Model version=2.1
2023-11-18 20:56:51,578 [INFO] ApiDb:669 - CubeFinder database Configuration version=3.0.37
2023-11-18 20:56:51,578 [INFO] ApiDb:670 - CubeFinder database generation date=2023-10-13 (1697197505)
2023-11-18 20:56:51,579 [INFO] ApiDb:671 - CubeFinder database FW Pack versions=[FP-ATR-ASTRA1_V2.0.0, FP-SNS-FLIGHT1_V5.0.1, FP-SNS-FLIGHT1_V5.0.2, FP-SNS-MOTENV1_V4.3.1, FP-SNS-MOTENV1_V4.3.2, FP-SNS-SMARTAG2_V1.2.0, I-CUBE-ITTIADB_V8.6.3-1, STM32Cube_FW_C0_V1.1.0, STM32Cube_FW_F4_V1.27.1, STM32Cube_FW_F7_V1.17.0, STM32Cube_FW_G0_V1.6.1, STM32Cube_FW_G4_V1.5.1, STM32Cube_FW_H5_V0.5.1, STM32Cube_FW_H5_V1.1.1, STM32Cube_FW_H7_V1.11.0, STM32Cube_FW_L0_V1.12.2, STM32Cube_FW_L5_V1.5.0, STM32Cube_FW_U5_V1.3.0, STM32Cube_FW_U5_V1.3.0RC4, STM32Cube_FW_WBA_V1.0.0RC1, STM32Cube_FW_WBA_V1.1.0RC1, STM32Cube_FW_WBA_V1.1.1, STM32Cube_FW_WB_V1.15.0RC1, STM32Cube_FW_WB_V1.16.0, STM32Cube_FW_WB_V1.16.0RC2, STM32Cube_FW_WB_V1.17.3, STM32Cube_FW_WL_V1.3.0, X-CUBE-ALGOBUILD_V1.3.0, X-CUBE-ALS_V1.0.1, X-CUBE-AZRTOS-F4_V1.1.0, X-CUBE-AZRTOS-F7_V1.1.0, X-CUBE-AZRTOS-G0_V1.1.0, X-CUBE-AZRTOS-G4_V2.0.0, X-CUBE-AZRTOS-H7_V3.1.0, X-CUBE-AZRTOS-L4_V1.0.0, X-CUBE-AZRTOS-L4_V2.0.0, X-CUBE-AZRTOS-L5_V1.1.0, X-CUBE-AZRTOS-WB_V2.0.0, X-CUBE-AZRTOS-WL_V2.0.0, X-CUBE-BLE1_V7.0.0, X-CUBE-BLE2_V3.3.0, X-CUBE-BLEMGR_V2.0.0, X-CUBE-EEPRMA1_V4.1.0, X-CUBE-FREERTOS_V1.1.0, X-CUBE-GNSS1_V6.0.0, X-CUBE-MEMS1_V10.0.0, X-CUBE-MEMS1_V9.1.0, X-CUBE-MEMS1_V9.4.0, X-CUBE-MEMS1_V9.6.0, X-CUBE-NFC4_V3.0.0, X-CUBE-NFC7_V1.0.1, X-CUBE-SFXS2LP1_V4.0.0, X-CUBE-SUBG2_V5.0.0, X-CUBE-TOF1_V3.3.1]
2023-11-18 20:56:51,667 [INFO] DbBoardsSqlite:226 - include board P-NUCLEO-WB55-NUCLEO as a kit item of type 'Nucleo-64'
2023-11-18 20:56:51,667 [INFO] DbBoardsSqlite:226 - include board P-NUCLEO-WB55-USBDONGLE as a kit item of type 'Nucleo USB Dongle'
2023-11-18 20:56:51,667 [INFO] DbBoardsSqlite:226 - include board STEVAL-IDP005V1 as a kit item of type 'Evaluation Board'
2023-11-18 20:56:51,668 [INFO] DbBoardsSqlite:226 - include board STEVAL-IDP005V2 as a kit item of type 'Evaluation Board'
2023-11-18 20:56:51,731 [INFO] ApiDb:240 - Found 297 in-development CPN: [B-G473E-ZEST1S, B-WB1M-WPAN1, B-WL5M-SUBG1, NUCLEO-C031C6, NUCLEO-H503RB, NUCLEO-H563ZI, NUCLEO-U545RE-Q, NUCLEO-U5A5ZJ-Q, NUCLEO-WBA52CG, STEVAL-PROTEUS1, STEVAL-STWINBX1, STM320518-EVAL, STM32C0116-DK, STM32C011D6Y3TR, STM32C011D6Y6TR, STM32C011F4P3, STM32C011F4P6, STM32C011F4U3, STM32C011F4U6TR, STM32C011F6P3, STM32C011F6P6, STM32C011F6U3, STM32C011F6U6TR, STM32C011J4M3, STM32C011J4M6, STM32C011J6M3, STM32C011J6M6, STM32C0316-DK, STM32C031C4T3, STM32C031C4T6, STM32C031C4U3, STM32C031C4U6, STM32C031C6T3, STM32C031C6T6, STM32C031C6U3, STM32C031C6U6, STM32C031F4P3, STM32C031F4P6, STM32C031F6P3, STM32C031F6P6, STM32C031G4U3, STM32C031G4U6, STM32C031G6U3, STM32C031G6U6, STM32C031K4T3, STM32C031K4T6, STM32C031K4U3, STM32C031K4U6, STM32C031K6T3, STM32C031K6T6, STM32C031K6U3, STM32C031K6U6, STM32G071K8TXN, STM32G071K8UXN, STM32G081GBU6N, STM32G081KBT6N, STM32G081KBUXN, STM32G0B1CCT6N, STM32G0B1KCT6, STM32G0B1NEY6TR, STM32G0B1RCT6N, STM32G0C1CCT6, STM32G0C1CCT6N, STM32G0C1CCU6N, STM32G0C1CET6N, STM32G0C1CEU6N, STM32G0C1KCT6, STM32G0C1NEY6TR, STM32G0C1RCI6N, STM32G0C1RCT6N, STM32G0C1REI6N, STM32G0C1RET6N, STM32G0C1VCI6, STM32G0C1VEI6, STM32G471CCT6, STM32G471CCU6, STM32G471CET3, STM32G471CET6, STM32G471CEU3, STM32G471CEU6, STM32G471MCT6, STM32G471MET3, STM32G471MET6, STM32G471MEY6TR, STM32G471QCT6, STM32G471QET3, STM32G471RCT6, STM32G471RET3, STM32G471RET6, STM32G471VCH6, STM32G471VCI6, STM32G471VCT6, STM32G471VEH3, STM32G471VEH6, STM32G471VEI3, STM32G471VEI6, STM32G471VET3, STM32G471VET6, STM32G474CCT6, STM32H503CBT6, STM32H503CBU6, STM32H503EBY6TR, STM32H503KBU6, STM32H503RBT6, STM32H562AGI6, STM32H562AII6, STM32H562IGK6, STM32H562IGT6, STM32H562IIK6, STM32H562IIT6, STM32H562RGT6, STM32H562RGV6, STM32H562RIT6, STM32H562RIV6, STM32H562VGT6, STM32H562VIT6, STM32H562ZGT6, STM32H562ZIT6, STM32H563AGI6, STM32H563AII3Q, STM32H563AII6, STM32H563IGK6, STM32H563IGT6, STM32H563IIK3Q, STM32H563IIK6, STM32H563IIT3Q, STM32H563IIT6, STM32H563MIY3QTR, STM32H563RGT6, STM32H563RGV6, STM32H563RIT6, STM32H563RIV6, STM32H563VGT6, STM32H563VIT3Q, STM32H563VIT6, STM32H563ZGT6, STM32H563ZIT3Q, STM32H563ZIT6, STM32H573AII3Q, STM32H573AII6, STM32H573I-DK, STM32H573IIK3Q, STM32H573IIK6, STM32H573IIT3Q, STM32H573IIT6, STM32H573MIY3QTR, STM32H573RIT6, STM32H573RIV6, STM32H573VIT3Q, STM32H573VIT6, STM32H573ZIT3Q, STM32H573ZIT6, STM32L4R5QGI6STR, STM32MP131AAE3, STM32MP131AAF3, STM32MP131AAG3, STM32MP131CAE3, STM32MP131CAF3, STM32MP131CAG3, STM32MP131DAE7, STM32MP131DAF7, STM32MP131DAG7, STM32MP131FAE7, STM32MP131FAF7, STM32MP131FAG7, STM32MP133AAE3, STM32MP133AAF3, STM32MP133AAG3, STM32MP133CAE3, STM32MP133CAF3, STM32MP133CAG3, STM32MP133DAE7, STM32MP133DAF7, STM32MP133DAG7, STM32MP133FAE7, STM32MP133FAF7, STM32MP133FAG7, STM32MP135AAE3, STM32MP135AAF3, STM32MP135AAG3, STM32MP135CAE3, STM32MP135CAF3, STM32MP135CAG3, STM32MP135DAE7, STM32MP135DAF7, STM32MP135DAG7, STM32MP135F-DK, STM32MP135FAE7, STM32MP135FAF7, STM32MP135FAF7T, STM32MP135FAF7U, STM32MP135FAG7, STM32U535CBT6, STM32U535CBT6Q, STM32U535CBU6, STM32U535CBU6Q, STM32U535CCT6, STM32U535CCT6Q, STM32U535CCU6, STM32U535CCU6Q, STM32U535CET6, STM32U535CET6Q, STM32U535CEU6, STM32U535CEU6Q, STM32U535JEY6QTR, STM32U535NCY6QTR, STM32U535NEY6QTR, STM32U535RBI6, STM32U535RBI6Q, STM32U535RBT6, STM32U535RBT6Q, STM32U535RCI6, STM32U535RCI6Q, STM32U535RCT6, STM32U535RCT6Q, STM32U535REI6, STM32U535REI6Q, STM32U535RET6, STM32U535RET6Q, STM32U535VCI6, STM32U535VCI6Q, STM32U535VCT6, STM32U535VCT6Q, STM32U535VEI6, STM32U535VEI6Q, STM32U535VET6, STM32U535VET6Q, STM32U545CET6, STM32U545CET6Q, STM32U545CEU6, STM32U545CEU6Q, STM32U545JEY6QTR, STM32U545NEY6QTR, STM32U545REI6, STM32U545REI6Q, STM32U545RET6, STM32U545RET6Q, STM32U545VEI6, STM32U545VEI6Q, STM32U545VET6, STM32U545VET6Q, STM32U595AIH6, STM32U595AIH6Q, STM32U595AJH6, STM32U595AJH6Q, STM32U595QII6, STM32U595QII6Q, STM32U595QJI6, STM32U595QJI6Q, STM32U595RIT6, STM32U595RIT6Q, STM32U595RJT6, STM32U595RJT6Q, STM32U595VIT6, STM32U595VIT6Q, STM32U595VJT6, STM32U595VJT6Q, STM32U595ZIT6, STM32U595ZIT6Q, STM32U595ZIY6QTR, STM32U595ZJT6, STM32U595ZJT6Q, STM32U595ZJY6QTR, STM32U599BJY6QTR, STM32U599NIH6Q, STM32U599NJH6Q, STM32U599VIT6Q, STM32U599VJT6, STM32U599VJT6Q, STM32U599ZIT6Q, STM32U599ZIY6QTR, STM32U599ZJT6Q, STM32U599ZJY6QTR, STM32U5A5AJH6, STM32U5A5AJH6Q, STM32U5A5QJI6, STM32U5A5QJI6Q, STM32U5A5RJT6, STM32U5A5RJT6Q, STM32U5A5VJT6, STM32U5A5VJT6Q, STM32U5A5ZJT6, STM32U5A5ZJT6Q, STM32U5A5ZJY6QTR, STM32U5A9BJY6QTR, STM32U5A9J-DK, STM32U5A9NJH6Q, STM32U5A9VJT6Q, STM32U5A9ZJT6Q, STM32U5A9ZJY6QTR, STM32WB1MMCH6, STM32WBA52CEU6, STM32WBA52CEU6T, STM32WBA52CGU6, STM32WBA52CGU6T, STM32WL5MOCH6, STM32WL5MOCH6TR]
2023-11-18 20:56:51,738 [INFO] ApiDb:668 - CubeFinder database Data Model version=2.1
2023-11-18 20:56:51,738 [INFO] ApiDb:669 - CubeFinder database Configuration version=3.0.37
2023-11-18 20:56:51,738 [INFO] ApiDb:670 - CubeFinder database generation date=2023-10-13 (1697197505)
2023-11-18 20:56:51,738 [INFO] ApiDb:671 - CubeFinder database FW Pack versions=[FP-ATR-ASTRA1_V2.0.0, FP-SNS-FLIGHT1_V5.0.1, FP-SNS-FLIGHT1_V5.0.2, FP-SNS-MOTENV1_V4.3.1, FP-SNS-MOTENV1_V4.3.2, FP-SNS-SMARTAG2_V1.2.0, I-CUBE-ITTIADB_V8.6.3-1, STM32Cube_FW_C0_V1.1.0, STM32Cube_FW_F4_V1.27.1, STM32Cube_FW_F7_V1.17.0, STM32Cube_FW_G0_V1.6.1, STM32Cube_FW_G4_V1.5.1, STM32Cube_FW_H5_V0.5.1, STM32Cube_FW_H5_V1.1.1, STM32Cube_FW_H7_V1.11.0, STM32Cube_FW_L0_V1.12.2, STM32Cube_FW_L5_V1.5.0, STM32Cube_FW_U5_V1.3.0, STM32Cube_FW_U5_V1.3.0RC4, STM32Cube_FW_WBA_V1.0.0RC1, STM32Cube_FW_WBA_V1.1.0RC1, STM32Cube_FW_WBA_V1.1.1, STM32Cube_FW_WB_V1.15.0RC1, STM32Cube_FW_WB_V1.16.0, STM32Cube_FW_WB_V1.16.0RC2, STM32Cube_FW_WB_V1.17.3, STM32Cube_FW_WL_V1.3.0, X-CUBE-ALGOBUILD_V1.3.0, X-CUBE-ALS_V1.0.1, X-CUBE-AZRTOS-F4_V1.1.0, X-CUBE-AZRTOS-F7_V1.1.0, X-CUBE-AZRTOS-G0_V1.1.0, X-CUBE-AZRTOS-G4_V2.0.0, X-CUBE-AZRTOS-H7_V3.1.0, X-CUBE-AZRTOS-L4_V1.0.0, X-CUBE-AZRTOS-L4_V2.0.0, X-CUBE-AZRTOS-L5_V1.1.0, X-CUBE-AZRTOS-WB_V2.0.0, X-CUBE-AZRTOS-WL_V2.0.0, X-CUBE-BLE1_V7.0.0, X-CUBE-BLE2_V3.3.0, X-CUBE-BLEMGR_V2.0.0, X-CUBE-EEPRMA1_V4.1.0, X-CUBE-FREERTOS_V1.1.0, X-CUBE-GNSS1_V6.0.0, X-CUBE-MEMS1_V10.0.0, X-CUBE-MEMS1_V9.1.0, X-CUBE-MEMS1_V9.4.0, X-CUBE-MEMS1_V9.6.0, X-CUBE-NFC4_V3.0.0, X-CUBE-NFC7_V1.0.1, X-CUBE-SFXS2LP1_V4.0.0, X-CUBE-SUBG2_V5.0.0, X-CUBE-TOF1_V3.3.1]
2023-11-18 20:56:51,931 [WARN] PackLoader:240 - Cannot read IP mode file for STMicroelectronics.X-CUBE-SMBUS.2.1.0
2023-11-18 20:56:52,009 [WARN] PackLoader:240 - Cannot read IP mode file for STMicroelectronics.X-CUBE-AZRTOS-F7.1.1.0
2023-11-18 20:56:52,031 [ERROR] RealEvaluatedCondition:428 - Found unsupported composite condition: GROUP='STM32_MetaDataManager' CLASS='Data Exchange'
2023-11-18 20:56:52,031 [ERROR] RealEvaluatedCondition:428 - Found unsupported composite condition: GROUP='STM32_MetaDataManager' CLASS='Data Exchange'
2023-11-18 20:56:52,034 [WARN] PackLoader:240 - Cannot read IP mode file for STMicroelectronics.FP-SNS-MOTENV1.4.3.0
2023-11-18 20:56:52,062 [WARN] PackLoader:240 - Cannot read IP mode file for STMicroelectronics.FP-SNS-MOTENV1.4.3.2
2023-11-18 20:56:52,143 [WARN] PackLoader:240 - Cannot read IP mode file for STMicroelectronics.FP-SNS-FLIGHT1.5.0.0
2023-11-18 20:56:52,162 [ERROR] RealEvaluatedCondition:428 - Found unsupported composite condition: GROUP='STM32_MetaDataManager' CLASS='Data Exchange'
2023-11-18 20:56:52,162 [ERROR] RealEvaluatedCondition:428 - Found unsupported composite condition: CLASS='Data Exchange' GROUP='STM32_MetaDataManager'
2023-11-18 20:56:52,166 [WARN] PackLoader:240 - Cannot read IP mode file for STMicroelectronics.FP-SNS-MOTENV1.4.3.1
2023-11-18 20:56:52,194 [WARN] PackLoader:240 - Cannot read IP mode file for STMicroelectronics.FP-SNS-FLIGHT1.5.0.1
2023-11-18 20:56:52,213 [WARN] PackLoader:240 - Cannot read IP mode file for STMicroelectronics.X-CUBE-BLE1.6.2.4
2023-11-18 20:56:52,236 [WARN] PackLoader:240 - Cannot read IP mode file for STMicroelectronics.FP-SNS-FLIGHT1.5.0.2
2023-11-18 20:56:52,261 [WARN] PackLoader:240 - Cannot read IP mode file for STMicroelectronics.X-CUBE-DISPLAY.3.0.0
2023-11-18 20:56:52,292 [WARN] PackLoader:240 - Cannot read IP mode file for STMicroelectronics.X-CUBE-BLE1.7.0.0
2023-11-18 20:56:52,314 [WARN] PackLoader:240 - Cannot read IP mode file for STMicroelectronics.X-CUBE-TOUCHGFX.4.22.0
2023-11-18 20:56:52,354 [WARN] PackLoader:240 - Cannot read IP mode file for STMicroelectronics.X-CUBE-TOUCHGFX.4.22.1
2023-11-18 20:56:52,369 [WARN] PackLoader:240 - Cannot read IP mode file for STMicroelectronics.FP-SNS-SMARTAG2.1.2.0
2023-11-18 20:56:52,402 [INFO] LogOutputStream:77 - [STDOUT_REDIRECT] 1 : Invalid condition id : UX_CORESTACK_Condition cause : null
2023-11-18 20:56:52,403 [INFO] LogOutputStream:77 - [STDOUT_REDIRECT] 1 : Invalid condition id : UX_CORESTACK_Condition cause : null
2023-11-18 20:56:52,405 [INFO] LogOutputStream:77 - [STDOUT_REDIRECT] 1 : Invalid condition id : UX_CORESTACK_Condition cause : null
2023-11-18 20:56:52,414 [INFO] LogOutputStream:77 - [STDOUT_REDIRECT] 1 : Invalid condition id : UX_CORESTACK_Condition cause : null
2023-11-18 20:56:52,416 [INFO] LogOutputStream:77 - [STDOUT_REDIRECT] 1 : Invalid condition id : UX_CORESTACK_Condition cause : null
2023-11-18 20:56:52,423 [WARN] PackLoader:240 - Cannot read IP mode file for STMicroelectronics.X-CUBE-AZRTOS-WL.2.0.0
2023-11-18 20:56:52,448 [WARN] PackLoader:240 - Cannot read IP mode file for WES.I-CUBE-Cesium.1.3.0
2023-11-18 20:56:52,465 [WARN] PackLoader:240 - Cannot read IP mode file for STMicroelectronics.X-CUBE-BLE2.3.3.0
2023-11-18 20:56:52,483 [WARN] PackLoader:240 - Cannot read IP mode file for STMicroelectronics.X-CUBE-TOUCHGFX.4.21.4
2023-11-18 20:56:52,501 [WARN] PackLoader:240 - Cannot read IP mode file for STMicroelectronics.X-CUBE-ALGOBUILD.1.3.0
2023-11-18 20:56:52,541 [WARN] PackLoader:240 - Cannot read IP mode file for STMicroelectronics.X-CUBE-AZRTOS-G0.1.1.0
2023-11-18 20:56:52,557 [WARN] PackLoader:240 - Cannot read IP mode file for STMicroelectronics.X-CUBE-NFC4.3.0.0
2023-11-18 20:56:52,591 [WARN] PackLoader:240 - Cannot read IP mode file for STMicroelectronics.X-CUBE-BLEMGR.3.0.0
2023-11-18 20:56:52,614 [WARN] PackLoader:240 - Cannot read IP mode file for STMicroelectronics.FP-ATR-SIGFOX1.3.2.0
2023-11-18 20:56:52,700 [WARN] PackLoader:240 - Cannot read IP mode file for SEGGER.I-CUBE-embOS.1.3.1
2023-11-18 20:56:52,851 [WARN] PackLoader:240 - Cannot read IP mode file for STMicroelectronics.X-CUBE-GNSS1.6.0.0
2023-11-18 20:56:52,917 [WARN] PackLoader:240 - Cannot read IP mode file for STMicroelectronics.X-CUBE-AZRTOS-F4.1.1.0
2023-11-18 20:56:52,946 [WARN] PackLoader:240 - Cannot read IP mode file for wolfSSL.I-CUBE-wolfSSL.5.6.0
2023-11-18 20:56:53,029 [WARN] PackLoader:240 - Cannot read IP mode file for STMicroelectronics.X-CUBE-AZRTOS-L5.2.0.0
2023-11-18 20:56:53,130 [WARN] PackLoader:240 - Cannot read IP mode file for STMicroelectronics.X-CUBE-MEMS1.9.6.0
2023-11-18 20:56:53,411 [WARN] PackLoader:240 - Cannot read IP mode file for STMicroelectronics.X-CUBE-EEPRMA1.4.2.0
2023-11-18 20:56:53,430 [WARN] PackLoader:240 - Cannot read IP mode file for ITTIA_DB.I-CUBE-ITTIADB.8.8.0
2023-11-18 20:56:53,450 [WARN] PackLoader:240 - Cannot read IP mode file for emotas.I-CUBE-CANOPEN.1.1.3
2023-11-18 20:56:53,468 [WARN] PackLoader:240 - Cannot read IP mode file for STMicroelectronics.X-CUBE-BLEMGR.2.0.0
2023-11-18 20:56:53,514 [WARN] ConditionMgr:438 - getConditionDescription Invalid condition id : UX DEVICE CLASS RTOS Condition cause : null
2023-11-18 20:56:53,515 [WARN] ConditionMgr:438 - getConditionDescription Invalid condition id : UX DEVICE CLASS RTOS Condition cause : null
2023-11-18 20:56:53,520 [WARN] PackLoader:240 - Cannot read IP mode file for STMicroelectronics.X-CUBE-AZRTOS-H7.3.1.0
2023-11-18 20:56:53,523 [WARN] ConditionMgr:1039 - genDependencies : Invalid condition id : UX DEVICE CLASS RTOS Condition cause : null
2023-11-18 20:56:53,523 [WARN] ConditionMgr:1039 - genDependencies : Invalid condition id : UX DEVICE CLASS RTOS Condition cause : null
2023-11-18 20:56:53,524 [WARN] ConditionMgr:1039 - genDependencies : Invalid condition id : UX DEVICE CLASS RTOS Condition cause : null
2023-11-18 20:56:53,525 [WARN] ConditionMgr:1039 - genDependencies : Invalid condition id : UX DEVICE CLASS RTOS Condition cause : null
2023-11-18 20:56:53,526 [WARN] ConditionMgr:1039 - genDependencies : Invalid condition id : UX DEVICE CLASS RTOS Condition cause : null
2023-11-18 20:56:53,546 [WARN] PackLoader:240 - Cannot read IP mode file for STMicroelectronics.X-CUBE-NFC7.1.0.1
2023-11-18 20:56:53,587 [WARN] PackLoader:240 - Cannot read IP mode file for STMicroelectronics.X-CUBE-NFC7.1.0.0
2023-11-18 20:56:53,607 [WARN] PackLoader:240 - Cannot read IP mode file for STMicroelectronics.X-CUBE-NFC6.3.0.0
2023-11-18 20:56:53,629 [WARN] PackLoader:240 - Cannot read IP mode file for STMicroelectronics.X-CUBE-EEPRMA1.4.1.0
2023-11-18 20:56:53,647 [WARN] PackLoader:240 - Cannot read IP mode file for STMicroelectronics.X-CUBE-AI.8.1.0
2023-11-18 20:56:53,692 [WARN] ConditionMgr:438 - getConditionDescription Invalid condition id : LAN8742 Phy interface Condition cause : null
2023-11-18 20:56:53,693 [WARN] PackLoader:240 - Cannot read IP mode file for STMicroelectronics.X-CUBE-AZRTOS-L4.2.0.0
2023-11-18 20:56:53,696 [WARN] ConditionMgr:1039 - genDependencies : Invalid condition id : LAN8742 Phy interface Condition cause : null
2023-11-18 20:56:53,696 [WARN] ConditionMgr:1039 - genDependencies : Invalid condition id : LAN8742 Phy interface Condition cause : null
2023-11-18 20:56:53,697 [WARN] ConditionMgr:1039 - genDependencies : Invalid condition id : LAN8742 Phy interface Condition cause : null
2023-11-18 20:56:53,728 [WARN] PackLoader:240 - Cannot read IP mode file for STMicroelectronics.X-CUBE-SFXS2LP1.4.0.0
2023-11-18 20:56:53,745 [WARN] PackLoader:240 - Cannot read IP mode file for STMicroelectronics.X-CUBE-ISPU.1.1.0
2023-11-18 20:56:53,777 [WARN] ConditionMgr:438 - getConditionDescription Invalid condition id : UX DEVICE CLASS RTOS Condition cause : null
2023-11-18 20:56:53,778 [WARN] ConditionMgr:438 - getConditionDescription Invalid condition id : UX DEVICE CLASS RTOS Condition cause : null
2023-11-18 20:56:53,780 [WARN] PackLoader:240 - Cannot read IP mode file for STMicroelectronics.X-CUBE-AZRTOS-WB.2.0.0
2023-11-18 20:56:53,781 [WARN] ConditionMgr:1039 - genDependencies : Invalid condition id : UX DEVICE CLASS RTOS Condition cause : null
2023-11-18 20:56:53,781 [WARN] ConditionMgr:1039 - genDependencies : Invalid condition id : UX DEVICE CLASS RTOS Condition cause : null
2023-11-18 20:56:53,782 [WARN] ConditionMgr:1039 - genDependencies : Invalid condition id : UX DEVICE CLASS RTOS Condition cause : null
2023-11-18 20:56:53,782 [WARN] ConditionMgr:1039 - genDependencies : Invalid condition id : UX DEVICE CLASS RTOS Condition cause : null
2023-11-18 20:56:53,782 [WARN] ConditionMgr:1039 - genDependencies : Invalid condition id : UX DEVICE CLASS RTOS Condition cause : null
2023-11-18 20:56:53,796 [WARN] PackLoader:240 - Cannot read IP mode file for STMicroelectronics.X-CUBE-FREERTOS.1.0.1
2023-11-18 20:56:53,822 [WARN] PackLoader:240 - Cannot read IP mode file for STMicroelectronics.X-CUBE-AZRTOS-L5.1.1.0
2023-11-18 20:56:53,835 [WARN] PackLoader:240 - Cannot read IP mode file for STMicroelectronics.X-CUBE-AI.8.0.1
2023-11-18 20:56:53,855 [WARN] PackLoader:240 - Cannot read IP mode file for STMicroelectronics.X-CUBE-SUBG2.5.0.0
2023-11-18 20:56:53,882 [WARN] PackLoader:240 - Cannot read IP mode file for STMicroelectronics.X-CUBE-TOF1.3.3.1
2023-11-18 20:56:53,928 [WARN] PackLoader:240 - Cannot read IP mode file for STMicroelectronics.X-CUBE-AZRTOS-G4.2.0.0
2023-11-18 20:56:53,960 [WARN] PackLoader:240 - Cannot read IP mode file for STMicroelectronics.X-CUBE-TOF1.3.3.0
2023-11-18 20:56:53,995 [WARN] PackLoader:240 - Cannot read IP mode file for Infineon.AIROC-Wi-Fi-Bluetooth-STM32.1.5.1
2023-11-18 20:56:54,010 [WARN] PackLoader:240 - Cannot read IP mode file for STMicroelectronics.FP-SNS-MOTENVWB1.1.3.0
2023-11-18 20:56:54,046 [WARN] PackLoader:240 - Cannot read IP mode file for STMicroelectronics.X-CUBE-AZRTOS-L4.1.0.0
2023-11-18 20:56:54,107 [WARN] PackLoader:240 - Cannot read IP mode file for STMicroelectronics.X-CUBE-MEMS1.10.0.0
2023-11-18 20:56:54,232 [WARN] PackLoader:240 - Cannot read IP mode file for STMicroelectronics.X-CUBE-FREERTOS.1.1.0
2023-11-18 20:56:54,257 [WARN] PackLoader:240 - Cannot read IP mode file for STMicroelectronics.X-CUBE-AZRTOS-WL.1.0.0
2023-11-18 20:56:54,273 [WARN] PackLoader:240 - Cannot read IP mode file for portGmbH.I-Cube-SoM-uGOAL.1.1.0
2023-11-18 20:56:54,287 [WARN] PackLoader:240 - Cannot read IP mode file for STMicroelectronics.X-CUBE-ALS.1.0.1
2023-11-18 20:56:54,316 [WARN] PackLoader:240 - Cannot read IP mode file for STMicroelectronics.X-CUBE-AZRTOS-WB.1.1.0
2023-11-18 20:56:54,337 [WARN] PackLoader:240 - Cannot read IP mode file for STMicroelectronics.FP-ATR-ASTRA1.2.0.0
2023-11-18 20:56:54,337 [INFO] ThirdParty:978 - Integrity check success = true
2023-11-18 20:56:54,337 [INFO] IntegrityCheckThread:100 - exiting critical section [integrity check]
2023-11-18 20:56:54,337 [INFO] IntegrityCheckThread:103 - End integrity checks thread
2023-11-18 20:56:54,971 [INFO] ApiDb:240 - Found 297 in-development CPN: [B-G473E-ZEST1S, B-WB1M-WPAN1, B-WL5M-SUBG1, NUCLEO-C031C6, NUCLEO-H503RB, NUCLEO-H563ZI, NUCLEO-U545RE-Q, NUCLEO-U5A5ZJ-Q, NUCLEO-WBA52CG, STEVAL-PROTEUS1, STEVAL-STWINBX1, STM320518-EVAL, STM32C0116-DK, STM32C011D6Y3TR, STM32C011D6Y6TR, STM32C011F4P3, STM32C011F4P6, STM32C011F4U3, STM32C011F4U6TR, STM32C011F6P3, STM32C011F6P6, STM32C011F6U3, STM32C011F6U6TR, STM32C011J4M3, STM32C011J4M6, STM32C011J6M3, STM32C011J6M6, STM32C0316-DK, STM32C031C4T3, STM32C031C4T6, STM32C031C4U3, STM32C031C4U6, STM32C031C6T3, STM32C031C6T6, STM32C031C6U3, STM32C031C6U6, STM32C031F4P3, STM32C031F4P6, STM32C031F6P3, STM32C031F6P6, STM32C031G4U3, STM32C031G4U6, STM32C031G6U3, STM32C031G6U6, STM32C031K4T3, STM32C031K4T6, STM32C031K4U3, STM32C031K4U6, STM32C031K6T3, STM32C031K6T6, STM32C031K6U3, STM32C031K6U6, STM32G071K8TXN, STM32G071K8UXN, STM32G081GBU6N, STM32G081KBT6N, STM32G081KBUXN, STM32G0B1CCT6N, STM32G0B1KCT6, STM32G0B1NEY6TR, STM32G0B1RCT6N, STM32G0C1CCT6, STM32G0C1CCT6N, STM32G0C1CCU6N, STM32G0C1CET6N, STM32G0C1CEU6N, STM32G0C1KCT6, STM32G0C1NEY6TR, STM32G0C1RCI6N, STM32G0C1RCT6N, STM32G0C1REI6N, STM32G0C1RET6N, STM32G0C1VCI6, STM32G0C1VEI6, STM32G471CCT6, STM32G471CCU6, STM32G471CET3, STM32G471CET6, STM32G471CEU3, STM32G471CEU6, STM32G471MCT6, STM32G471MET3, STM32G471MET6, STM32G471MEY6TR, STM32G471QCT6, STM32G471QET3, STM32G471RCT6, STM32G471RET3, STM32G471RET6, STM32G471VCH6, STM32G471VCI6, STM32G471VCT6, STM32G471VEH3, STM32G471VEH6, STM32G471VEI3, STM32G471VEI6, STM32G471VET3, STM32G471VET6, STM32G474CCT6, STM32H503CBT6, STM32H503CBU6, STM32H503EBY6TR, STM32H503KBU6, STM32H503RBT6, STM32H562AGI6, STM32H562AII6, STM32H562IGK6, STM32H562IGT6, STM32H562IIK6, STM32H562IIT6, STM32H562RGT6, STM32H562RGV6, STM32H562RIT6, STM32H562RIV6, STM32H562VGT6, STM32H562VIT6, STM32H562ZGT6, STM32H562ZIT6, STM32H563AGI6, STM32H563AII3Q, STM32H563AII6, STM32H563IGK6, STM32H563IGT6, STM32H563IIK3Q, STM32H563IIK6, STM32H563IIT3Q, STM32H563IIT6, STM32H563MIY3QTR, STM32H563RGT6, STM32H563RGV6, STM32H563RIT6, STM32H563RIV6, STM32H563VGT6, STM32H563VIT3Q, STM32H563VIT6, STM32H563ZGT6, STM32H563ZIT3Q, STM32H563ZIT6, STM32H573AII3Q, STM32H573AII6, STM32H573I-DK, STM32H573IIK3Q, STM32H573IIK6, STM32H573IIT3Q, STM32H573IIT6, STM32H573MIY3QTR, STM32H573RIT6, STM32H573RIV6, STM32H573VIT3Q, STM32H573VIT6, STM32H573ZIT3Q, STM32H573ZIT6, STM32L4R5QGI6STR, STM32MP131AAE3, STM32MP131AAF3, STM32MP131AAG3, STM32MP131CAE3, STM32MP131CAF3, STM32MP131CAG3, STM32MP131DAE7, STM32MP131DAF7, STM32MP131DAG7, STM32MP131FAE7, STM32MP131FAF7, STM32MP131FAG7, STM32MP133AAE3, STM32MP133AAF3, STM32MP133AAG3, STM32MP133CAE3, STM32MP133CAF3, STM32MP133CAG3, STM32MP133DAE7, STM32MP133DAF7, STM32MP133DAG7, STM32MP133FAE7, STM32MP133FAF7, STM32MP133FAG7, STM32MP135AAE3, STM32MP135AAF3, STM32MP135AAG3, STM32MP135CAE3, STM32MP135CAF3, STM32MP135CAG3, STM32MP135DAE7, STM32MP135DAF7, STM32MP135DAG7, STM32MP135F-DK, STM32MP135FAE7, STM32MP135FAF7, STM32MP135FAF7T, STM32MP135FAF7U, STM32MP135FAG7, STM32U535CBT6, STM32U535CBT6Q, STM32U535CBU6, STM32U535CBU6Q, STM32U535CCT6, STM32U535CCT6Q, STM32U535CCU6, STM32U535CCU6Q, STM32U535CET6, STM32U535CET6Q, STM32U535CEU6, STM32U535CEU6Q, STM32U535JEY6QTR, STM32U535NCY6QTR, STM32U535NEY6QTR, STM32U535RBI6, STM32U535RBI6Q, STM32U535RBT6, STM32U535RBT6Q, STM32U535RCI6, STM32U535RCI6Q, STM32U535RCT6, STM32U535RCT6Q, STM32U535REI6, STM32U535REI6Q, STM32U535RET6, STM32U535RET6Q, STM32U535VCI6, STM32U535VCI6Q, STM32U535VCT6, STM32U535VCT6Q, STM32U535VEI6, STM32U535VEI6Q, STM32U535VET6, STM32U535VET6Q, STM32U545CET6, STM32U545CET6Q, STM32U545CEU6, STM32U545CEU6Q, STM32U545JEY6QTR, STM32U545NEY6QTR, STM32U545REI6, STM32U545REI6Q, STM32U545RET6, STM32U545RET6Q, STM32U545VEI6, STM32U545VEI6Q, STM32U545VET6, STM32U545VET6Q, STM32U595AIH6, STM32U595AIH6Q, STM32U595AJH6, STM32U595AJH6Q, STM32U595QII6, STM32U595QII6Q, STM32U595QJI6, STM32U595QJI6Q, STM32U595RIT6, STM32U595RIT6Q, STM32U595RJT6, STM32U595RJT6Q, STM32U595VIT6, STM32U595VIT6Q, STM32U595VJT6, STM32U595VJT6Q, STM32U595ZIT6, STM32U595ZIT6Q, STM32U595ZIY6QTR, STM32U595ZJT6, STM32U595ZJT6Q, STM32U595ZJY6QTR, STM32U599BJY6QTR, STM32U599NIH6Q, STM32U599NJH6Q, STM32U599VIT6Q, STM32U599VJT6, STM32U599VJT6Q, STM32U599ZIT6Q, STM32U599ZIY6QTR, STM32U599ZJT6Q, STM32U599ZJY6QTR, STM32U5A5AJH6, STM32U5A5AJH6Q, STM32U5A5QJI6, STM32U5A5QJI6Q, STM32U5A5RJT6, STM32U5A5RJT6Q, STM32U5A5VJT6, STM32U5A5VJT6Q, STM32U5A5ZJT6, STM32U5A5ZJT6Q, STM32U5A5ZJY6QTR, STM32U5A9BJY6QTR, STM32U5A9J-DK, STM32U5A9NJH6Q, STM32U5A9VJT6Q, STM32U5A9ZJT6Q, STM32U5A9ZJY6QTR, STM32WB1MMCH6, STM32WBA52CEU6, STM32WBA52CEU6T, STM32WBA52CGU6, STM32WBA52CGU6T, STM32WL5MOCH6, STM32WL5MOCH6TR]
2023-11-18 20:56:54,976 [INFO] DbMcus:216 - Found 3825 MCUs, 3825 are supported
2023-11-18 20:56:54,984 [INFO] ApiDb:423 - Load user favorites file C:\Users\mrchl/.stm32cubeide/favorites.mcus.txt: 1 item(s)
2023-11-18 20:56:54,984 [INFO] ApiDb:427 - User favorites MCUs=[STM32C011F4P6]
2023-11-18 20:56:54,984 [INFO] DbMcus:222 - Set 1 / 1 favorites MCUs
2023-11-18 20:56:55,542 [INFO] BoardInfo:880 - No configuration file found for board P-NUCLEO-WB55
2023-11-18 20:56:55,557 [INFO] DbBoards:157 - Kit is not supported: P-NUCLEO-WB55
2023-11-18 20:56:55,564 [INFO] BoardInfo:880 - No configuration file found for board STEVAL-BFA001V1B
2023-11-18 20:56:55,564 [INFO] DbBoards:157 - Kit is not supported: STEVAL-BFA001V1B
2023-11-18 20:56:55,566 [INFO] BoardInfo:880 - No configuration file found for board STEVAL-BFA001V2B
2023-11-18 20:56:55,566 [INFO] DbBoards:157 - Kit is not supported: STEVAL-BFA001V2B
2023-11-18 20:56:55,574 [INFO] BoardInfo:880 - No configuration file found for board STEVAL-SMARTAG2
2023-11-18 20:56:55,574 [INFO] DbBoards:157 - Board is not supported: STEVAL-SMARTAG2
2023-11-18 20:56:55,729 [INFO] DbBoards:161 - Found 188 boards, 184 are supported
2023-11-18 20:56:55,731 [INFO] ApiDb:423 - Load user favorites file C:\Users\mrchl/.stm32cubeide/favorites.boards.txt: 0 item(s)
2023-11-18 20:56:55,731 [INFO] ApiDb:427 - User favorites Boards=[]
2023-11-18 20:56:55,732 [INFO] DbBoards:190 - Set 0 / 0 favorites Boards
2023-11-18 20:56:55,732 [INFO] McuFinderGlobals:66 - Set McuFinderConnectedMode to true
2023-11-18 20:56:55,740 [INFO] MultiScanPanel:200 - Auto-refresh data requested => check proxy status ongoing
2023-11-18 20:56:55,743 [INFO] FinderPluginLoader:95 - Searching for filters in installed packs
2023-11-18 20:56:57,611 [INFO] LoadUrlFilesThread:185 - End of LoadServerUrlFiles without Thread
2023-11-18 20:56:57,622 [INFO] DetailPanel:341 - Set advertising image to C:/Users/mrchl/STM32Cube/Repository/\en.prom-stm32h5-mcu-finder.jpg
2023-11-18 20:57:30,971 [INFO] MainUpdater:2854 - connection check result : 10
2023-11-18 20:57:31,198 [INFO] McuFinderGlobals:66 - Set McuFinderConnectedMode to true
2023-11-18 20:57:31,199 [INFO] MultiScanPanel:200 - Auto-refresh data requested => check proxy status ongoing
2023-11-18 20:57:31,200 [INFO] FinderPluginLoader:95 - Searching for filters in installed packs
2023-11-18 20:57:32,187 [INFO] LoadUrlFilesThread:185 - End of LoadServerUrlFiles without Thread
2023-11-18 20:57:32,187 [INFO] DetailPanel:341 - Set advertising image to C:/Users/mrchl/STM32Cube/Repository/\en.prom-stm32h5-mcu-finder.jpg
2023-11-18 20:58:16,477 [INFO] MainUpdater:2854 - connection check result : 10
2023-11-18 20:58:16,478 [INFO] MainUpdater:2854 - connection check result : 10
2023-11-18 20:58:16,565 [INFO] MicroXplorer:468 - Change Database Path : 
2023-11-18 20:58:16,565 [INFO] MicroXplorer:498 - Change Database Version : DB.6.0.81
2023-11-18 20:58:16,566 [WARN] ThirdParty:871 - waiting for thirdparty lock release [close project]
2023-11-18 20:58:16,566 [INFO] ThirdParty:873 - entering critical section [close project]
2023-11-18 20:58:16,567 [INFO] ThirdParty:883 - exiting critical section [close project]
2023-11-18 20:58:16,577 [INFO] PinOutPanel:1499 - setPackage(No Configuration,No Configuration)
2023-11-18 20:58:16,584 [INFO] UtilMem:75 - Begin LoadConfig() Used Memory: 609493136 Bytes (667942912)
2023-11-18 20:58:16,585 [INFO] MicroXplorer:468 - Change Database Path : 
2023-11-18 20:58:16,585 [INFO] MicroXplorer:498 - Change Database Version : DB.6.0.81
2023-11-18 20:58:16,585 [INFO] OpenFileManager:308 - Change cursor
2023-11-18 20:58:16,642 [INFO] Mcu:1937 - Initializing MCU STM32L476R(C-E-G)Tx STM32L476RGTx STM32L476RGT3
2023-11-18 20:58:20,729 [INFO] Context:659 - Trying to add GPIOservice into a context  which must be forbidden
2023-11-18 20:58:22,333 [INFO] RtosManager:555 - Registered RTOS mode: class=CMSIS, group=RTOS, mode=CMSIS_V1, owner=FREERTOS
2023-11-18 20:58:22,333 [INFO] RtosManager:555 - Registered RTOS mode: class=CMSIS, group=RTOS2, mode=CMSIS_V2, owner=FREERTOS
2023-11-18 20:58:22,333 [INFO] RtosManager:555 - Registered RTOS mode: class=RTOS, group=Core, mode=CMSIS_V1, owner=FREERTOS
2023-11-18 20:58:22,333 [INFO] RtosManager:555 - Registered RTOS mode: class=RTOS, group=Core, mode=CMSIS_V2, owner=FREERTOS
2023-11-18 20:58:22,334 [WARN] ModelIntegratedComponent:184 - Missing modes for component STMicroelectronics:FreeRTOS:0.0.1:STMicroelectronics:RTOS:FreeRTOS:Core:::10.2.0:
2023-11-18 20:58:22,365 [WARN] ModelIntegratedComponent:63 - No mode defined for component null
2023-11-18 20:58:22,366 [WARN] ModelIntegratedComponent:63 - No mode defined for component null
2023-11-18 20:58:22,366 [WARN] ModelIntegratedComponent:63 - No mode defined for component null
2023-11-18 20:58:22,366 [WARN] ModelIntegratedComponent:63 - No mode defined for component null
2023-11-18 20:58:22,366 [WARN] ModelIntegratedComponent:63 - No mode defined for component null
2023-11-18 20:58:22,366 [WARN] ModelIntegratedComponent:63 - No mode defined for component null
2023-11-18 20:58:22,366 [WARN] ModelIntegratedComponent:63 - No mode defined for component null
2023-11-18 20:58:22,366 [WARN] ModelIntegratedComponent:63 - No mode defined for component null
2023-11-18 20:58:22,366 [WARN] ModelIntegratedComponent:63 - No mode defined for component null
2023-11-18 20:58:22,367 [WARN] ModelIntegratedComponent:63 - No mode defined for component null
2023-11-18 20:58:22,367 [WARN] ModelIntegratedComponent:63 - No mode defined for component null
2023-11-18 20:58:22,367 [WARN] ModelIntegratedComponent:63 - No mode defined for component null
2023-11-18 20:58:22,367 [WARN] ModelIntegratedComponent:63 - No mode defined for component null
2023-11-18 20:58:22,367 [WARN] ModelIntegratedComponent:63 - No mode defined for component null
2023-11-18 20:58:22,367 [WARN] ModelIntegratedComponent:63 - No mode defined for component null
2023-11-18 20:58:22,367 [WARN] ModelIntegratedComponent:63 - No mode defined for component null
2023-11-18 20:58:22,368 [WARN] ModelIntegratedComponent:63 - No mode defined for component null
2023-11-18 20:58:22,368 [WARN] ModelIntegratedComponent:63 - No mode defined for component null
2023-11-18 20:58:22,368 [WARN] ModelIntegratedComponent:63 - No mode defined for component null
2023-11-18 20:58:22,368 [WARN] ModelIntegratedComponent:63 - No mode defined for component null
2023-11-18 20:58:22,369 [WARN] ModelIntegratedComponent:63 - No mode defined for component null
2023-11-18 20:58:22,369 [WARN] ModelIntegratedComponent:63 - No mode defined for component null
2023-11-18 20:58:22,369 [WARN] ModelIntegratedComponent:63 - No mode defined for component null
2023-11-18 20:58:22,370 [WARN] ModelIntegratedComponent:63 - No mode defined for component null
2023-11-18 20:58:22,370 [WARN] ModelIntegratedComponent:63 - No mode defined for component null
2023-11-18 20:58:22,370 [WARN] ModelIntegratedComponent:63 - No mode defined for component null
2023-11-18 20:58:22,371 [WARN] ModelIntegratedComponent:63 - No mode defined for component null
2023-11-18 20:58:22,371 [WARN] ModelIntegratedComponent:63 - No mode defined for component null
2023-11-18 20:58:22,371 [WARN] ModelIntegratedComponent:63 - No mode defined for component null
2023-11-18 20:58:22,371 [WARN] ModelIntegratedComponent:63 - No mode defined for component null
2023-11-18 20:58:22,372 [WARN] ModelIntegratedComponent:63 - No mode defined for component null
2023-11-18 20:58:22,372 [WARN] ModelIntegratedComponent:63 - No mode defined for component null
2023-11-18 20:58:22,372 [WARN] ModelIntegratedComponent:63 - No mode defined for component null
2023-11-18 20:58:22,579 [INFO] ThirdPartyModel:298 - Start build external matchings
2023-11-18 20:58:24,126 [INFO] ThirdPartyModel:316 - End build external matchings
2023-11-18 20:58:24,775 [INFO] UtilMem:75 - End LoadConfig() Used Memory: 594174960 Bytes (667942912)
2023-11-18 20:58:24,948 [WARN] ThirdParty:833 - waiting for thirdparty lock release [change project]
2023-11-18 20:58:24,948 [INFO] ThirdParty:835 - entering critical section [change project]
2023-11-18 20:58:24,948 [INFO] ThirdParty:1030 - CMSIS Pack Vendor :STMicroelectronics X-CUBE-ISPU 1.1.0
2023-11-18 20:58:24,948 [INFO] ThirdParty:1030 - CMSIS Pack Vendor :STMicroelectronics X-CUBE-GNSS1 6.0.0
2023-11-18 20:58:24,951 [INFO] ThirdParty:1030 - CMSIS Pack Vendor :STMicroelectronics USB_HOST 2.0.0
2023-11-18 20:58:24,951 [INFO] ThirdParty:1030 - CMSIS Pack Vendor :STMicroelectronics X-CUBE-AZRTOS-F4 1.1.0
2023-11-18 20:58:24,951 [INFO] ThirdParty:1030 - CMSIS Pack Vendor :STMicroelectronics LIBJPEG 8.0.0
2023-11-18 20:58:24,951 [INFO] ThirdParty:1030 - CMSIS Pack Vendor :STMicroelectronics X-CUBE-SMBUS 2.1.0
2023-11-18 20:58:24,951 [INFO] ThirdParty:1030 - CMSIS Pack Vendor :wolfSSL I-CUBE-wolfSSL 5.6.0
2023-11-18 20:58:24,951 [INFO] ThirdParty:1030 - CMSIS Pack Vendor :STMicroelectronics USB_DEVICE 3.0.0
2023-11-18 20:58:24,951 [INFO] ThirdParty:1030 - CMSIS Pack Vendor :STMicroelectronics X-CUBE-AZRTOS-WB 2.0.0
2023-11-18 20:58:24,951 [INFO] ThirdParty:1030 - CMSIS Pack Vendor :STMicroelectronics X-CUBE-FREERTOS 1.0.1
2023-11-18 20:58:24,951 [INFO] ThirdParty:1030 - CMSIS Pack Vendor :STMicroelectronics X-CUBE-AZRTOS-F7 1.1.0
2023-11-18 20:58:24,951 [INFO] ThirdParty:1030 - CMSIS Pack Vendor :STMicroelectronics X-CUBE-TOUCHGFX 4.21.4
2023-11-18 20:58:24,952 [INFO] ThirdParty:1030 - CMSIS Pack Vendor :STMicroelectronics X-CUBE-AZRTOS-L5 2.0.0
2023-11-18 20:58:24,952 [INFO] ThirdParty:1030 - CMSIS Pack Vendor :STMicroelectronics USB_DEVICE 2.0.0
2023-11-18 20:58:24,952 [INFO] ThirdParty:1030 - CMSIS Pack Vendor :STMicroelectronics X-CUBE-MEMS1 9.6.0
2023-11-18 20:58:24,952 [INFO] ThirdParty:1030 - CMSIS Pack Vendor :STMicroelectronics X-CUBE-EEPRMA1 4.2.0
2023-11-18 20:58:24,952 [INFO] ThirdParty:1030 - CMSIS Pack Vendor :ITTIA_DB I-CUBE-ITTIADB 8.8.0
2023-11-18 20:58:24,952 [INFO] ThirdParty:1030 - CMSIS Pack Vendor :STMicroelectronics FP-SNS-MOTENV1 4.3.0
2023-11-18 20:58:24,952 [INFO] ThirdParty:1030 - CMSIS Pack Vendor :STMicroelectronics FP-SNS-MOTENV1 4.3.2
2023-11-18 20:58:24,952 [INFO] ThirdParty:1030 - CMSIS Pack Vendor :STMicroelectronics FP-SNS-FLIGHT1 5.0.0
2023-11-18 20:58:24,952 [INFO] ThirdParty:1030 - CMSIS Pack Vendor :STMicroelectronics FP-SNS-MOTENV1 4.3.1
2023-11-18 20:58:24,952 [INFO] ThirdParty:1030 - CMSIS Pack Vendor :STMicroelectronics FP-SNS-FLIGHT1 5.0.1
2023-11-18 20:58:24,952 [INFO] ThirdParty:1030 - CMSIS Pack Vendor :STMicroelectronics X-CUBE-ALGOBUILD 1.3.0
2023-11-18 20:58:24,953 [INFO] ThirdParty:1030 - CMSIS Pack Vendor :STMicroelectronics X-CUBE-BLE1 6.2.4
2023-11-18 20:58:24,953 [INFO] ThirdParty:1030 - CMSIS Pack Vendor :STMicroelectronics X-CUBE-AZRTOS-L5 1.1.0
2023-11-18 20:58:24,953 [INFO] ThirdParty:1030 - CMSIS Pack Vendor :STMicroelectronics FreeRTOS 0.0.1
2023-11-18 20:58:24,953 [INFO] ThirdParty:1030 - CMSIS Pack Vendor :STMicroelectronics X-CUBE-AZRTOS-G0 1.1.0
2023-11-18 20:58:24,953 [INFO] ThirdParty:1030 - CMSIS Pack Vendor :emotas I-CUBE-CANOPEN 1.1.3
2023-11-18 20:58:24,953 [INFO] ThirdParty:1030 - CMSIS Pack Vendor :STMicroelectronics X-CUBE-BLEMGR 2.0.0
2023-11-18 20:58:24,953 [INFO] ThirdParty:1030 - CMSIS Pack Vendor :STMicroelectronics X-CUBE-AI 8.0.1
2023-11-18 20:58:24,953 [INFO] ThirdParty:1030 - CMSIS Pack Vendor :STMicroelectronics X-CUBE-NFC4 3.0.0
2023-11-18 20:58:24,953 [INFO] ThirdParty:1030 - CMSIS Pack Vendor :STMicroelectronics X-CUBE-SUBG2 5.0.0
2023-11-18 20:58:24,953 [INFO] ThirdParty:1030 - CMSIS Pack Vendor :STMicroelectronics STM32_WPAN 1.0.0
2023-11-18 20:58:24,953 [INFO] ThirdParty:1030 - CMSIS Pack Vendor :STMicroelectronics lwIP 2.0.3
2023-11-18 20:58:24,953 [INFO] ThirdParty:1030 - CMSIS Pack Vendor :STMicroelectronics FP-SNS-FLIGHT1 5.0.2
2023-11-18 20:58:24,953 [INFO] ThirdParty:1030 - CMSIS Pack Vendor :STMicroelectronics USB_HOST 1.0.0
2023-11-18 20:58:24,954 [INFO] ThirdParty:1030 - CMSIS Pack Vendor :STMicroelectronics X-CUBE-TOF1 3.3.1
2023-11-18 20:58:24,954 [INFO] ThirdParty:1030 - CMSIS Pack Vendor :STMicroelectronics X-CUBE-AZRTOS-G4 2.0.0
2023-11-18 20:58:24,954 [INFO] ThirdParty:1030 - CMSIS Pack Vendor :STMicroelectronics PDM2PCM 3.1.0
2023-11-18 20:58:24,954 [INFO] ThirdParty:1030 - CMSIS Pack Vendor :STMicroelectronics X-CUBE-AZRTOS-H7 3.1.0
2023-11-18 20:58:24,954 [INFO] ThirdParty:1030 - CMSIS Pack Vendor :STMicroelectronics X-CUBE-TOF1 3.3.0
2023-11-18 20:58:24,954 [INFO] ThirdParty:1030 - CMSIS Pack Vendor :Infineon AIROC-Wi-Fi-Bluetooth-STM32 1.5.1
2023-11-18 20:58:24,954 [INFO] ThirdParty:1030 - CMSIS Pack Vendor :STMicroelectronics X-CUBE-BLEMGR 3.0.0
2023-11-18 20:58:24,955 [INFO] ThirdParty:1030 - CMSIS Pack Vendor :STMicroelectronics PDM2PCM 3.3.0
2023-11-18 20:58:24,955 [INFO] ThirdParty:1030 - CMSIS Pack Vendor :STMicroelectronics X-CUBE-DISPLAY 3.0.0
2023-11-18 20:58:24,955 [INFO] ThirdParty:1030 - CMSIS Pack Vendor :STMicroelectronics FP-SNS-MOTENVWB1 1.3.0
2023-11-18 20:58:24,955 [INFO] ThirdParty:1030 - CMSIS Pack Vendor :STMicroelectronics X-CUBE-BLE1 7.0.0
2023-11-18 20:58:24,955 [INFO] ThirdParty:1030 - CMSIS Pack Vendor :STMicroelectronics FP-ATR-SIGFOX1 3.2.0
2023-11-18 20:58:24,955 [INFO] ThirdParty:1030 - CMSIS Pack Vendor :STMicroelectronics X-CUBE-AZRTOS-L4 1.0.0
2023-11-18 20:58:24,955 [INFO] ThirdParty:1030 - CMSIS Pack Vendor :STMicroelectronics HAL Drivers 0.0.0
2023-11-18 20:58:24,955 [INFO] ThirdParty:1030 - CMSIS Pack Vendor :STMicroelectronics MBEDTLS 2.16.2
2023-11-18 20:58:24,955 [INFO] ThirdParty:1030 - CMSIS Pack Vendor :STMicroelectronics X-CUBE-MEMS1 10.0.0
2023-11-18 20:58:24,956 [INFO] ThirdParty:1030 - CMSIS Pack Vendor :STMicroelectronics X-CUBE-FREERTOS 1.1.0
2023-11-18 20:58:24,956 [INFO] ThirdParty:1030 - CMSIS Pack Vendor :STMicroelectronics X-CUBE-TOUCHGFX 4.22.0
2023-11-18 20:58:24,956 [INFO] ThirdParty:1030 - CMSIS Pack Vendor :STMicroelectronics X-CUBE-NFC7 1.0.1
2023-11-18 20:58:24,956 [INFO] ThirdParty:1030 - CMSIS Pack Vendor :STMicroelectronics MBEDTLS 2.14.1
2023-11-18 20:58:24,957 [INFO] ThirdParty:1030 - CMSIS Pack Vendor :STMicroelectronics X-CUBE-NFC7 1.0.0
2023-11-18 20:58:24,957 [INFO] ThirdParty:1030 - CMSIS Pack Vendor :STMicroelectronics X-CUBE-TOUCHGFX 4.22.1
2023-11-18 20:58:24,958 [INFO] ThirdParty:1030 - CMSIS Pack Vendor :STMicroelectronics X-CUBE-AZRTOS-WL 1.0.0
2023-11-18 20:58:24,958 [INFO] ThirdParty:1030 - CMSIS Pack Vendor :STMicroelectronics X-CUBE-NFC6 3.0.0
2023-11-18 20:58:24,959 [INFO] ThirdParty:1030 - CMSIS Pack Vendor :STMicroelectronics X-CUBE-EEPRMA1 4.1.0
2023-11-18 20:58:24,959 [INFO] ThirdParty:1030 - CMSIS Pack Vendor :portGmbH I-Cube-SoM-uGOAL 1.1.0
2023-11-18 20:58:24,960 [INFO] ThirdParty:1030 - CMSIS Pack Vendor :STMicroelectronics X-CUBE-ALS 1.0.1
2023-11-18 20:58:24,960 [INFO] ThirdParty:1030 - CMSIS Pack Vendor :STMicroelectronics ThreadX 1.0.0
2023-11-18 20:58:24,960 [INFO] ThirdParty:1030 - CMSIS Pack Vendor :STMicroelectronics FP-SNS-SMARTAG2 1.2.0
2023-11-18 20:58:24,960 [INFO] ThirdParty:1030 - CMSIS Pack Vendor :STMicroelectronics X-CUBE-AZRTOS-WB 1.1.0
2023-11-18 20:58:24,960 [INFO] ThirdParty:1030 - CMSIS Pack Vendor :STMicroelectronics X-CUBE-AZRTOS-WL 2.0.0
2023-11-18 20:58:24,960 [INFO] ThirdParty:1030 - CMSIS Pack Vendor :SEGGER I-CUBE-embOS 1.3.1
2023-11-18 20:58:24,960 [INFO] ThirdParty:1030 - CMSIS Pack Vendor :STMicroelectronics USB_DEVICE 1.0.0
2023-11-18 20:58:24,960 [INFO] ThirdParty:1030 - CMSIS Pack Vendor :STMicroelectronics X-CUBE-AI 8.1.0
2023-11-18 20:58:24,960 [INFO] ThirdParty:1030 - CMSIS Pack Vendor :STMicroelectronics X-CUBE-AZRTOS-L4 2.0.0
2023-11-18 20:58:24,960 [INFO] ThirdParty:1030 - CMSIS Pack Vendor :STMicroelectronics ThreadX 0.0.2
2023-11-18 20:58:24,961 [INFO] ThirdParty:1030 - CMSIS Pack Vendor :WES I-CUBE-Cesium 1.3.0
2023-11-18 20:58:24,961 [INFO] ThirdParty:1030 - CMSIS Pack Vendor :STMicroelectronics FP-ATR-ASTRA1 2.0.0
2023-11-18 20:58:24,961 [INFO] ThirdParty:1030 - CMSIS Pack Vendor :STMicroelectronics lwIP 2.1.2
2023-11-18 20:58:24,961 [INFO] ThirdParty:1030 - CMSIS Pack Vendor :STMicroelectronics X-CUBE-SFXS2LP1 4.0.0
2023-11-18 20:58:24,961 [INFO] ThirdParty:1030 - CMSIS Pack Vendor :STMicroelectronics X-CUBE-BLE2 3.3.0
2023-11-18 20:58:24,961 [INFO] ThirdParty:1030 - CMSIS Pack Vendor :STMicroelectronics PDM2PCM 3.2.0
2023-11-18 20:58:24,961 [INFO] ThirdParty:841 - exiting critical section [change project]
2023-11-18 20:58:25,710 [INFO] PinOutPanel:1499 - setPackage(No Configuration,No Configuration)
2023-11-18 20:58:25,713 [INFO] PinOutPanel:1499 - setPackage(STM32L476RGTx,LQFP64)
2023-11-18 20:58:26,701 [INFO] UtilMem:75 - Before build in PCC Used Memory: 571552704 Bytes (667942912)
2023-11-18 20:58:28,138 [INFO] UtilMem:75 - After build in PCC Used Memory: 567818992 Bytes (667942912)
2023-11-18 20:58:28,192 [INFO] IPUIPlugin:80 - create IPUIPlugin
2023-11-18 20:58:28,193 [INFO] IPUIPlugin:80 - create IPUIPlugin
2023-11-18 20:58:28,193 [INFO] IPUIPlugin:80 - create IPUIPlugin
2023-11-18 20:58:28,193 [INFO] IPUIPlugin:80 - create IPUIPlugin
2023-11-18 20:58:28,193 [INFO] IPUIPlugin:80 - create IPUIPlugin
2023-11-18 20:58:28,193 [INFO] IPUIPlugin:80 - create IPUIPlugin
2023-11-18 20:58:28,194 [INFO] IPUIPlugin:80 - create IPUIPlugin
2023-11-18 20:58:28,194 [INFO] IPUIPlugin:80 - create IPUIPlugin
2023-11-18 20:58:28,194 [INFO] IPUIPlugin:80 - create IPUIPlugin
2023-11-18 20:58:28,194 [INFO] IPUIPlugin:80 - create IPUIPlugin
2023-11-18 20:58:28,195 [INFO] IPUIPlugin:80 - create IPUIPlugin
2023-11-18 20:58:28,195 [INFO] IPUIPlugin:80 - create IPUIPlugin
2023-11-18 20:58:28,195 [INFO] IPUIPlugin:80 - create IPUIPlugin
2023-11-18 20:58:28,195 [INFO] IPUIPlugin:80 - create IPUIPlugin
2023-11-18 20:58:28,195 [INFO] IPUIPlugin:80 - create IPUIPlugin
2023-11-18 20:58:28,196 [INFO] IPUIPlugin:80 - create IPUIPlugin
2023-11-18 20:58:28,196 [INFO] IPUIPlugin:80 - create IPUIPlugin
2023-11-18 20:58:28,196 [INFO] IPUIPlugin:80 - create IPUIPlugin
2023-11-18 20:58:28,197 [INFO] IPUIPlugin:80 - create IPUIPlugin
2023-11-18 20:58:28,197 [INFO] IPUIPlugin:80 - create IPUIPlugin
2023-11-18 20:58:28,198 [INFO] IPUIPlugin:80 - create IPUIPlugin
2023-11-18 20:58:28,198 [INFO] IPUIPlugin:80 - create IPUIPlugin
2023-11-18 20:58:28,198 [INFO] IPUIPlugin:80 - create IPUIPlugin
2023-11-18 20:58:28,199 [INFO] IPUIPlugin:80 - create IPUIPlugin
2023-11-18 20:58:28,199 [INFO] IPUIPlugin:80 - create IPUIPlugin
2023-11-18 20:58:28,199 [INFO] IPUIPlugin:80 - create IPUIPlugin
2023-11-18 20:58:28,199 [INFO] IPUIPlugin:80 - create IPUIPlugin
2023-11-18 20:58:28,200 [INFO] IPUIPlugin:80 - create IPUIPlugin
2023-11-18 20:58:28,200 [INFO] IPUIPlugin:80 - create IPUIPlugin
2023-11-18 20:58:28,200 [INFO] IPUIPlugin:80 - create IPUIPlugin
2023-11-18 20:58:28,200 [INFO] IPUIPlugin:80 - create IPUIPlugin
2023-11-18 20:58:28,201 [INFO] IPUIPlugin:80 - create IPUIPlugin
2023-11-18 20:58:28,201 [INFO] IPUIPlugin:80 - create IPUIPlugin
2023-11-18 20:58:28,201 [INFO] IPUIPlugin:80 - create IPUIPlugin
2023-11-18 20:58:28,201 [INFO] IPUIPlugin:80 - create IPUIPlugin
2023-11-18 20:58:28,202 [INFO] IPUIPlugin:80 - create IPUIPlugin
2023-11-18 20:58:28,202 [INFO] IPUIPlugin:80 - create IPUIPlugin
2023-11-18 20:58:28,202 [INFO] IPUIPlugin:80 - create IPUIPlugin
2023-11-18 20:58:28,202 [INFO] IPUIPlugin:80 - create IPUIPlugin
2023-11-18 20:58:28,203 [INFO] IPUIPlugin:80 - create IPUIPlugin
2023-11-18 20:58:28,210 [INFO] IPUIPlugin:80 - create IPUIPlugin
2023-11-18 20:58:28,211 [INFO] IPUIPlugin:80 - create IPUIPlugin
2023-11-18 20:58:28,212 [INFO] IPUIPlugin:80 - create IPUIPlugin
2023-11-18 20:58:28,213 [INFO] IPUIPlugin:80 - create IPUIPlugin
2023-11-18 20:58:28,213 [INFO] IPUIPlugin:80 - create IPUIPlugin
2023-11-18 20:58:28,214 [INFO] IPUIPlugin:80 - create IPUIPlugin
2023-11-18 20:58:28,214 [INFO] IPUIPlugin:80 - create IPUIPlugin
2023-11-18 20:58:28,215 [INFO] IPUIPlugin:80 - create IPUIPlugin
2023-11-18 20:58:28,215 [INFO] IPUIPlugin:80 - create IPUIPlugin
2023-11-18 20:58:28,215 [INFO] IPUIPlugin:80 - create IPUIPlugin
2023-11-18 20:58:28,216 [INFO] IPUIPlugin:80 - create IPUIPlugin
2023-11-18 20:58:28,216 [INFO] IPUIPlugin:80 - create IPUIPlugin
2023-11-18 20:58:28,217 [INFO] IPUIPlugin:80 - create IPUIPlugin
2023-11-18 20:58:28,217 [INFO] IPUIPlugin:80 - create IPUIPlugin
2023-11-18 20:58:28,217 [INFO] IPUIPlugin:80 - create IPUIPlugin
2023-11-18 20:58:28,219 [INFO] IPUIPlugin:80 - create IPUIPlugin
2023-11-18 20:58:28,220 [INFO] IPUIPlugin:80 - create IPUIPlugin
2023-11-18 20:58:28,220 [INFO] IPUIPlugin:80 - create IPUIPlugin
2023-11-18 20:58:28,221 [INFO] IPUIPlugin:80 - create IPUIPlugin
2023-11-18 20:58:28,477 [INFO] CADModel:165 - CPN selected for project levelSTM32L476RGT3
2023-11-18 20:58:28,478 [INFO] CADModel:114 - Register for checkConnection events
2023-11-18 20:58:28,529 [INFO] OpenFileManager:328 - Restore cursor
2023-11-18 20:58:31,234 [INFO] UtilMem:75 - End SaveConfig() Used Memory: 582515456 Bytes (667942912)
2023-11-18 20:58:31,329 [INFO] UtilMem:75 - End SaveConfig() Used Memory: 575003120 Bytes (667942912)
2023-11-18 20:58:32,067 [INFO] BlockDiagram:2759 - set Specific Code input for plugin: RCC
2023-11-18 20:58:32,067 [INFO] BlockDiagram:2759 - set Specific Code input for plugin: NVIC
2023-11-18 20:58:32,067 [INFO] BlockDiagram:2759 - set Specific Code input for plugin: GPIO
2023-11-18 20:58:32,069 [INFO] CodeGenerator:793 - code generatio: config db path: C:\ST\STM32CubeIDE_1.12.1\STM32CubeIDE\plugins\com.st.stm32cube.common.mx_6.8.1.202304191431\\db\
2023-11-18 20:58:32,583 [INFO] CodeEngine:255 - oldGeneratedFile, C:\Users\mrchl\STM32CubeIDE\workspace_1.12.1\ProjektWolne\ProjektWolne\MXTmpFiles\license.tmp_save
2023-11-18 20:58:33,239 [INFO] CodeEngine:279 - Generated code: C:\Users\mrchl\STM32CubeIDE\workspace_1.12.1\ProjektWolne\ProjektWolne\MXTmpFiles\license.tmp
2023-11-18 20:58:33,487 [INFO] CodeEngine:255 - oldGeneratedFile, C:\Users\mrchl\STM32CubeIDE\workspace_1.12.1\ProjektWolne\ProjektWolne\MXTmpFiles\gpio.tmp_save
2023-11-18 20:58:33,772 [INFO] CodeEngine:279 - Generated code: C:\Users\mrchl\STM32CubeIDE\workspace_1.12.1\ProjektWolne\ProjektWolne\MXTmpFiles\gpio.tmp
2023-11-18 20:58:33,792 [INFO] CodeEngine:255 - oldGeneratedFile, C:\Users\mrchl\STM32CubeIDE\workspace_1.12.1\ProjektWolne\ProjektWolne\Core\Src\stm32l4xx_it.c_save
2023-11-18 20:58:34,122 [INFO] CodeEngine:279 - Generated code: C:\Users\mrchl\STM32CubeIDE\workspace_1.12.1\ProjektWolne\ProjektWolne\Core\Src\stm32l4xx_it.c
2023-11-18 20:58:34,129 [INFO] CodeEngine:255 - oldGeneratedFile, C:\Users\mrchl\STM32CubeIDE\workspace_1.12.1\ProjektWolne\ProjektWolne\Core\Inc\stm32l4xx_it.h_save
2023-11-18 20:58:34,272 [INFO] CodeEngine:279 - Generated code: C:\Users\mrchl\STM32CubeIDE\workspace_1.12.1\ProjektWolne\ProjektWolne\Core\Inc\stm32l4xx_it.h
2023-11-18 20:58:34,403 [INFO] CodeEngine:255 - oldGeneratedFile, C:\Users\mrchl\STM32CubeIDE\workspace_1.12.1\ProjektWolne\ProjektWolne\Core\Src\stm32l4xx_hal_msp.c_save
2023-11-18 20:58:34,600 [INFO] CodeEngine:279 - Generated code: C:\Users\mrchl\STM32CubeIDE\workspace_1.12.1\ProjektWolne\ProjektWolne\Core\Src\stm32l4xx_hal_msp.c
2023-11-18 20:58:34,608 [INFO] CodeEngine:255 - oldGeneratedFile, C:\Users\mrchl\STM32CubeIDE\workspace_1.12.1\ProjektWolne\ProjektWolne\MXTmpFiles\system.tmp_save
2023-11-18 20:58:34,744 [INFO] CodeEngine:279 - Generated code: C:\Users\mrchl\STM32CubeIDE\workspace_1.12.1\ProjektWolne\ProjektWolne\MXTmpFiles\system.tmp
2023-11-18 20:58:34,759 [INFO] CodeEngine:311 - oldGeneratedFile, C:\Users\mrchl\STM32CubeIDE\workspace_1.12.1\ProjektWolne\ProjektWolne\Core\Inc\stm32l4xx_hal_conf.h_save
2023-11-18 20:58:34,991 [INFO] CodeEngine:335 - Generated code: C:\Users\mrchl\STM32CubeIDE\workspace_1.12.1\ProjektWolne\ProjektWolne\Core\Inc\stm32l4xx_hal_conf.h
2023-11-18 20:58:35,109 [INFO] CodeEngine:255 - oldGeneratedFile, C:\Users\mrchl\STM32CubeIDE\workspace_1.12.1\ProjektWolne\ProjektWolne\Core\Inc\main.h_save
2023-11-18 20:58:35,286 [INFO] CodeEngine:279 - Generated code: C:\Users\mrchl\STM32CubeIDE\workspace_1.12.1\ProjektWolne\ProjektWolne\Core\Inc\main.h
2023-11-18 20:58:35,292 [INFO] CodeEngine:255 - oldGeneratedFile, C:\Users\mrchl\STM32CubeIDE\workspace_1.12.1\ProjektWolne\ProjektWolne\Core\Src\main.c_save
2023-11-18 20:58:35,502 [INFO] CodeEngine:279 - Generated code: C:\Users\mrchl\STM32CubeIDE\workspace_1.12.1\ProjektWolne\ProjektWolne\Core\Src\main.c
2023-11-18 20:58:36,611 [INFO] ProjectBuilder:2996 - Time for Copy HAL[1] : 247mS.
2023-11-18 20:58:36,630 [INFO] ProjectBuilder:4304 - Project Generator version: 3.19.2
2023-11-18 20:58:37,091 [INFO] ConfigFileManager:1483 - The Die is : DIE415
2023-11-18 20:58:37,115 [INFO] ApiDbMcu:507 - Load IP Config File for FATFS
2023-11-18 20:58:37,131 [INFO] ApiDbMcu:507 - Load IP Config File for FREERTOS
2023-11-18 20:58:37,153 [INFO] ApiDbMcu:507 - Load IP Config File for TOUCHSENSING
2023-11-18 20:58:37,168 [INFO] ApiDbMcu:507 - Load IP Config File for USB_DEVICE
2023-11-18 20:58:37,184 [INFO] ApiDbMcu:507 - Load IP Config File for USB_HOST
2023-11-18 20:58:38,891 [INFO] LogOutputStream:77 - [STDOUT_REDIRECT] 
2023-11-18 20:58:43,305 [INFO] ProjectBuilder:4505 - Time for Generating toolchain IDE Files: 6675mS.
2023-11-18 20:58:43,307 [INFO] ProjectBuilder:2867 - Time for Copy CMSIS : 1mS.
2023-11-18 20:58:43,312 [INFO] ProjectBuilder:2867 - Time for Copy CMSIS : 0mS.
2023-11-18 20:58:45,182 [INFO] McuFinderGlobals:66 - Set McuFinderConnectedMode to true
2023-11-18 20:58:45,333 [INFO] ApiDb:448 - Save user favorites file C:\Users\mrchl/.stm32cubeide/favorites.mcus.txt: 1 item(s)
2023-11-18 20:58:45,334 [INFO] ApiDb:452 - User favorites MCUs=[STM32C011F4P6]
2023-11-18 20:58:45,890 [ERROR] LogOutputStream:75 - [STDERR_REDIRECT] Exception in thread "AWT-EventQueue-0" java.awt.IllegalComponentStateException: Native resources unavailable
2023-11-18 20:58:45,893 [ERROR] LogOutputStream:75 - [STDERR_REDIRECT] 	at java.desktop/sun.awt.windows.WWindowPeer.getScreenImOn(Native Method)
2023-11-18 20:58:45,895 [ERROR] LogOutputStream:75 - [STDERR_REDIRECT] 	at java.desktop/sun.awt.windows.WWindowPeer.updateGC(WWindowPeer.java:566)
2023-11-18 20:58:45,898 [ERROR] LogOutputStream:75 - [STDERR_REDIRECT] 	at java.desktop/java.awt.event.InvocationEvent.dispatch(InvocationEvent.java:313)
2023-11-18 20:58:45,899 [ERROR] LogOutputStream:75 - [STDERR_REDIRECT] 	at java.desktop/java.awt.EventQueue.dispatchEventImpl(EventQueue.java:770)
2023-11-18 20:58:45,901 [ERROR] LogOutputStream:75 - [STDERR_REDIRECT] 	at java.desktop/java.awt.EventQueue$4.run(EventQueue.java:721)
2023-11-18 20:58:45,903 [ERROR] LogOutputStream:75 - [STDERR_REDIRECT] 	at java.desktop/java.awt.EventQueue$4.run(EventQueue.java:715)
2023-11-18 20:58:45,906 [ERROR] LogOutputStream:75 - [STDERR_REDIRECT] 	at java.base/java.security.AccessController.doPrivileged(Native Method)
2023-11-18 20:58:45,910 [ERROR] LogOutputStream:75 - [STDERR_REDIRECT] 	at java.base/java.security.ProtectionDomain$JavaSecurityAccessImpl.doIntersectionPrivilege(ProtectionDomain.java:85)
2023-11-18 20:58:45,913 [ERROR] LogOutputStream:75 - [STDERR_REDIRECT] 	at java.base/java.security.ProtectionDomain$JavaSecurityAccessImpl.doIntersectionPrivilege(ProtectionDomain.java:95)
2023-11-18 20:58:45,916 [ERROR] LogOutputStream:75 - [STDERR_REDIRECT] 	at java.desktop/java.awt.EventQueue$5.run(EventQueue.java:745)
2023-11-18 20:58:45,919 [ERROR] LogOutputStream:75 - [STDERR_REDIRECT] 	at java.desktop/java.awt.EventQueue$5.run(EventQueue.java:743)
2023-11-18 20:58:45,920 [ERROR] LogOutputStream:75 - [STDERR_REDIRECT] 	at java.base/java.security.AccessController.doPrivileged(Native Method)
2023-11-18 20:58:45,923 [ERROR] LogOutputStream:75 - [STDERR_REDIRECT] 	at java.base/java.security.ProtectionDomain$JavaSecurityAccessImpl.doIntersectionPrivilege(ProtectionDomain.java:85)
2023-11-18 20:58:45,927 [ERROR] LogOutputStream:75 - [STDERR_REDIRECT] 	at java.desktop/java.awt.EventQueue.dispatchEvent(EventQueue.java:742)
2023-11-18 20:58:45,930 [ERROR] LogOutputStream:75 - [STDERR_REDIRECT] 	at java.desktop/java.awt.EventDispatchThread.pumpOneEventForFilters(EventDispatchThread.java:203)
2023-11-18 20:58:45,932 [ERROR] LogOutputStream:75 - [STDERR_REDIRECT] 	at java.desktop/java.awt.EventDispatchThread.pumpEventsForFilter(EventDispatchThread.java:124)
2023-11-18 20:58:45,937 [ERROR] LogOutputStream:75 - [STDERR_REDIRECT] 	at java.desktop/java.awt.EventDispatchThread.pumpEventsForHierarchy(EventDispatchThread.java:113)
2023-11-18 20:58:45,939 [ERROR] LogOutputStream:75 - [STDERR_REDIRECT] 	at java.desktop/java.awt.EventDispatchThread.pumpEvents(EventDispatchThread.java:109)
2023-11-18 20:58:45,944 [ERROR] LogOutputStream:75 - [STDERR_REDIRECT] 	at java.desktop/java.awt.EventDispatchThread.pumpEvents(EventDispatchThread.java:101)
2023-11-18 20:58:45,947 [ERROR] LogOutputStream:75 - [STDERR_REDIRECT] 	at java.desktop/java.awt.EventDispatchThread.run(EventDispatchThread.java:90)
2023-11-18 21:08:30,136 [INFO] UtilMem:75 - End SaveConfig() Used Memory: 569265648 Bytes (927989760)
2023-11-18 21:08:31,282 [INFO] UtilMem:75 - End SaveConfig() Used Memory: 575236048 Bytes (927989760)
2023-11-18 21:08:33,182 [INFO] UtilMem:75 - End SaveConfig() Used Memory: 603025360 Bytes (927989760)
2023-11-18 21:08:33,586 [INFO] BlockDiagram:2759 - set Specific Code input for plugin: SYS
2023-11-18 21:08:33,587 [INFO] BlockDiagram:2759 - set Specific Code input for plugin: RCC
2023-11-18 21:08:33,587 [INFO] BlockDiagram:2759 - set Specific Code input for plugin: NVIC
2023-11-18 21:08:33,587 [INFO] BlockDiagram:2759 - set Specific Code input for plugin: USART
2023-11-18 21:08:33,588 [INFO] BlockDiagram:2759 - set Specific Code input for plugin: GPIO
2023-11-18 21:08:33,589 [INFO] CodeGenerator:793 - code generatio: config db path: C:\ST\STM32CubeIDE_1.12.1\STM32CubeIDE\plugins\com.st.stm32cube.common.mx_6.8.1.202304191431\\db\
2023-11-18 21:08:33,846 [INFO] CodeEngine:255 - oldGeneratedFile, C:\Users\mrchl\STM32CubeIDE\workspace_1.12.1\ProjektWolne\ProjektWolne\MXTmpFiles\license.tmp_save
2023-11-18 21:08:34,073 [INFO] CodeEngine:279 - Generated code: C:\Users\mrchl\STM32CubeIDE\workspace_1.12.1\ProjektWolne\ProjektWolne\MXTmpFiles\license.tmp
2023-11-18 21:08:34,208 [INFO] CodeEngine:255 - oldGeneratedFile, C:\Users\mrchl\STM32CubeIDE\workspace_1.12.1\ProjektWolne\ProjektWolne\MXTmpFiles\gpio.tmp_save
2023-11-18 21:08:34,387 [INFO] CodeEngine:279 - Generated code: C:\Users\mrchl\STM32CubeIDE\workspace_1.12.1\ProjektWolne\ProjektWolne\MXTmpFiles\gpio.tmp
2023-11-18 21:08:34,683 [INFO] CodeEngine:255 - oldGeneratedFile, C:\Users\mrchl\STM32CubeIDE\workspace_1.12.1\ProjektWolne\ProjektWolne\Core\Src\stm32l4xx_it.c_save
2023-11-18 21:08:34,945 [INFO] CodeEngine:279 - Generated code: C:\Users\mrchl\STM32CubeIDE\workspace_1.12.1\ProjektWolne\ProjektWolne\Core\Src\stm32l4xx_it.c
2023-11-18 21:08:34,957 [INFO] CodeEngine:255 - oldGeneratedFile, C:\Users\mrchl\STM32CubeIDE\workspace_1.12.1\ProjektWolne\ProjektWolne\Core\Inc\stm32l4xx_it.h_save
2023-11-18 21:08:35,088 [INFO] CodeEngine:279 - Generated code: C:\Users\mrchl\STM32CubeIDE\workspace_1.12.1\ProjektWolne\ProjektWolne\Core\Inc\stm32l4xx_it.h
2023-11-18 21:08:35,128 [INFO] CodeEngine:255 - oldGeneratedFile, C:\Users\mrchl\STM32CubeIDE\workspace_1.12.1\ProjektWolne\ProjektWolne\Core\Src\stm32l4xx_hal_msp.c_save
2023-11-18 21:08:35,352 [INFO] CodeEngine:279 - Generated code: C:\Users\mrchl\STM32CubeIDE\workspace_1.12.1\ProjektWolne\ProjektWolne\Core\Src\stm32l4xx_hal_msp.c
2023-11-18 21:08:35,374 [INFO] CodeEngine:255 - oldGeneratedFile, C:\Users\mrchl\STM32CubeIDE\workspace_1.12.1\ProjektWolne\ProjektWolne\MXTmpFiles\system.tmp_save
2023-11-18 21:08:35,518 [INFO] CodeEngine:279 - Generated code: C:\Users\mrchl\STM32CubeIDE\workspace_1.12.1\ProjektWolne\ProjektWolne\MXTmpFiles\system.tmp
2023-11-18 21:08:35,554 [INFO] CodeEngine:311 - oldGeneratedFile, C:\Users\mrchl\STM32CubeIDE\workspace_1.12.1\ProjektWolne\ProjektWolne\Core\Inc\stm32l4xx_hal_conf.h_save
2023-11-18 21:08:35,747 [INFO] CodeEngine:335 - Generated code: C:\Users\mrchl\STM32CubeIDE\workspace_1.12.1\ProjektWolne\ProjektWolne\Core\Inc\stm32l4xx_hal_conf.h
2023-11-18 21:08:35,837 [INFO] CodeEngine:255 - oldGeneratedFile, C:\Users\mrchl\STM32CubeIDE\workspace_1.12.1\ProjektWolne\ProjektWolne\Core\Inc\main.h_save
2023-11-18 21:08:35,958 [INFO] CodeEngine:279 - Generated code: C:\Users\mrchl\STM32CubeIDE\workspace_1.12.1\ProjektWolne\ProjektWolne\Core\Inc\main.h
2023-11-18 21:08:35,979 [INFO] CodeEngine:255 - oldGeneratedFile, C:\Users\mrchl\STM32CubeIDE\workspace_1.12.1\ProjektWolne\ProjektWolne\Core\Src\main.c_save
2023-11-18 21:08:36,153 [INFO] CodeEngine:279 - Generated code: C:\Users\mrchl\STM32CubeIDE\workspace_1.12.1\ProjektWolne\ProjektWolne\Core\Src\main.c
2023-11-18 21:08:37,221 [INFO] ProjectBuilder:2996 - Time for Copy HAL[1] : 456mS.
2023-11-18 21:08:37,226 [INFO] ProjectBuilder:4304 - Project Generator version: 3.19.2
2023-11-18 21:08:37,638 [INFO] ConfigFileManager:1483 - The Die is : DIE415
2023-11-18 21:08:40,311 [INFO] ProjectBuilder:4505 - Time for Generating toolchain IDE Files: 3085mS.
2023-11-18 21:08:40,313 [INFO] ProjectBuilder:2867 - Time for Copy CMSIS : 1mS.
2023-11-18 21:08:40,322 [INFO] ProjectBuilder:2867 - Time for Copy CMSIS : 0mS.
