2023-11-19 01:29:28,754 [ERROR] LogOutputStream:75 - [STDERR_REDIRECT] Exception in thread "AWT-EventQueue-0" org.eclipse.swt.SWTException: Device is disposed
2023-11-19 01:29:28,791 [ERROR] LogOutputStream:75 - [STDERR_REDIRECT] 	at org.eclipse.swt.SWT.error(SWT.java:4918)
2023-11-19 01:29:28,793 [ERROR] LogOutputStream:75 - [STDERR_REDIRECT] 	at org.eclipse.swt.SWT.error(SWT.java:4833)
2023-11-19 01:29:28,795 [ERROR] LogOutputStream:75 - [STDERR_REDIRECT] 	at org.eclipse.swt.SWT.error(SWT.java:4804)
2023-11-19 01:29:28,797 [ERROR] LogOutputStream:75 - [STDERR_REDIRECT] 	at org.eclipse.swt.widgets.Display.error(Display.java:1272)
2023-11-19 01:29:28,808 [ERROR] LogOutputStream:75 - [STDERR_REDIRECT] 	at org.eclipse.swt.widgets.Display.asyncExec(Display.java:789)
2023-11-19 01:29:28,812 [ERROR] LogOutputStream:75 - [STDERR_REDIRECT] 	at com.st.stm32cube.common.mx.oss.core.awtswtbridge.AwtEnvironment$2.run(AwtEnvironment.java:168)
2023-11-19 01:29:28,818 [ERROR] LogOutputStream:75 - [STDERR_REDIRECT] 	at java.desktop/java.awt.event.InvocationEvent.dispatch(InvocationEvent.java:313)
2023-11-19 01:29:28,821 [ERROR] LogOutputStream:75 - [STDERR_REDIRECT] 	at java.desktop/java.awt.EventQueue.dispatchEventImpl(EventQueue.java:770)
2023-11-19 01:29:28,824 [ERROR] LogOutputStream:75 - [STDERR_REDIRECT] 	at java.desktop/java.awt.EventQueue$4.run(EventQueue.java:721)
2023-11-19 01:29:28,827 [ERROR] LogOutputStream:75 - [STDERR_REDIRECT] 	at java.desktop/java.awt.EventQueue$4.run(EventQueue.java:715)
2023-11-19 01:29:28,830 [ERROR] LogOutputStream:75 - [STDERR_REDIRECT] 	at java.base/java.security.AccessController.doPrivileged(Native Method)
2023-11-19 01:29:28,833 [ERROR] LogOutputStream:75 - [STDERR_REDIRECT] 	at java.base/java.security.ProtectionDomain$JavaSecurityAccessImpl.doIntersectionPrivilege(ProtectionDomain.java:85)
2023-11-19 01:29:28,835 [ERROR] LogOutputStream:75 - [STDERR_REDIRECT] 	at java.desktop/java.awt.EventQueue.dispatchEvent(EventQueue.java:740)
2023-11-19 01:29:28,839 [ERROR] LogOutputStream:75 - [STDERR_REDIRECT] 	at java.desktop/java.awt.EventDispatchThread.pumpOneEventForFilters(EventDispatchThread.java:203)
2023-11-19 01:29:28,842 [ERROR] LogOutputStream:75 - [STDERR_REDIRECT] 	at java.desktop/java.awt.EventDispatchThread.pumpEventsForFilter(EventDispatchThread.java:124)
2023-11-19 01:29:28,844 [ERROR] LogOutputStream:75 - [STDERR_REDIRECT] 	at java.desktop/java.awt.EventDispatchThread.pumpEventsForHierarchy(EventDispatchThread.java:113)
2023-11-19 01:29:28,847 [ERROR] LogOutputStream:75 - [STDERR_REDIRECT] 	at java.desktop/java.awt.EventDispatchThread.pumpEvents(EventDispatchThread.java:109)
2023-11-19 01:29:28,849 [ERROR] LogOutputStream:75 - [STDERR_REDIRECT] 	at java.desktop/java.awt.EventDispatchThread.pumpEvents(EventDispatchThread.java:101)
2023-11-19 01:29:28,850 [ERROR] LogOutputStream:75 - [STDERR_REDIRECT] 	at java.desktop/java.awt.EventDispatchThread.run(EventDispatchThread.java:90)
2023-11-19 01:29:57,636 [INFO] Activator:176 - 


2023-11-19 01:29:57,639 [INFO] Activator:177 - !SESSION log4j initialized
2023-11-19 01:30:05,454 [INFO] LogOutputStream:77 - [STDOUT_REDIRECT] 
2023-11-19 01:30:09,218 [INFO] ApplicationProperties:184 - Using Application install path: C:\ST\STM32CubeIDE_1.12.1\STM32CubeIDE\plugins\com.st.stm32cube.common.mx_6.8.1.202304191431
2023-11-19 01:30:09,243 [INFO] DbMcusXml:78 - Set database path to: C:\ST\STM32CubeIDE_1.12.1\STM32CubeIDE\plugins\com.st.stm32cube.common.mx_6.8.1.202304191431\\db\/mcu/
2023-11-19 01:30:09,245 [INFO] ApiDb:274 - Set plugin database path to: C:\ST\STM32CubeIDE_1.12.1\STM32CubeIDE\plugins\com.st.stm32cube.common.mx_6.8.1.202304191431\\db\/plugins/boardmanager/
2023-11-19 01:30:09,248 [WARN] ApiDb:259 - Overriding images path with different value:  => C:\ST\STM32CubeIDE_1.12.1\STM32CubeIDE\plugins\com.st.stm32cube.common.mx_6.8.1.202304191431\\db\/plugins/mcufinder/images/
2023-11-19 01:30:09,267 [INFO] ApiDb:250 - Set database path to: C:\Users\mrchl\.stmcufinder\plugins\mcufinder//mcu/
2023-11-19 01:30:09,268 [INFO] DbMcusAds:125 - Set database path to: C:\Users\mrchl\.stmcufinder\plugins\mcufinder//mcu/
2023-11-19 01:30:09,271 [INFO] CrossReferenceDbSqlite:203 - Set database path to: C:\Users\mrchl\.stmcufinder\plugins\mcufinder//mcu/cs/
2023-11-19 01:30:09,433 [INFO] RulesReader:64 - Compatibility file has been processed (293 Rules)
2023-11-19 01:30:09,609 [INFO] DbMcusXml:78 - Set database path to: C:\ST\STM32CubeIDE_1.12.1\STM32CubeIDE\plugins\com.st.stm32cube.common.mx_6.8.1.202304191431\\db\/mcu/
2023-11-19 01:30:09,609 [INFO] ApiDb:274 - Set plugin database path to: C:\ST\STM32CubeIDE_1.12.1\STM32CubeIDE\plugins\com.st.stm32cube.common.mx_6.8.1.202304191431\\db\/plugins/boardmanager/
2023-11-19 01:30:09,610 [INFO] ApiDb:261 - Set plugin images path to: C:\ST\STM32CubeIDE_1.12.1\STM32CubeIDE\plugins\com.st.stm32cube.common.mx_6.8.1.202304191431\\db\/plugins/mcufinder/images/
2023-11-19 01:30:09,610 [WARN] DbFile:41 - Overriding database path with different value: C:\Users\mrchl\.stmcufinder\plugins\mcufinder/ => C:\Users\mrchl\.stmcufinder\plugins\mcufinder
2023-11-19 01:30:09,610 [INFO] ApiDb:250 - Set database path to: C:\Users\mrchl\.stmcufinder\plugins\mcufinder//mcu/
2023-11-19 01:30:09,610 [WARN] DbFile:41 - Overriding database path with different value: C:\Users\mrchl\.stmcufinder\plugins\mcufinder/ => C:\Users\mrchl\.stmcufinder\plugins\mcufinder
2023-11-19 01:30:09,611 [INFO] DbMcusAds:125 - Set database path to: C:\Users\mrchl\.stmcufinder\plugins\mcufinder//mcu/
2023-11-19 01:30:09,611 [WARN] DbFile:41 - Overriding database path with different value: C:\Users\mrchl\.stmcufinder\plugins\mcufinder/ => C:\Users\mrchl\.stmcufinder\plugins\mcufinder
2023-11-19 01:30:09,611 [WARN] DbFile:41 - Overriding database path with different value: C:\Users\mrchl\.stmcufinder\plugins\mcufinder/ => C:\Users\mrchl\.stmcufinder\plugins\mcufinder
2023-11-19 01:30:09,611 [INFO] CrossReferenceDbSqlite:203 - Set database path to: C:\Users\mrchl\.stmcufinder\plugins\mcufinder//mcu/cs/
2023-11-19 01:30:09,765 [INFO] MainPanel:253 - HeapMemory: 268435456
2023-11-19 01:30:09,910 [INFO] DbMcusXml:78 - Set database path to: C:\ST\STM32CubeIDE_1.12.1\STM32CubeIDE\plugins\com.st.stm32cube.common.mx_6.8.1.202304191431\\db\/mcu/
2023-11-19 01:30:09,910 [INFO] ApiDb:274 - Set plugin database path to: C:\ST\STM32CubeIDE_1.12.1\STM32CubeIDE\plugins\com.st.stm32cube.common.mx_6.8.1.202304191431\\db\/plugins/boardmanager/
2023-11-19 01:30:09,910 [INFO] ApiDb:261 - Set plugin images path to: C:\ST\STM32CubeIDE_1.12.1\STM32CubeIDE\plugins\com.st.stm32cube.common.mx_6.8.1.202304191431\\db\/plugins/mcufinder/images/
2023-11-19 01:30:09,911 [WARN] DbFile:41 - Overriding database path with different value: C:\Users\mrchl\.stmcufinder\plugins\mcufinder/ => C:\Users\mrchl\.stmcufinder\plugins\mcufinder
2023-11-19 01:30:09,911 [INFO] ApiDb:250 - Set database path to: C:\Users\mrchl\.stmcufinder\plugins\mcufinder//mcu/
2023-11-19 01:30:09,911 [WARN] DbFile:41 - Overriding database path with different value: C:\Users\mrchl\.stmcufinder\plugins\mcufinder/ => C:\Users\mrchl\.stmcufinder\plugins\mcufinder
2023-11-19 01:30:09,911 [INFO] DbMcusAds:125 - Set database path to: C:\Users\mrchl\.stmcufinder\plugins\mcufinder//mcu/
2023-11-19 01:30:09,912 [WARN] DbFile:41 - Overriding database path with different value: C:\Users\mrchl\.stmcufinder\plugins\mcufinder/ => C:\Users\mrchl\.stmcufinder\plugins\mcufinder
2023-11-19 01:30:09,912 [WARN] DbFile:41 - Overriding database path with different value: C:\Users\mrchl\.stmcufinder\plugins\mcufinder/ => C:\Users\mrchl\.stmcufinder\plugins\mcufinder
2023-11-19 01:30:09,912 [INFO] CrossReferenceDbSqlite:203 - Set database path to: C:\Users\mrchl\.stmcufinder\plugins\mcufinder//mcu/cs/
2023-11-19 01:30:09,950 [INFO] ApplicationProperties:184 - Using Application install path: C:\ST\STM32CubeIDE_1.12.1\STM32CubeIDE\plugins\com.st.stm32cube.common.mx_6.8.1.202304191431
2023-11-19 01:30:09,953 [INFO] PluginManage:196 - Search for loadable plugins [exclusion list=, ]
2023-11-19 01:30:09,957 [INFO] PluginManage:310 - Check plugin analytics
2023-11-19 01:30:10,313 [INFO] AnalyticsPlugin:253 - Accepted Software Licenses: 
2023-11-19 01:30:10,313 [INFO] AnalyticsPlugin:255 - Accepted CMSIS Pack Licenses: 
2023-11-19 01:30:10,314 [INFO] AnalyticsPlugin:257 - Accepted Firmware Licenses: 
2023-11-19 01:30:10,332 [INFO] PluginManage:359 - Loaded plugin analytics (category:tool,tabindex:-1)
2023-11-19 01:30:10,332 [INFO] PluginManage:310 - Check plugin cadmodel
2023-11-19 01:30:10,343 [INFO] CADModel:105 - Init CAD model plugin
2023-11-19 01:30:10,343 [INFO] PluginManage:359 - Loaded plugin cadmodel (category:power,tabindex:5)
2023-11-19 01:30:10,344 [INFO] PluginManage:310 - Check plugin clock
2023-11-19 01:30:10,372 [INFO] PluginManage:359 - Loaded plugin clock (category:base,tabindex:2)
2023-11-19 01:30:10,373 [INFO] PluginManage:310 - Check plugin ddr
2023-11-19 01:30:10,379 [INFO] PluginManage:359 - Loaded plugin ddr (category:tool,tabindex:6)
2023-11-19 01:30:10,379 [INFO] PluginManage:310 - Check plugin filemanager
2023-11-19 01:30:10,641 [INFO] PluginManage:359 - Loaded plugin filemanager (category:base,tabindex:10)
2023-11-19 01:30:10,641 [INFO] PluginManage:310 - Check plugin ipmanager
2023-11-19 01:30:10,661 [INFO] PluginManage:359 - Loaded plugin ipmanager (category:base,tabindex:5)
2023-11-19 01:30:10,661 [INFO] PluginManage:310 - Check plugin lpbam
2023-11-19 01:30:10,679 [INFO] PluginManage:359 - Loaded plugin lpbam (category:base,tabindex:0)
2023-11-19 01:30:10,679 [INFO] PluginManage:310 - Check plugin pinoutandconfiguration
2023-11-19 01:30:10,701 [INFO] PluginManage:359 - Loaded plugin pinoutandconfiguration (category:base,tabindex:1)
2023-11-19 01:30:10,701 [INFO] PluginManage:310 - Check plugin pinoutconfig
2023-11-19 01:30:10,840 [WARN] SupportedApi:132 - Cannot load RTOS API schema: s4s-elt-must-match.1: The content of 'definitions' must match (annotation?, (simpleType | complexType)?, (unique | key | keyref)*)). A problem was found starting at: attribute.
2023-11-19 01:30:11,025 [INFO] PluginManage:359 - Loaded plugin pinoutconfig (category:base,tabindex:0)
2023-11-19 01:30:11,025 [INFO] PluginManage:310 - Check plugin power
2023-11-19 01:30:11,046 [INFO] PluginManage:359 - Loaded plugin power (category:power,tabindex:4)
2023-11-19 01:30:11,046 [INFO] PluginManage:310 - Check plugin projectmanager
2023-11-19 01:30:11,084 [INFO] PluginManage:359 - Loaded plugin projectmanager (category:projectmanager,tabindex:3)
2023-11-19 01:30:11,085 [INFO] PluginManage:310 - Check plugin thirdparty
2023-11-19 01:30:11,299 [INFO] PluginManage:359 - Loaded plugin thirdparty (category:base,tabindex:-1)
2023-11-19 01:30:11,299 [INFO] PluginManage:310 - Check plugin tools
2023-11-19 01:30:11,299 [WARN] IntegrityCheckThread:84 - waiting for thirdparty lock release [integrity check]
2023-11-19 01:30:11,299 [INFO] IntegrityCheckThread:86 - entering critical section [integrity check]
2023-11-19 01:30:11,303 [INFO] ThirdPartyUpdaterWithRetryManager:70 - Updater plugin not ready yet. [1/15]
2023-11-19 01:30:11,304 [INFO] PluginManage:359 - Loaded plugin tools (category:base,tabindex:7)
2023-11-19 01:30:11,305 [INFO] PluginManage:310 - Check plugin tutovideos
2023-11-19 01:30:11,570 [INFO] PluginManage:359 - Loaded plugin tutovideos (category:base,tabindex:-1)
2023-11-19 01:30:11,571 [INFO] PluginManage:310 - Check plugin updater
2023-11-19 01:30:11,595 [INFO] PluginManage:359 - Loaded plugin updater (category:base,tabindex:12)
2023-11-19 01:30:11,596 [INFO] PluginManage:283 - PluginManage : Loaded plugins [15]
2023-11-19 01:30:12,063 [INFO] PinOutPanel:1499 - setPackage(No Configuration,No Configuration)
2023-11-19 01:30:12,154 [INFO] CADModel:165 - CPN selected for project level
2023-11-19 01:30:12,155 [INFO] CADModel:114 - Register for checkConnection events
2023-11-19 01:30:12,173 [INFO] IPUIPlugin:80 - create IPUIPlugin
2023-11-19 01:30:12,174 [INFO] PluginManager:220 - loadIPPluginJar : add adc
2023-11-19 01:30:12,177 [INFO] IPUIPlugin:80 - create IPUIPlugin
2023-11-19 01:30:12,177 [INFO] PluginManager:220 - loadIPPluginJar : add aes
2023-11-19 01:30:12,180 [INFO] IPUIPlugin:80 - create IPUIPlugin
2023-11-19 01:30:12,180 [INFO] PluginManager:220 - loadIPPluginJar : add can
2023-11-19 01:30:12,182 [INFO] IPUIPlugin:80 - create IPUIPlugin
2023-11-19 01:30:12,182 [INFO] PluginManager:220 - loadIPPluginJar : add comp
2023-11-19 01:30:12,212 [INFO] IPUIPlugin:80 - create IPUIPlugin
2023-11-19 01:30:12,212 [INFO] PluginManager:220 - loadIPPluginJar : add cryp
2023-11-19 01:30:12,215 [INFO] IPUIPlugin:80 - create IPUIPlugin
2023-11-19 01:30:12,215 [INFO] PluginManager:220 - loadIPPluginJar : add dfsdm
2023-11-19 01:30:12,222 [INFO] IPUIPlugin:80 - create IPUIPlugin
2023-11-19 01:30:12,222 [INFO] PluginManager:220 - loadIPPluginJar : add dma
2023-11-19 01:30:12,226 [INFO] IPUIPlugin:80 - create IPUIPlugin
2023-11-19 01:30:12,226 [INFO] PluginManager:220 - loadIPPluginJar : add dma3
2023-11-19 01:30:12,228 [INFO] IPUIPlugin:80 - create IPUIPlugin
2023-11-19 01:30:12,228 [INFO] PluginManager:220 - loadIPPluginJar : add fatfs
2023-11-19 01:30:12,234 [INFO] IPUIPlugin:80 - create IPUIPlugin
2023-11-19 01:30:12,234 [INFO] PluginManager:220 - loadIPPluginJar : add fmc
2023-11-19 01:30:12,248 [INFO] IPUIPlugin:80 - create IPUIPlugin
2023-11-19 01:30:12,248 [INFO] PluginManager:220 - loadIPPluginJar : add freertos
2023-11-19 01:30:12,251 [INFO] IPUIPlugin:80 - create IPUIPlugin
2023-11-19 01:30:12,252 [INFO] PluginManager:220 - loadIPPluginJar : add genericplugin
2023-11-19 01:30:12,255 [INFO] IPUIPlugin:80 - create IPUIPlugin
2023-11-19 01:30:12,255 [INFO] PluginManager:220 - loadIPPluginJar : add gfxmmu
2023-11-19 01:30:12,264 [INFO] IPUIPlugin:80 - create IPUIPlugin
2023-11-19 01:30:12,265 [INFO] PluginManager:220 - loadIPPluginJar : add gic
2023-11-19 01:30:12,269 [INFO] IPUIPlugin:80 - create IPUIPlugin
2023-11-19 01:30:12,269 [INFO] PluginManager:220 - loadIPPluginJar : add gpio
2023-11-19 01:30:12,273 [INFO] IPUIPlugin:80 - create IPUIPlugin
2023-11-19 01:30:12,274 [INFO] PluginManager:220 - loadIPPluginJar : add gtzc
2023-11-19 01:30:12,279 [INFO] IPUIPlugin:80 - create IPUIPlugin
2023-11-19 01:30:12,279 [INFO] PluginManager:220 - loadIPPluginJar : add hash
2023-11-19 01:30:12,286 [INFO] IPUIPlugin:80 - create IPUIPlugin
2023-11-19 01:30:12,286 [INFO] PluginManager:220 - loadIPPluginJar : add i2c
2023-11-19 01:30:12,292 [INFO] IPUIPlugin:80 - create IPUIPlugin
2023-11-19 01:30:12,292 [INFO] PluginManager:220 - loadIPPluginJar : add i2s
2023-11-19 01:30:12,295 [INFO] IPUIPlugin:80 - create IPUIPlugin
2023-11-19 01:30:12,295 [INFO] PluginManager:220 - loadIPPluginJar : add i3c
2023-11-19 01:30:12,301 [INFO] IPUIPlugin:80 - create IPUIPlugin
2023-11-19 01:30:12,301 [INFO] PluginManager:220 - loadIPPluginJar : add ipddr
2023-11-19 01:30:12,310 [INFO] IPUIPlugin:80 - create IPUIPlugin
2023-11-19 01:30:12,310 [INFO] PluginManager:220 - loadIPPluginJar : add linkedlist
2023-11-19 01:30:12,316 [INFO] IPUIPlugin:80 - create IPUIPlugin
2023-11-19 01:30:12,316 [INFO] PluginManager:220 - loadIPPluginJar : add lorawan
2023-11-19 01:30:12,319 [INFO] IPUIPlugin:80 - create IPUIPlugin
2023-11-19 01:30:12,319 [INFO] PluginManager:220 - loadIPPluginJar : add ltdc
2023-11-19 01:30:12,326 [INFO] IPUIPlugin:80 - create IPUIPlugin
2023-11-19 01:30:12,326 [INFO] PluginManager:220 - loadIPPluginJar : add mdma
2023-11-19 01:30:12,331 [INFO] IPUIPlugin:80 - create IPUIPlugin
2023-11-19 01:30:12,331 [INFO] PluginManager:220 - loadIPPluginJar : add nvic
2023-11-19 01:30:12,334 [INFO] IPUIPlugin:80 - create IPUIPlugin
2023-11-19 01:30:12,335 [INFO] PluginManager:220 - loadIPPluginJar : add opamp
2023-11-19 01:30:12,341 [INFO] IPUIPlugin:80 - create IPUIPlugin
2023-11-19 01:30:12,341 [INFO] PluginManager:220 - loadIPPluginJar : add openamp
2023-11-19 01:30:12,349 [INFO] IPUIPlugin:80 - create IPUIPlugin
2023-11-19 01:30:12,349 [INFO] PluginManager:220 - loadIPPluginJar : add pdm2pcm
2023-11-19 01:30:12,356 [INFO] IPUIPlugin:80 - create IPUIPlugin
2023-11-19 01:30:12,360 [INFO] PluginManager:220 - loadIPPluginJar : add plateformsettings
2023-11-19 01:30:12,362 [INFO] IPUIPlugin:80 - create IPUIPlugin
2023-11-19 01:30:12,362 [INFO] PluginManager:220 - loadIPPluginJar : add quadspi
2023-11-19 01:30:12,366 [INFO] IPUIPlugin:80 - create IPUIPlugin
2023-11-19 01:30:12,366 [INFO] PluginManager:220 - loadIPPluginJar : add resmgrutility
2023-11-19 01:30:12,370 [INFO] IPUIPlugin:80 - create IPUIPlugin
2023-11-19 01:30:12,370 [INFO] PluginManager:220 - loadIPPluginJar : add sai
2023-11-19 01:30:12,376 [INFO] IPUIPlugin:80 - create IPUIPlugin
2023-11-19 01:30:12,376 [INFO] PluginManager:220 - loadIPPluginJar : add spi
2023-11-19 01:30:12,381 [INFO] IPUIPlugin:80 - create IPUIPlugin
2023-11-19 01:30:12,381 [INFO] PluginManager:220 - loadIPPluginJar : add stm32_wpan
2023-11-19 01:30:12,386 [INFO] IPUIPlugin:80 - create IPUIPlugin
2023-11-19 01:30:12,386 [INFO] PluginManager:220 - loadIPPluginJar : add tim
2023-11-19 01:30:12,390 [INFO] IPUIPlugin:80 - create IPUIPlugin
2023-11-19 01:30:12,390 [INFO] PluginManager:220 - loadIPPluginJar : add touchsensing
2023-11-19 01:30:12,392 [INFO] IPUIPlugin:80 - create IPUIPlugin
2023-11-19 01:30:12,393 [INFO] PluginManager:220 - loadIPPluginJar : add tracer_emb
2023-11-19 01:30:12,395 [INFO] IPUIPlugin:80 - create IPUIPlugin
2023-11-19 01:30:12,395 [INFO] PluginManager:220 - loadIPPluginJar : add ts
2023-11-19 01:30:12,396 [INFO] IPUIPlugin:80 - create IPUIPlugin
2023-11-19 01:30:12,397 [INFO] PluginManager:220 - loadIPPluginJar : add tsc
2023-11-19 01:30:12,399 [INFO] IPUIPlugin:80 - create IPUIPlugin
2023-11-19 01:30:12,399 [INFO] PluginManager:220 - loadIPPluginJar : add ucpd
2023-11-19 01:30:12,402 [INFO] IPUIPlugin:80 - create IPUIPlugin
2023-11-19 01:30:12,402 [INFO] PluginManager:220 - loadIPPluginJar : add usart
2023-11-19 01:30:12,408 [INFO] IPUIPlugin:80 - create IPUIPlugin
2023-11-19 01:30:12,408 [INFO] PluginManager:220 - loadIPPluginJar : add usbx
2023-11-19 01:30:12,600 [INFO] CADModel:165 - CPN selected for project level
2023-11-19 01:30:12,600 [INFO] CADModel:114 - Register for checkConnection events
2023-11-19 01:30:12,601 [FATAL] Updater:308 - Updater called before beeing initialized
2023-11-19 01:30:12,601 [ERROR] CADModel:125 - Updater not yet initialized, retry later 
2023-11-19 01:30:12,844 [INFO] CADModel:165 - CPN selected for project level
2023-11-19 01:30:12,844 [INFO] CADModel:114 - Register for checkConnection events
2023-11-19 01:30:12,845 [FATAL] Updater:308 - Updater called before beeing initialized
2023-11-19 01:30:12,845 [ERROR] CADModel:125 - Updater not yet initialized, retry later 
2023-11-19 01:30:12,849 [FATAL] Updater:308 - Updater called before beeing initialized
2023-11-19 01:30:13,039 [FATAL] Updater:308 - Updater called before beeing initialized
2023-11-19 01:30:13,057 [INFO] DbMcusAds:53 - JSON generation date=Tue Mar 07 09:50:55 CET 2023 (1678179055335)
2023-11-19 01:30:13,057 [FATAL] Updater:308 - Updater called before beeing initialized
2023-11-19 01:30:13,100 [WARN] DetailPanel:346 - Failed to get advertising image, set to default
2023-11-19 01:30:13,227 [FATAL] Updater:308 - Updater called before beeing initialized
2023-11-19 01:30:13,229 [FATAL] Updater:308 - Updater called before beeing initialized
2023-11-19 01:30:13,229 [FATAL] Updater:308 - Updater called before beeing initialized
2023-11-19 01:30:13,229 [WARN] DetailPanel:346 - Failed to get advertising image, set to default
2023-11-19 01:30:13,230 [FATAL] Updater:308 - Updater called before beeing initialized
2023-11-19 01:30:13,291 [ERROR] Updater:1120 - MainUpdater not yet initialized. External WinMGr cannot be set.
2023-11-19 01:30:13,295 [INFO] Updater:1056 - Updater Version found : 6.8.1
2023-11-19 01:30:13,315 [INFO] ApplicationProperties:184 - Using Application install path: C:\ST\STM32CubeIDE_1.12.1\STM32CubeIDE\plugins\com.st.stm32cube.common.mx_6.8.1.202304191431
2023-11-19 01:30:13,514 [INFO] MainUpdater:2854 - connection check result : 10
2023-11-19 01:30:13,515 [INFO] MainUpdater:283 - Updater Check For Update Now.
2023-11-19 01:30:13,515 [INFO] MicroXplorer:498 - Change Database Version : DB.6.0.81
2023-11-19 01:30:13,708 [INFO] CheckServerUpdateThread:120 - End of CheckServer Thread
2023-11-19 01:30:13,734 [INFO] MainUpdater:2854 - connection check result : 10
2023-11-19 01:30:14,313 [INFO] ApiDb:581 - Connected to CubeFinder SQLite database (C:\Users\mrchl\.stmcufinder\plugins\mcufinder\mcu\cube-finder-db.db)
2023-11-19 01:30:14,409 [INFO] ApiDb:668 - CubeFinder database Data Model version=2.1
2023-11-19 01:30:14,410 [INFO] ApiDb:669 - CubeFinder database Configuration version=3.0.37
2023-11-19 01:30:14,411 [INFO] ApiDb:670 - CubeFinder database generation date=2023-10-13 (1697197505)
2023-11-19 01:30:14,411 [INFO] ApiDb:671 - CubeFinder database FW Pack versions=[FP-ATR-ASTRA1_V2.0.0, FP-SNS-FLIGHT1_V5.0.1, FP-SNS-FLIGHT1_V5.0.2, FP-SNS-MOTENV1_V4.3.1, FP-SNS-MOTENV1_V4.3.2, FP-SNS-SMARTAG2_V1.2.0, I-CUBE-ITTIADB_V8.6.3-1, STM32Cube_FW_C0_V1.1.0, STM32Cube_FW_F4_V1.27.1, STM32Cube_FW_F7_V1.17.0, STM32Cube_FW_G0_V1.6.1, STM32Cube_FW_G4_V1.5.1, STM32Cube_FW_H5_V0.5.1, STM32Cube_FW_H5_V1.1.1, STM32Cube_FW_H7_V1.11.0, STM32Cube_FW_L0_V1.12.2, STM32Cube_FW_L5_V1.5.0, STM32Cube_FW_U5_V1.3.0, STM32Cube_FW_U5_V1.3.0RC4, STM32Cube_FW_WBA_V1.0.0RC1, STM32Cube_FW_WBA_V1.1.0RC1, STM32Cube_FW_WBA_V1.1.1, STM32Cube_FW_WB_V1.15.0RC1, STM32Cube_FW_WB_V1.16.0, STM32Cube_FW_WB_V1.16.0RC2, STM32Cube_FW_WB_V1.17.3, STM32Cube_FW_WL_V1.3.0, X-CUBE-ALGOBUILD_V1.3.0, X-CUBE-ALS_V1.0.1, X-CUBE-AZRTOS-F4_V1.1.0, X-CUBE-AZRTOS-F7_V1.1.0, X-CUBE-AZRTOS-G0_V1.1.0, X-CUBE-AZRTOS-G4_V2.0.0, X-CUBE-AZRTOS-H7_V3.1.0, X-CUBE-AZRTOS-L4_V1.0.0, X-CUBE-AZRTOS-L4_V2.0.0, X-CUBE-AZRTOS-L5_V1.1.0, X-CUBE-AZRTOS-WB_V2.0.0, X-CUBE-AZRTOS-WL_V2.0.0, X-CUBE-BLE1_V7.0.0, X-CUBE-BLE2_V3.3.0, X-CUBE-BLEMGR_V2.0.0, X-CUBE-EEPRMA1_V4.1.0, X-CUBE-FREERTOS_V1.1.0, X-CUBE-GNSS1_V6.0.0, X-CUBE-MEMS1_V10.0.0, X-CUBE-MEMS1_V9.1.0, X-CUBE-MEMS1_V9.4.0, X-CUBE-MEMS1_V9.6.0, X-CUBE-NFC4_V3.0.0, X-CUBE-NFC7_V1.0.1, X-CUBE-SFXS2LP1_V4.0.0, X-CUBE-SUBG2_V5.0.0, X-CUBE-TOF1_V3.3.1]
2023-11-19 01:30:14,524 [INFO] DbBoardsSqlite:226 - include board P-NUCLEO-WB55-NUCLEO as a kit item of type 'Nucleo-64'
2023-11-19 01:30:14,525 [INFO] DbBoardsSqlite:226 - include board P-NUCLEO-WB55-USBDONGLE as a kit item of type 'Nucleo USB Dongle'
2023-11-19 01:30:14,525 [INFO] DbBoardsSqlite:226 - include board STEVAL-IDP005V1 as a kit item of type 'Evaluation Board'
2023-11-19 01:30:14,526 [INFO] DbBoardsSqlite:226 - include board STEVAL-IDP005V2 as a kit item of type 'Evaluation Board'
2023-11-19 01:30:14,573 [WARN] PackLoader:240 - Cannot read IP mode file for STMicroelectronics.X-CUBE-SMBUS.2.1.0
2023-11-19 01:30:14,597 [INFO] ApiDb:240 - Found 297 in-development CPN: [B-G473E-ZEST1S, B-WB1M-WPAN1, B-WL5M-SUBG1, NUCLEO-C031C6, NUCLEO-H503RB, NUCLEO-H563ZI, NUCLEO-U545RE-Q, NUCLEO-U5A5ZJ-Q, NUCLEO-WBA52CG, STEVAL-PROTEUS1, STEVAL-STWINBX1, STM320518-EVAL, STM32C0116-DK, STM32C011D6Y3TR, STM32C011D6Y6TR, STM32C011F4P3, STM32C011F4P6, STM32C011F4U3, STM32C011F4U6TR, STM32C011F6P3, STM32C011F6P6, STM32C011F6U3, STM32C011F6U6TR, STM32C011J4M3, STM32C011J4M6, STM32C011J6M3, STM32C011J6M6, STM32C0316-DK, STM32C031C4T3, STM32C031C4T6, STM32C031C4U3, STM32C031C4U6, STM32C031C6T3, STM32C031C6T6, STM32C031C6U3, STM32C031C6U6, STM32C031F4P3, STM32C031F4P6, STM32C031F6P3, STM32C031F6P6, STM32C031G4U3, STM32C031G4U6, STM32C031G6U3, STM32C031G6U6, STM32C031K4T3, STM32C031K4T6, STM32C031K4U3, STM32C031K4U6, STM32C031K6T3, STM32C031K6T6, STM32C031K6U3, STM32C031K6U6, STM32G071K8TXN, STM32G071K8UXN, STM32G081GBU6N, STM32G081KBT6N, STM32G081KBUXN, STM32G0B1CCT6N, STM32G0B1KCT6, STM32G0B1NEY6TR, STM32G0B1RCT6N, STM32G0C1CCT6, STM32G0C1CCT6N, STM32G0C1CCU6N, STM32G0C1CET6N, STM32G0C1CEU6N, STM32G0C1KCT6, STM32G0C1NEY6TR, STM32G0C1RCI6N, STM32G0C1RCT6N, STM32G0C1REI6N, STM32G0C1RET6N, STM32G0C1VCI6, STM32G0C1VEI6, STM32G471CCT6, STM32G471CCU6, STM32G471CET3, STM32G471CET6, STM32G471CEU3, STM32G471CEU6, STM32G471MCT6, STM32G471MET3, STM32G471MET6, STM32G471MEY6TR, STM32G471QCT6, STM32G471QET3, STM32G471RCT6, STM32G471RET3, STM32G471RET6, STM32G471VCH6, STM32G471VCI6, STM32G471VCT6, STM32G471VEH3, STM32G471VEH6, STM32G471VEI3, STM32G471VEI6, STM32G471VET3, STM32G471VET6, STM32G474CCT6, STM32H503CBT6, STM32H503CBU6, STM32H503EBY6TR, STM32H503KBU6, STM32H503RBT6, STM32H562AGI6, STM32H562AII6, STM32H562IGK6, STM32H562IGT6, STM32H562IIK6, STM32H562IIT6, STM32H562RGT6, STM32H562RGV6, STM32H562RIT6, STM32H562RIV6, STM32H562VGT6, STM32H562VIT6, STM32H562ZGT6, STM32H562ZIT6, STM32H563AGI6, STM32H563AII3Q, STM32H563AII6, STM32H563IGK6, STM32H563IGT6, STM32H563IIK3Q, STM32H563IIK6, STM32H563IIT3Q, STM32H563IIT6, STM32H563MIY3QTR, STM32H563RGT6, STM32H563RGV6, STM32H563RIT6, STM32H563RIV6, STM32H563VGT6, STM32H563VIT3Q, STM32H563VIT6, STM32H563ZGT6, STM32H563ZIT3Q, STM32H563ZIT6, STM32H573AII3Q, STM32H573AII6, STM32H573I-DK, STM32H573IIK3Q, STM32H573IIK6, STM32H573IIT3Q, STM32H573IIT6, STM32H573MIY3QTR, STM32H573RIT6, STM32H573RIV6, STM32H573VIT3Q, STM32H573VIT6, STM32H573ZIT3Q, STM32H573ZIT6, STM32L4R5QGI6STR, STM32MP131AAE3, STM32MP131AAF3, STM32MP131AAG3, STM32MP131CAE3, STM32MP131CAF3, STM32MP131CAG3, STM32MP131DAE7, STM32MP131DAF7, STM32MP131DAG7, STM32MP131FAE7, STM32MP131FAF7, STM32MP131FAG7, STM32MP133AAE3, STM32MP133AAF3, STM32MP133AAG3, STM32MP133CAE3, STM32MP133CAF3, STM32MP133CAG3, STM32MP133DAE7, STM32MP133DAF7, STM32MP133DAG7, STM32MP133FAE7, STM32MP133FAF7, STM32MP133FAG7, STM32MP135AAE3, STM32MP135AAF3, STM32MP135AAG3, STM32MP135CAE3, STM32MP135CAF3, STM32MP135CAG3, STM32MP135DAE7, STM32MP135DAF7, STM32MP135DAG7, STM32MP135F-DK, STM32MP135FAE7, STM32MP135FAF7, STM32MP135FAF7T, STM32MP135FAF7U, STM32MP135FAG7, STM32U535CBT6, STM32U535CBT6Q, STM32U535CBU6, STM32U535CBU6Q, STM32U535CCT6, STM32U535CCT6Q, STM32U535CCU6, STM32U535CCU6Q, STM32U535CET6, STM32U535CET6Q, STM32U535CEU6, STM32U535CEU6Q, STM32U535JEY6QTR, STM32U535NCY6QTR, STM32U535NEY6QTR, STM32U535RBI6, STM32U535RBI6Q, STM32U535RBT6, STM32U535RBT6Q, STM32U535RCI6, STM32U535RCI6Q, STM32U535RCT6, STM32U535RCT6Q, STM32U535REI6, STM32U535REI6Q, STM32U535RET6, STM32U535RET6Q, STM32U535VCI6, STM32U535VCI6Q, STM32U535VCT6, STM32U535VCT6Q, STM32U535VEI6, STM32U535VEI6Q, STM32U535VET6, STM32U535VET6Q, STM32U545CET6, STM32U545CET6Q, STM32U545CEU6, STM32U545CEU6Q, STM32U545JEY6QTR, STM32U545NEY6QTR, STM32U545REI6, STM32U545REI6Q, STM32U545RET6, STM32U545RET6Q, STM32U545VEI6, STM32U545VEI6Q, STM32U545VET6, STM32U545VET6Q, STM32U595AIH6, STM32U595AIH6Q, STM32U595AJH6, STM32U595AJH6Q, STM32U595QII6, STM32U595QII6Q, STM32U595QJI6, STM32U595QJI6Q, STM32U595RIT6, STM32U595RIT6Q, STM32U595RJT6, STM32U595RJT6Q, STM32U595VIT6, STM32U595VIT6Q, STM32U595VJT6, STM32U595VJT6Q, STM32U595ZIT6, STM32U595ZIT6Q, STM32U595ZIY6QTR, STM32U595ZJT6, STM32U595ZJT6Q, STM32U595ZJY6QTR, STM32U599BJY6QTR, STM32U599NIH6Q, STM32U599NJH6Q, STM32U599VIT6Q, STM32U599VJT6, STM32U599VJT6Q, STM32U599ZIT6Q, STM32U599ZIY6QTR, STM32U599ZJT6Q, STM32U599ZJY6QTR, STM32U5A5AJH6, STM32U5A5AJH6Q, STM32U5A5QJI6, STM32U5A5QJI6Q, STM32U5A5RJT6, STM32U5A5RJT6Q, STM32U5A5VJT6, STM32U5A5VJT6Q, STM32U5A5ZJT6, STM32U5A5ZJT6Q, STM32U5A5ZJY6QTR, STM32U5A9BJY6QTR, STM32U5A9J-DK, STM32U5A9NJH6Q, STM32U5A9VJT6Q, STM32U5A9ZJT6Q, STM32U5A9ZJY6QTR, STM32WB1MMCH6, STM32WBA52CEU6, STM32WBA52CEU6T, STM32WBA52CGU6, STM32WBA52CGU6T, STM32WL5MOCH6, STM32WL5MOCH6TR]
2023-11-19 01:30:14,607 [INFO] ApiDb:668 - CubeFinder database Data Model version=2.1
2023-11-19 01:30:14,607 [INFO] ApiDb:669 - CubeFinder database Configuration version=3.0.37
2023-11-19 01:30:14,607 [INFO] ApiDb:670 - CubeFinder database generation date=2023-10-13 (1697197505)
2023-11-19 01:30:14,608 [INFO] ApiDb:671 - CubeFinder database FW Pack versions=[FP-ATR-ASTRA1_V2.0.0, FP-SNS-FLIGHT1_V5.0.1, FP-SNS-FLIGHT1_V5.0.2, FP-SNS-MOTENV1_V4.3.1, FP-SNS-MOTENV1_V4.3.2, FP-SNS-SMARTAG2_V1.2.0, I-CUBE-ITTIADB_V8.6.3-1, STM32Cube_FW_C0_V1.1.0, STM32Cube_FW_F4_V1.27.1, STM32Cube_FW_F7_V1.17.0, STM32Cube_FW_G0_V1.6.1, STM32Cube_FW_G4_V1.5.1, STM32Cube_FW_H5_V0.5.1, STM32Cube_FW_H5_V1.1.1, STM32Cube_FW_H7_V1.11.0, STM32Cube_FW_L0_V1.12.2, STM32Cube_FW_L5_V1.5.0, STM32Cube_FW_U5_V1.3.0, STM32Cube_FW_U5_V1.3.0RC4, STM32Cube_FW_WBA_V1.0.0RC1, STM32Cube_FW_WBA_V1.1.0RC1, STM32Cube_FW_WBA_V1.1.1, STM32Cube_FW_WB_V1.15.0RC1, STM32Cube_FW_WB_V1.16.0, STM32Cube_FW_WB_V1.16.0RC2, STM32Cube_FW_WB_V1.17.3, STM32Cube_FW_WL_V1.3.0, X-CUBE-ALGOBUILD_V1.3.0, X-CUBE-ALS_V1.0.1, X-CUBE-AZRTOS-F4_V1.1.0, X-CUBE-AZRTOS-F7_V1.1.0, X-CUBE-AZRTOS-G0_V1.1.0, X-CUBE-AZRTOS-G4_V2.0.0, X-CUBE-AZRTOS-H7_V3.1.0, X-CUBE-AZRTOS-L4_V1.0.0, X-CUBE-AZRTOS-L4_V2.0.0, X-CUBE-AZRTOS-L5_V1.1.0, X-CUBE-AZRTOS-WB_V2.0.0, X-CUBE-AZRTOS-WL_V2.0.0, X-CUBE-BLE1_V7.0.0, X-CUBE-BLE2_V3.3.0, X-CUBE-BLEMGR_V2.0.0, X-CUBE-EEPRMA1_V4.1.0, X-CUBE-FREERTOS_V1.1.0, X-CUBE-GNSS1_V6.0.0, X-CUBE-MEMS1_V10.0.0, X-CUBE-MEMS1_V9.1.0, X-CUBE-MEMS1_V9.4.0, X-CUBE-MEMS1_V9.6.0, X-CUBE-NFC4_V3.0.0, X-CUBE-NFC7_V1.0.1, X-CUBE-SFXS2LP1_V4.0.0, X-CUBE-SUBG2_V5.0.0, X-CUBE-TOF1_V3.3.1]
2023-11-19 01:30:14,626 [WARN] PackLoader:240 - Cannot read IP mode file for STMicroelectronics.X-CUBE-AZRTOS-F7.1.1.0
2023-11-19 01:30:14,696 [ERROR] RealEvaluatedCondition:428 - Found unsupported composite condition: CLASS='Data Exchange' GROUP='STM32_MetaDataManager'
2023-11-19 01:30:14,696 [ERROR] RealEvaluatedCondition:428 - Found unsupported composite condition: CLASS='Data Exchange' GROUP='STM32_MetaDataManager'
2023-11-19 01:30:14,698 [WARN] PackLoader:240 - Cannot read IP mode file for STMicroelectronics.FP-SNS-MOTENV1.4.3.0
2023-11-19 01:30:14,706 [WARN] PackLoader:240 - Cannot read IP mode file for STMicroelectronics.FP-SNS-MOTENV1.4.3.2
2023-11-19 01:30:14,715 [WARN] PackLoader:240 - Cannot read IP mode file for STMicroelectronics.FP-SNS-FLIGHT1.5.0.0
2023-11-19 01:30:14,719 [ERROR] RealEvaluatedCondition:428 - Found unsupported composite condition: CLASS='Data Exchange' GROUP='STM32_MetaDataManager'
2023-11-19 01:30:14,720 [ERROR] RealEvaluatedCondition:428 - Found unsupported composite condition: CLASS='Data Exchange' GROUP='STM32_MetaDataManager'
2023-11-19 01:30:14,723 [WARN] PackLoader:240 - Cannot read IP mode file for STMicroelectronics.FP-SNS-MOTENV1.4.3.1
2023-11-19 01:30:14,730 [WARN] PackLoader:240 - Cannot read IP mode file for STMicroelectronics.FP-SNS-FLIGHT1.5.0.1
2023-11-19 01:30:14,745 [WARN] PackLoader:240 - Cannot read IP mode file for STMicroelectronics.X-CUBE-BLE1.6.2.4
2023-11-19 01:30:14,750 [WARN] PackLoader:240 - Cannot read IP mode file for STMicroelectronics.FP-SNS-FLIGHT1.5.0.2
2023-11-19 01:30:14,760 [WARN] PackLoader:240 - Cannot read IP mode file for STMicroelectronics.X-CUBE-DISPLAY.3.0.0
2023-11-19 01:30:14,771 [WARN] PackLoader:240 - Cannot read IP mode file for STMicroelectronics.X-CUBE-BLE1.7.0.0
2023-11-19 01:30:14,779 [WARN] PackLoader:240 - Cannot read IP mode file for STMicroelectronics.X-CUBE-TOUCHGFX.4.22.0
2023-11-19 01:30:14,781 [WARN] PackLoader:240 - Cannot read IP mode file for STMicroelectronics.X-CUBE-TOUCHGFX.4.22.1
2023-11-19 01:30:14,786 [WARN] PackLoader:240 - Cannot read IP mode file for STMicroelectronics.FP-SNS-SMARTAG2.1.2.0
2023-11-19 01:30:14,812 [INFO] LogOutputStream:77 - [STDOUT_REDIRECT] 1 : Invalid condition id : UX_CORESTACK_Condition cause : null
2023-11-19 01:30:14,812 [INFO] LogOutputStream:77 - [STDOUT_REDIRECT] 1 : Invalid condition id : UX_CORESTACK_Condition cause : null
2023-11-19 01:30:14,816 [INFO] LogOutputStream:77 - [STDOUT_REDIRECT] 1 : Invalid condition id : UX_CORESTACK_Condition cause : null
2023-11-19 01:30:14,822 [INFO] LogOutputStream:77 - [STDOUT_REDIRECT] 1 : Invalid condition id : UX_CORESTACK_Condition cause : null
2023-11-19 01:30:14,827 [INFO] LogOutputStream:77 - [STDOUT_REDIRECT] 1 : Invalid condition id : UX_CORESTACK_Condition cause : null
2023-11-19 01:30:14,836 [WARN] PackLoader:240 - Cannot read IP mode file for STMicroelectronics.X-CUBE-AZRTOS-WL.2.0.0
2023-11-19 01:30:14,852 [WARN] PackLoader:240 - Cannot read IP mode file for WES.I-CUBE-Cesium.1.3.0
2023-11-19 01:30:14,861 [WARN] PackLoader:240 - Cannot read IP mode file for STMicroelectronics.X-CUBE-BLE2.3.3.0
2023-11-19 01:30:14,872 [WARN] PackLoader:240 - Cannot read IP mode file for STMicroelectronics.X-CUBE-TOUCHGFX.4.21.4
2023-11-19 01:30:14,882 [WARN] PackLoader:240 - Cannot read IP mode file for STMicroelectronics.X-CUBE-ALGOBUILD.1.3.0
2023-11-19 01:30:14,921 [WARN] PackLoader:240 - Cannot read IP mode file for STMicroelectronics.X-CUBE-AZRTOS-G0.1.1.0
2023-11-19 01:30:14,931 [WARN] PackLoader:240 - Cannot read IP mode file for STMicroelectronics.X-CUBE-NFC4.3.0.0
2023-11-19 01:30:14,946 [WARN] PackLoader:240 - Cannot read IP mode file for STMicroelectronics.X-CUBE-BLEMGR.3.0.0
2023-11-19 01:30:14,954 [WARN] PackLoader:240 - Cannot read IP mode file for STMicroelectronics.FP-ATR-SIGFOX1.3.2.0
2023-11-19 01:30:14,993 [WARN] PackLoader:240 - Cannot read IP mode file for SEGGER.I-CUBE-embOS.1.3.1
2023-11-19 01:30:15,080 [WARN] PackLoader:240 - Cannot read IP mode file for STMicroelectronics.X-CUBE-GNSS1.6.0.0
2023-11-19 01:30:15,104 [WARN] PackLoader:240 - Cannot read IP mode file for STMicroelectronics.X-CUBE-AZRTOS-F4.1.1.0
2023-11-19 01:30:15,117 [WARN] PackLoader:240 - Cannot read IP mode file for wolfSSL.I-CUBE-wolfSSL.5.6.0
2023-11-19 01:30:15,143 [WARN] PackLoader:240 - Cannot read IP mode file for STMicroelectronics.X-CUBE-AZRTOS-L5.2.0.0
2023-11-19 01:30:15,282 [WARN] PackLoader:240 - Cannot read IP mode file for STMicroelectronics.X-CUBE-MEMS1.9.6.0
2023-11-19 01:30:15,536 [WARN] PackLoader:240 - Cannot read IP mode file for STMicroelectronics.X-CUBE-EEPRMA1.4.2.0
2023-11-19 01:30:15,542 [WARN] PackLoader:240 - Cannot read IP mode file for ITTIA_DB.I-CUBE-ITTIADB.8.8.0
2023-11-19 01:30:15,549 [WARN] PackLoader:240 - Cannot read IP mode file for emotas.I-CUBE-CANOPEN.1.1.3
2023-11-19 01:30:15,556 [WARN] PackLoader:240 - Cannot read IP mode file for STMicroelectronics.X-CUBE-BLEMGR.2.0.0
2023-11-19 01:30:15,573 [WARN] ConditionMgr:438 - getConditionDescription Invalid condition id : UX DEVICE CLASS RTOS Condition cause : null
2023-11-19 01:30:15,573 [WARN] ConditionMgr:438 - getConditionDescription Invalid condition id : UX DEVICE CLASS RTOS Condition cause : null
2023-11-19 01:30:15,576 [WARN] PackLoader:240 - Cannot read IP mode file for STMicroelectronics.X-CUBE-AZRTOS-H7.3.1.0
2023-11-19 01:30:15,577 [WARN] ConditionMgr:1039 - genDependencies : Invalid condition id : UX DEVICE CLASS RTOS Condition cause : null
2023-11-19 01:30:15,577 [WARN] ConditionMgr:1039 - genDependencies : Invalid condition id : UX DEVICE CLASS RTOS Condition cause : null
2023-11-19 01:30:15,578 [WARN] ConditionMgr:1039 - genDependencies : Invalid condition id : UX DEVICE CLASS RTOS Condition cause : null
2023-11-19 01:30:15,579 [WARN] ConditionMgr:1039 - genDependencies : Invalid condition id : UX DEVICE CLASS RTOS Condition cause : null
2023-11-19 01:30:15,580 [WARN] ConditionMgr:1039 - genDependencies : Invalid condition id : UX DEVICE CLASS RTOS Condition cause : null
2023-11-19 01:30:15,586 [WARN] PackLoader:240 - Cannot read IP mode file for STMicroelectronics.X-CUBE-NFC7.1.0.1
2023-11-19 01:30:15,591 [WARN] PackLoader:240 - Cannot read IP mode file for STMicroelectronics.X-CUBE-NFC7.1.0.0
2023-11-19 01:30:15,610 [WARN] PackLoader:240 - Cannot read IP mode file for STMicroelectronics.X-CUBE-NFC6.3.0.0
2023-11-19 01:30:15,617 [WARN] PackLoader:240 - Cannot read IP mode file for STMicroelectronics.X-CUBE-EEPRMA1.4.1.0
2023-11-19 01:30:15,624 [WARN] PackLoader:240 - Cannot read IP mode file for STMicroelectronics.X-CUBE-AI.8.1.0
2023-11-19 01:30:15,651 [WARN] ConditionMgr:438 - getConditionDescription Invalid condition id : LAN8742 Phy interface Condition cause : null
2023-11-19 01:30:15,653 [WARN] PackLoader:240 - Cannot read IP mode file for STMicroelectronics.X-CUBE-AZRTOS-L4.2.0.0
2023-11-19 01:30:15,654 [WARN] ConditionMgr:1039 - genDependencies : Invalid condition id : LAN8742 Phy interface Condition cause : null
2023-11-19 01:30:15,655 [WARN] ConditionMgr:1039 - genDependencies : Invalid condition id : LAN8742 Phy interface Condition cause : null
2023-11-19 01:30:15,655 [WARN] ConditionMgr:1039 - genDependencies : Invalid condition id : LAN8742 Phy interface Condition cause : null
2023-11-19 01:30:15,664 [WARN] PackLoader:240 - Cannot read IP mode file for STMicroelectronics.X-CUBE-SFXS2LP1.4.0.0
2023-11-19 01:30:15,671 [WARN] PackLoader:240 - Cannot read IP mode file for STMicroelectronics.X-CUBE-ISPU.1.1.0
2023-11-19 01:30:15,739 [WARN] ConditionMgr:438 - getConditionDescription Invalid condition id : UX DEVICE CLASS RTOS Condition cause : null
2023-11-19 01:30:15,739 [WARN] ConditionMgr:438 - getConditionDescription Invalid condition id : UX DEVICE CLASS RTOS Condition cause : null
2023-11-19 01:30:15,744 [WARN] PackLoader:240 - Cannot read IP mode file for STMicroelectronics.X-CUBE-AZRTOS-WB.2.0.0
2023-11-19 01:30:15,745 [WARN] ConditionMgr:1039 - genDependencies : Invalid condition id : UX DEVICE CLASS RTOS Condition cause : null
2023-11-19 01:30:15,745 [WARN] ConditionMgr:1039 - genDependencies : Invalid condition id : UX DEVICE CLASS RTOS Condition cause : null
2023-11-19 01:30:15,746 [WARN] ConditionMgr:1039 - genDependencies : Invalid condition id : UX DEVICE CLASS RTOS Condition cause : null
2023-11-19 01:30:15,747 [WARN] ConditionMgr:1039 - genDependencies : Invalid condition id : UX DEVICE CLASS RTOS Condition cause : null
2023-11-19 01:30:15,747 [WARN] ConditionMgr:1039 - genDependencies : Invalid condition id : UX DEVICE CLASS RTOS Condition cause : null
2023-11-19 01:30:15,756 [WARN] PackLoader:240 - Cannot read IP mode file for STMicroelectronics.X-CUBE-FREERTOS.1.0.1
2023-11-19 01:30:15,779 [WARN] PackLoader:240 - Cannot read IP mode file for STMicroelectronics.X-CUBE-AZRTOS-L5.1.1.0
2023-11-19 01:30:15,786 [WARN] PackLoader:240 - Cannot read IP mode file for STMicroelectronics.X-CUBE-AI.8.0.1
2023-11-19 01:30:15,797 [WARN] PackLoader:240 - Cannot read IP mode file for STMicroelectronics.X-CUBE-SUBG2.5.0.0
2023-11-19 01:30:15,815 [WARN] PackLoader:240 - Cannot read IP mode file for STMicroelectronics.X-CUBE-TOF1.3.3.1
2023-11-19 01:30:15,839 [WARN] PackLoader:240 - Cannot read IP mode file for STMicroelectronics.X-CUBE-AZRTOS-G4.2.0.0
2023-11-19 01:30:15,856 [WARN] PackLoader:240 - Cannot read IP mode file for STMicroelectronics.X-CUBE-TOF1.3.3.0
2023-11-19 01:30:15,888 [WARN] PackLoader:240 - Cannot read IP mode file for Infineon.AIROC-Wi-Fi-Bluetooth-STM32.1.5.1
2023-11-19 01:30:15,898 [WARN] PackLoader:240 - Cannot read IP mode file for STMicroelectronics.FP-SNS-MOTENVWB1.1.3.0
2023-11-19 01:30:15,916 [WARN] PackLoader:240 - Cannot read IP mode file for STMicroelectronics.X-CUBE-AZRTOS-L4.1.0.0
2023-11-19 01:30:15,970 [WARN] PackLoader:240 - Cannot read IP mode file for STMicroelectronics.X-CUBE-MEMS1.10.0.0
2023-11-19 01:30:16,113 [WARN] PackLoader:240 - Cannot read IP mode file for STMicroelectronics.X-CUBE-FREERTOS.1.1.0
2023-11-19 01:30:16,129 [WARN] PackLoader:240 - Cannot read IP mode file for STMicroelectronics.X-CUBE-AZRTOS-WL.1.0.0
2023-11-19 01:30:16,137 [WARN] PackLoader:240 - Cannot read IP mode file for portGmbH.I-Cube-SoM-uGOAL.1.1.0
2023-11-19 01:30:16,144 [WARN] PackLoader:240 - Cannot read IP mode file for STMicroelectronics.X-CUBE-ALS.1.0.1
2023-11-19 01:30:16,167 [WARN] PackLoader:240 - Cannot read IP mode file for STMicroelectronics.X-CUBE-AZRTOS-WB.1.1.0
2023-11-19 01:30:16,203 [WARN] PackLoader:240 - Cannot read IP mode file for STMicroelectronics.FP-ATR-ASTRA1.2.0.0
2023-11-19 01:30:16,205 [INFO] ThirdParty:978 - Integrity check success = true
2023-11-19 01:30:16,205 [INFO] IntegrityCheckThread:100 - exiting critical section [integrity check]
2023-11-19 01:30:16,205 [INFO] IntegrityCheckThread:103 - End integrity checks thread
2023-11-19 01:30:17,735 [INFO] ApiDb:240 - Found 297 in-development CPN: [B-G473E-ZEST1S, B-WB1M-WPAN1, B-WL5M-SUBG1, NUCLEO-C031C6, NUCLEO-H503RB, NUCLEO-H563ZI, NUCLEO-U545RE-Q, NUCLEO-U5A5ZJ-Q, NUCLEO-WBA52CG, STEVAL-PROTEUS1, STEVAL-STWINBX1, STM320518-EVAL, STM32C0116-DK, STM32C011D6Y3TR, STM32C011D6Y6TR, STM32C011F4P3, STM32C011F4P6, STM32C011F4U3, STM32C011F4U6TR, STM32C011F6P3, STM32C011F6P6, STM32C011F6U3, STM32C011F6U6TR, STM32C011J4M3, STM32C011J4M6, STM32C011J6M3, STM32C011J6M6, STM32C0316-DK, STM32C031C4T3, STM32C031C4T6, STM32C031C4U3, STM32C031C4U6, STM32C031C6T3, STM32C031C6T6, STM32C031C6U3, STM32C031C6U6, STM32C031F4P3, STM32C031F4P6, STM32C031F6P3, STM32C031F6P6, STM32C031G4U3, STM32C031G4U6, STM32C031G6U3, STM32C031G6U6, STM32C031K4T3, STM32C031K4T6, STM32C031K4U3, STM32C031K4U6, STM32C031K6T3, STM32C031K6T6, STM32C031K6U3, STM32C031K6U6, STM32G071K8TXN, STM32G071K8UXN, STM32G081GBU6N, STM32G081KBT6N, STM32G081KBUXN, STM32G0B1CCT6N, STM32G0B1KCT6, STM32G0B1NEY6TR, STM32G0B1RCT6N, STM32G0C1CCT6, STM32G0C1CCT6N, STM32G0C1CCU6N, STM32G0C1CET6N, STM32G0C1CEU6N, STM32G0C1KCT6, STM32G0C1NEY6TR, STM32G0C1RCI6N, STM32G0C1RCT6N, STM32G0C1REI6N, STM32G0C1RET6N, STM32G0C1VCI6, STM32G0C1VEI6, STM32G471CCT6, STM32G471CCU6, STM32G471CET3, STM32G471CET6, STM32G471CEU3, STM32G471CEU6, STM32G471MCT6, STM32G471MET3, STM32G471MET6, STM32G471MEY6TR, STM32G471QCT6, STM32G471QET3, STM32G471RCT6, STM32G471RET3, STM32G471RET6, STM32G471VCH6, STM32G471VCI6, STM32G471VCT6, STM32G471VEH3, STM32G471VEH6, STM32G471VEI3, STM32G471VEI6, STM32G471VET3, STM32G471VET6, STM32G474CCT6, STM32H503CBT6, STM32H503CBU6, STM32H503EBY6TR, STM32H503KBU6, STM32H503RBT6, STM32H562AGI6, STM32H562AII6, STM32H562IGK6, STM32H562IGT6, STM32H562IIK6, STM32H562IIT6, STM32H562RGT6, STM32H562RGV6, STM32H562RIT6, STM32H562RIV6, STM32H562VGT6, STM32H562VIT6, STM32H562ZGT6, STM32H562ZIT6, STM32H563AGI6, STM32H563AII3Q, STM32H563AII6, STM32H563IGK6, STM32H563IGT6, STM32H563IIK3Q, STM32H563IIK6, STM32H563IIT3Q, STM32H563IIT6, STM32H563MIY3QTR, STM32H563RGT6, STM32H563RGV6, STM32H563RIT6, STM32H563RIV6, STM32H563VGT6, STM32H563VIT3Q, STM32H563VIT6, STM32H563ZGT6, STM32H563ZIT3Q, STM32H563ZIT6, STM32H573AII3Q, STM32H573AII6, STM32H573I-DK, STM32H573IIK3Q, STM32H573IIK6, STM32H573IIT3Q, STM32H573IIT6, STM32H573MIY3QTR, STM32H573RIT6, STM32H573RIV6, STM32H573VIT3Q, STM32H573VIT6, STM32H573ZIT3Q, STM32H573ZIT6, STM32L4R5QGI6STR, STM32MP131AAE3, STM32MP131AAF3, STM32MP131AAG3, STM32MP131CAE3, STM32MP131CAF3, STM32MP131CAG3, STM32MP131DAE7, STM32MP131DAF7, STM32MP131DAG7, STM32MP131FAE7, STM32MP131FAF7, STM32MP131FAG7, STM32MP133AAE3, STM32MP133AAF3, STM32MP133AAG3, STM32MP133CAE3, STM32MP133CAF3, STM32MP133CAG3, STM32MP133DAE7, STM32MP133DAF7, STM32MP133DAG7, STM32MP133FAE7, STM32MP133FAF7, STM32MP133FAG7, STM32MP135AAE3, STM32MP135AAF3, STM32MP135AAG3, STM32MP135CAE3, STM32MP135CAF3, STM32MP135CAG3, STM32MP135DAE7, STM32MP135DAF7, STM32MP135DAG7, STM32MP135F-DK, STM32MP135FAE7, STM32MP135FAF7, STM32MP135FAF7T, STM32MP135FAF7U, STM32MP135FAG7, STM32U535CBT6, STM32U535CBT6Q, STM32U535CBU6, STM32U535CBU6Q, STM32U535CCT6, STM32U535CCT6Q, STM32U535CCU6, STM32U535CCU6Q, STM32U535CET6, STM32U535CET6Q, STM32U535CEU6, STM32U535CEU6Q, STM32U535JEY6QTR, STM32U535NCY6QTR, STM32U535NEY6QTR, STM32U535RBI6, STM32U535RBI6Q, STM32U535RBT6, STM32U535RBT6Q, STM32U535RCI6, STM32U535RCI6Q, STM32U535RCT6, STM32U535RCT6Q, STM32U535REI6, STM32U535REI6Q, STM32U535RET6, STM32U535RET6Q, STM32U535VCI6, STM32U535VCI6Q, STM32U535VCT6, STM32U535VCT6Q, STM32U535VEI6, STM32U535VEI6Q, STM32U535VET6, STM32U535VET6Q, STM32U545CET6, STM32U545CET6Q, STM32U545CEU6, STM32U545CEU6Q, STM32U545JEY6QTR, STM32U545NEY6QTR, STM32U545REI6, STM32U545REI6Q, STM32U545RET6, STM32U545RET6Q, STM32U545VEI6, STM32U545VEI6Q, STM32U545VET6, STM32U545VET6Q, STM32U595AIH6, STM32U595AIH6Q, STM32U595AJH6, STM32U595AJH6Q, STM32U595QII6, STM32U595QII6Q, STM32U595QJI6, STM32U595QJI6Q, STM32U595RIT6, STM32U595RIT6Q, STM32U595RJT6, STM32U595RJT6Q, STM32U595VIT6, STM32U595VIT6Q, STM32U595VJT6, STM32U595VJT6Q, STM32U595ZIT6, STM32U595ZIT6Q, STM32U595ZIY6QTR, STM32U595ZJT6, STM32U595ZJT6Q, STM32U595ZJY6QTR, STM32U599BJY6QTR, STM32U599NIH6Q, STM32U599NJH6Q, STM32U599VIT6Q, STM32U599VJT6, STM32U599VJT6Q, STM32U599ZIT6Q, STM32U599ZIY6QTR, STM32U599ZJT6Q, STM32U599ZJY6QTR, STM32U5A5AJH6, STM32U5A5AJH6Q, STM32U5A5QJI6, STM32U5A5QJI6Q, STM32U5A5RJT6, STM32U5A5RJT6Q, STM32U5A5VJT6, STM32U5A5VJT6Q, STM32U5A5ZJT6, STM32U5A5ZJT6Q, STM32U5A5ZJY6QTR, STM32U5A9BJY6QTR, STM32U5A9J-DK, STM32U5A9NJH6Q, STM32U5A9VJT6Q, STM32U5A9ZJT6Q, STM32U5A9ZJY6QTR, STM32WB1MMCH6, STM32WBA52CEU6, STM32WBA52CEU6T, STM32WBA52CGU6, STM32WBA52CGU6T, STM32WL5MOCH6, STM32WL5MOCH6TR]
2023-11-19 01:30:17,741 [INFO] DbMcus:216 - Found 3825 MCUs, 3825 are supported
2023-11-19 01:30:17,747 [INFO] ApiDb:423 - Load user favorites file C:\Users\mrchl/.stm32cubeide/favorites.mcus.txt: 1 item(s)
2023-11-19 01:30:17,748 [INFO] ApiDb:427 - User favorites MCUs=[STM32C011F4P6]
2023-11-19 01:30:17,748 [INFO] DbMcus:222 - Set 1 / 1 favorites MCUs
2023-11-19 01:30:18,296 [INFO] BoardInfo:880 - No configuration file found for board P-NUCLEO-WB55
2023-11-19 01:30:18,297 [INFO] DbBoards:157 - Kit is not supported: P-NUCLEO-WB55
2023-11-19 01:30:18,303 [INFO] BoardInfo:880 - No configuration file found for board STEVAL-BFA001V1B
2023-11-19 01:30:18,303 [INFO] DbBoards:157 - Kit is not supported: STEVAL-BFA001V1B
2023-11-19 01:30:18,305 [INFO] BoardInfo:880 - No configuration file found for board STEVAL-BFA001V2B
2023-11-19 01:30:18,305 [INFO] DbBoards:157 - Kit is not supported: STEVAL-BFA001V2B
2023-11-19 01:30:18,313 [INFO] BoardInfo:880 - No configuration file found for board STEVAL-SMARTAG2
2023-11-19 01:30:18,314 [INFO] DbBoards:157 - Board is not supported: STEVAL-SMARTAG2
2023-11-19 01:30:18,468 [INFO] DbBoards:161 - Found 188 boards, 184 are supported
2023-11-19 01:30:18,470 [INFO] ApiDb:423 - Load user favorites file C:\Users\mrchl/.stm32cubeide/favorites.boards.txt: 0 item(s)
2023-11-19 01:30:18,470 [INFO] ApiDb:427 - User favorites Boards=[]
2023-11-19 01:30:18,471 [INFO] DbBoards:190 - Set 0 / 0 favorites Boards
2023-11-19 01:30:18,471 [INFO] McuFinderGlobals:66 - Set McuFinderConnectedMode to true
2023-11-19 01:30:18,479 [INFO] MultiScanPanel:200 - Auto-refresh data requested => check proxy status ongoing
2023-11-19 01:30:18,482 [INFO] FinderPluginLoader:95 - Searching for filters in installed packs
2023-11-19 01:30:19,982 [INFO] LoadUrlFilesThread:185 - End of LoadServerUrlFiles without Thread
2023-11-19 01:30:19,992 [INFO] DetailPanel:341 - Set advertising image to C:/Users/mrchl/STM32Cube/Repository/\en.prom-stm32h5-mcu-finder.jpg
2023-11-19 01:30:27,577 [ERROR] LogOutputStream:75 - [STDERR_REDIRECT] SLF4J: Failed to load class "org.slf4j.impl.StaticLoggerBinder".
2023-11-19 01:30:27,578 [ERROR] LogOutputStream:75 - [STDERR_REDIRECT] SLF4J: Defaulting to no-operation (NOP) logger implementation
2023-11-19 01:30:27,580 [ERROR] LogOutputStream:75 - [STDERR_REDIRECT] SLF4J: See http://www.slf4j.org/codes.html#StaticLoggerBinder for further details.
2023-11-19 01:32:06,028 [INFO] McuResultTable:1387 - Mark MCU STM32L476RGT3 as favorite
2023-11-19 01:32:06,455 [INFO] McuResultTable:1387 - Unmark MCU STM32L476RGT3 as favorite
2023-11-19 01:32:19,463 [INFO] McuFinderGlobals:66 - Set McuFinderConnectedMode to true
2023-11-19 01:32:19,790 [INFO] ApiDb:448 - Save user favorites file C:\Users\mrchl/.stm32cubeide/favorites.mcus.txt: 1 item(s)
2023-11-19 01:32:19,791 [INFO] ApiDb:452 - User favorites MCUs=[STM32C011F4P6]
2023-11-19 01:32:20,304 [INFO] McuAction:76 - Docs & Resources
2023-11-19 01:32:20,542 [ERROR] LogOutputStream:75 - [STDERR_REDIRECT] Exception in thread "AWT-EventQueue-0" java.lang.NullPointerException
2023-11-19 01:32:20,544 [ERROR] LogOutputStream:75 - [STDERR_REDIRECT] 	at com.st.stm32cube.common.mx.targetselector.TargetSelectorAdapter$7.run(TargetSelectorAdapter.java:353)
2023-11-19 01:32:20,547 [ERROR] LogOutputStream:75 - [STDERR_REDIRECT] 	at com.st.stm32cube.common.mx.oss.core.awtswtbridge.AwtEnvironment$2.run(AwtEnvironment.java:166)
2023-11-19 01:32:20,548 [ERROR] LogOutputStream:75 - [STDERR_REDIRECT] 	at java.desktop/java.awt.event.InvocationEvent.dispatch(InvocationEvent.java:313)
2023-11-19 01:32:20,550 [ERROR] LogOutputStream:75 - [STDERR_REDIRECT] 	at java.desktop/java.awt.EventQueue.dispatchEventImpl(EventQueue.java:770)
2023-11-19 01:32:20,551 [ERROR] LogOutputStream:75 - [STDERR_REDIRECT] 	at java.desktop/java.awt.EventQueue$4.run(EventQueue.java:721)
2023-11-19 01:32:20,553 [ERROR] LogOutputStream:75 - [STDERR_REDIRECT] 	at java.desktop/java.awt.EventQueue$4.run(EventQueue.java:715)
2023-11-19 01:32:20,555 [ERROR] LogOutputStream:75 - [STDERR_REDIRECT] 	at java.base/java.security.AccessController.doPrivileged(Native Method)
2023-11-19 01:32:20,558 [ERROR] LogOutputStream:75 - [STDERR_REDIRECT] 	at java.base/java.security.ProtectionDomain$JavaSecurityAccessImpl.doIntersectionPrivilege(ProtectionDomain.java:85)
2023-11-19 01:32:20,560 [ERROR] LogOutputStream:75 - [STDERR_REDIRECT] 	at java.desktop/java.awt.EventQueue.dispatchEvent(EventQueue.java:740)
2023-11-19 01:32:20,562 [ERROR] LogOutputStream:75 - [STDERR_REDIRECT] 	at java.desktop/java.awt.EventDispatchThread.pumpOneEventForFilters(EventDispatchThread.java:203)
2023-11-19 01:32:20,563 [ERROR] LogOutputStream:75 - [STDERR_REDIRECT] 	at java.desktop/java.awt.EventDispatchThread.pumpEventsForFilter(EventDispatchThread.java:124)
2023-11-19 01:32:20,567 [ERROR] LogOutputStream:75 - [STDERR_REDIRECT] 	at java.desktop/java.awt.EventDispatchThread.pumpEventsForHierarchy(EventDispatchThread.java:113)
2023-11-19 01:32:20,570 [ERROR] LogOutputStream:75 - [STDERR_REDIRECT] 	at java.desktop/java.awt.EventDispatchThread.pumpEvents(EventDispatchThread.java:109)
2023-11-19 01:32:20,573 [ERROR] LogOutputStream:75 - [STDERR_REDIRECT] 	at java.desktop/java.awt.EventDispatchThread.pumpEvents(EventDispatchThread.java:101)
2023-11-19 01:32:20,577 [ERROR] LogOutputStream:75 - [STDERR_REDIRECT] 	at java.desktop/java.awt.EventDispatchThread.run(EventDispatchThread.java:90)
2023-11-19 01:32:24,818 [INFO] MainUpdater:2854 - connection check result : 10
2023-11-19 01:32:24,983 [INFO] McuFinderGlobals:66 - Set McuFinderConnectedMode to true
2023-11-19 01:32:24,983 [INFO] MultiScanPanel:200 - Auto-refresh data requested => check proxy status ongoing
2023-11-19 01:32:24,984 [INFO] FinderPluginLoader:95 - Searching for filters in installed packs
2023-11-19 01:32:25,817 [INFO] LoadUrlFilesThread:185 - End of LoadServerUrlFiles without Thread
2023-11-19 01:32:25,817 [INFO] DetailPanel:341 - Set advertising image to C:/Users/mrchl/STM32Cube/Repository/\en.prom-stm32h5-mcu-finder.jpg
2023-11-19 01:34:47,783 [INFO] MainUpdater:2854 - connection check result : 10
2023-11-19 01:34:47,783 [INFO] MainUpdater:2854 - connection check result : 10
2023-11-19 01:34:47,824 [INFO] MicroXplorer:468 - Change Database Path : 
2023-11-19 01:34:47,824 [INFO] MicroXplorer:498 - Change Database Version : DB.6.0.81
2023-11-19 01:34:47,825 [WARN] ThirdParty:871 - waiting for thirdparty lock release [close project]
2023-11-19 01:34:47,825 [INFO] ThirdParty:873 - entering critical section [close project]
2023-11-19 01:34:47,828 [INFO] ThirdParty:883 - exiting critical section [close project]
2023-11-19 01:34:47,836 [INFO] PinOutPanel:1499 - setPackage(No Configuration,No Configuration)
2023-11-19 01:34:47,845 [INFO] UtilMem:75 - Begin LoadConfig() Used Memory: 501824656 Bytes (744488960)
2023-11-19 01:34:47,847 [INFO] MicroXplorer:468 - Change Database Path : 
2023-11-19 01:34:47,847 [INFO] MicroXplorer:498 - Change Database Version : DB.6.0.81
2023-11-19 01:34:47,848 [INFO] OpenFileManager:308 - Change cursor
2023-11-19 01:34:47,955 [INFO] Mcu:1937 - Initializing MCU STM32L476RGTx STM32L476RGTx 
2023-11-19 01:34:47,956 [INFO] Mcu:1950 - No CPN specified => set CPN to STM32L476RGT3
2023-11-19 01:34:51,598 [INFO] Context:659 - Trying to add GPIOservice into a context  which must be forbidden
2023-11-19 01:34:52,285 [INFO] ImportTextPane:194 - (OptionalMessage_ERROR) Unable to find key (Mcu.ThirdPartyNb) in loaded IOC file
2023-11-19 01:34:52,285 [INFO] ImportTextPane:194 - (OptionalMessage_ERROR) Unable to find key (Mcu.PinsNb) in loaded IOC file
2023-11-19 01:34:52,285 [INFO] ImportTextPane:194 - (OptionalMessage_ERROR) Unable to find key (Mcu.IPNb) in loaded IOC file
2023-11-19 01:34:52,682 [INFO] RtosManager:555 - Registered RTOS mode: class=CMSIS, group=RTOS, mode=CMSIS_V1, owner=FREERTOS
2023-11-19 01:34:52,683 [INFO] RtosManager:555 - Registered RTOS mode: class=CMSIS, group=RTOS2, mode=CMSIS_V2, owner=FREERTOS
2023-11-19 01:34:52,683 [INFO] RtosManager:555 - Registered RTOS mode: class=RTOS, group=Core, mode=CMSIS_V1, owner=FREERTOS
2023-11-19 01:34:52,683 [INFO] RtosManager:555 - Registered RTOS mode: class=RTOS, group=Core, mode=CMSIS_V2, owner=FREERTOS
2023-11-19 01:34:52,684 [WARN] ModelIntegratedComponent:184 - Missing modes for component STMicroelectronics:FreeRTOS:0.0.1:STMicroelectronics:RTOS:FreeRTOS:Core:::10.2.0:
2023-11-19 01:34:52,730 [WARN] ModelIntegratedComponent:63 - No mode defined for component null
2023-11-19 01:34:52,731 [WARN] ModelIntegratedComponent:63 - No mode defined for component null
2023-11-19 01:34:52,731 [WARN] ModelIntegratedComponent:63 - No mode defined for component null
2023-11-19 01:34:52,731 [WARN] ModelIntegratedComponent:63 - No mode defined for component null
2023-11-19 01:34:52,731 [WARN] ModelIntegratedComponent:63 - No mode defined for component null
2023-11-19 01:34:52,731 [WARN] ModelIntegratedComponent:63 - No mode defined for component null
2023-11-19 01:34:52,732 [WARN] ModelIntegratedComponent:63 - No mode defined for component null
2023-11-19 01:34:52,732 [WARN] ModelIntegratedComponent:63 - No mode defined for component null
2023-11-19 01:34:52,733 [WARN] ModelIntegratedComponent:63 - No mode defined for component null
2023-11-19 01:34:52,733 [WARN] ModelIntegratedComponent:63 - No mode defined for component null
2023-11-19 01:34:52,733 [WARN] ModelIntegratedComponent:63 - No mode defined for component null
2023-11-19 01:34:52,733 [WARN] ModelIntegratedComponent:63 - No mode defined for component null
2023-11-19 01:34:52,733 [WARN] ModelIntegratedComponent:63 - No mode defined for component null
2023-11-19 01:34:52,734 [WARN] ModelIntegratedComponent:63 - No mode defined for component null
2023-11-19 01:34:52,734 [WARN] ModelIntegratedComponent:63 - No mode defined for component null
2023-11-19 01:34:52,736 [WARN] ModelIntegratedComponent:63 - No mode defined for component null
2023-11-19 01:34:52,737 [WARN] ModelIntegratedComponent:63 - No mode defined for component null
2023-11-19 01:34:52,737 [WARN] ModelIntegratedComponent:63 - No mode defined for component null
2023-11-19 01:34:52,737 [WARN] ModelIntegratedComponent:63 - No mode defined for component null
2023-11-19 01:34:52,737 [WARN] ModelIntegratedComponent:63 - No mode defined for component null
2023-11-19 01:34:52,737 [WARN] ModelIntegratedComponent:63 - No mode defined for component null
2023-11-19 01:34:52,737 [WARN] ModelIntegratedComponent:63 - No mode defined for component null
2023-11-19 01:34:52,737 [WARN] ModelIntegratedComponent:63 - No mode defined for component null
2023-11-19 01:34:52,738 [WARN] ModelIntegratedComponent:63 - No mode defined for component null
2023-11-19 01:34:52,738 [WARN] ModelIntegratedComponent:63 - No mode defined for component null
2023-11-19 01:34:52,738 [WARN] ModelIntegratedComponent:63 - No mode defined for component null
2023-11-19 01:34:52,738 [WARN] ModelIntegratedComponent:63 - No mode defined for component null
2023-11-19 01:34:52,738 [WARN] ModelIntegratedComponent:63 - No mode defined for component null
2023-11-19 01:34:52,738 [WARN] ModelIntegratedComponent:63 - No mode defined for component null
2023-11-19 01:34:52,738 [WARN] ModelIntegratedComponent:63 - No mode defined for component null
2023-11-19 01:34:52,738 [WARN] ModelIntegratedComponent:63 - No mode defined for component null
2023-11-19 01:34:52,738 [WARN] ModelIntegratedComponent:63 - No mode defined for component null
2023-11-19 01:34:52,738 [WARN] ModelIntegratedComponent:63 - No mode defined for component null
2023-11-19 01:34:52,852 [INFO] ThirdPartyModel:298 - Start build external matchings
2023-11-19 01:34:53,937 [INFO] ThirdPartyModel:316 - End build external matchings
2023-11-19 01:34:54,627 [INFO] UtilMem:75 - End LoadConfig() Used Memory: 564356024 Bytes (744488960)
2023-11-19 01:34:54,677 [WARN] ThirdParty:833 - waiting for thirdparty lock release [change project]
2023-11-19 01:34:54,678 [INFO] ThirdParty:835 - entering critical section [change project]
2023-11-19 01:34:54,678 [INFO] ThirdParty:1030 - CMSIS Pack Vendor :STMicroelectronics X-CUBE-ISPU 1.1.0
2023-11-19 01:34:54,678 [INFO] ThirdParty:1030 - CMSIS Pack Vendor :STMicroelectronics X-CUBE-GNSS1 6.0.0
2023-11-19 01:34:54,678 [INFO] ThirdParty:1030 - CMSIS Pack Vendor :STMicroelectronics USB_HOST 2.0.0
2023-11-19 01:34:54,679 [INFO] ThirdParty:1030 - CMSIS Pack Vendor :STMicroelectronics X-CUBE-AZRTOS-F4 1.1.0
2023-11-19 01:34:54,679 [INFO] ThirdParty:1030 - CMSIS Pack Vendor :STMicroelectronics LIBJPEG 8.0.0
2023-11-19 01:34:54,680 [INFO] ThirdParty:1030 - CMSIS Pack Vendor :STMicroelectronics X-CUBE-SMBUS 2.1.0
2023-11-19 01:34:54,681 [INFO] ThirdParty:1030 - CMSIS Pack Vendor :wolfSSL I-CUBE-wolfSSL 5.6.0
2023-11-19 01:34:54,681 [INFO] ThirdParty:1030 - CMSIS Pack Vendor :STMicroelectronics USB_DEVICE 3.0.0
2023-11-19 01:34:54,681 [INFO] ThirdParty:1030 - CMSIS Pack Vendor :STMicroelectronics X-CUBE-AZRTOS-WB 2.0.0
2023-11-19 01:34:54,681 [INFO] ThirdParty:1030 - CMSIS Pack Vendor :STMicroelectronics X-CUBE-FREERTOS 1.0.1
2023-11-19 01:34:54,681 [INFO] ThirdParty:1030 - CMSIS Pack Vendor :STMicroelectronics X-CUBE-AZRTOS-F7 1.1.0
2023-11-19 01:34:54,681 [INFO] ThirdParty:1030 - CMSIS Pack Vendor :STMicroelectronics X-CUBE-TOUCHGFX 4.21.4
2023-11-19 01:34:54,681 [INFO] ThirdParty:1030 - CMSIS Pack Vendor :STMicroelectronics X-CUBE-AZRTOS-L5 2.0.0
2023-11-19 01:34:54,682 [INFO] ThirdParty:1030 - CMSIS Pack Vendor :STMicroelectronics USB_DEVICE 2.0.0
2023-11-19 01:34:54,682 [INFO] ThirdParty:1030 - CMSIS Pack Vendor :STMicroelectronics X-CUBE-MEMS1 9.6.0
2023-11-19 01:34:54,682 [INFO] ThirdParty:1030 - CMSIS Pack Vendor :STMicroelectronics X-CUBE-EEPRMA1 4.2.0
2023-11-19 01:34:54,682 [INFO] ThirdParty:1030 - CMSIS Pack Vendor :ITTIA_DB I-CUBE-ITTIADB 8.8.0
2023-11-19 01:34:54,682 [INFO] ThirdParty:1030 - CMSIS Pack Vendor :STMicroelectronics FP-SNS-MOTENV1 4.3.0
2023-11-19 01:34:54,682 [INFO] ThirdParty:1030 - CMSIS Pack Vendor :STMicroelectronics FP-SNS-MOTENV1 4.3.2
2023-11-19 01:34:54,682 [INFO] ThirdParty:1030 - CMSIS Pack Vendor :STMicroelectronics FP-SNS-FLIGHT1 5.0.0
2023-11-19 01:34:54,682 [INFO] ThirdParty:1030 - CMSIS Pack Vendor :STMicroelectronics FP-SNS-MOTENV1 4.3.1
2023-11-19 01:34:54,682 [INFO] ThirdParty:1030 - CMSIS Pack Vendor :STMicroelectronics FP-SNS-FLIGHT1 5.0.1
2023-11-19 01:34:54,683 [INFO] ThirdParty:1030 - CMSIS Pack Vendor :STMicroelectronics X-CUBE-ALGOBUILD 1.3.0
2023-11-19 01:34:54,683 [INFO] ThirdParty:1030 - CMSIS Pack Vendor :STMicroelectronics X-CUBE-BLE1 6.2.4
2023-11-19 01:34:54,683 [INFO] ThirdParty:1030 - CMSIS Pack Vendor :STMicroelectronics X-CUBE-AZRTOS-L5 1.1.0
2023-11-19 01:34:54,683 [INFO] ThirdParty:1030 - CMSIS Pack Vendor :STMicroelectronics FreeRTOS 0.0.1
2023-11-19 01:34:54,683 [INFO] ThirdParty:1030 - CMSIS Pack Vendor :STMicroelectronics X-CUBE-AZRTOS-G0 1.1.0
2023-11-19 01:34:54,683 [INFO] ThirdParty:1030 - CMSIS Pack Vendor :emotas I-CUBE-CANOPEN 1.1.3
2023-11-19 01:34:54,683 [INFO] ThirdParty:1030 - CMSIS Pack Vendor :STMicroelectronics X-CUBE-BLEMGR 2.0.0
2023-11-19 01:34:54,684 [INFO] ThirdParty:1030 - CMSIS Pack Vendor :STMicroelectronics X-CUBE-AI 8.0.1
2023-11-19 01:34:54,687 [INFO] ThirdParty:1030 - CMSIS Pack Vendor :STMicroelectronics X-CUBE-NFC4 3.0.0
2023-11-19 01:34:54,687 [INFO] ThirdParty:1030 - CMSIS Pack Vendor :STMicroelectronics X-CUBE-SUBG2 5.0.0
2023-11-19 01:34:54,687 [INFO] ThirdParty:1030 - CMSIS Pack Vendor :STMicroelectronics STM32_WPAN 1.0.0
2023-11-19 01:34:54,687 [INFO] ThirdParty:1030 - CMSIS Pack Vendor :STMicroelectronics lwIP 2.0.3
2023-11-19 01:34:54,687 [INFO] ThirdParty:1030 - CMSIS Pack Vendor :STMicroelectronics FP-SNS-FLIGHT1 5.0.2
2023-11-19 01:34:54,687 [INFO] ThirdParty:1030 - CMSIS Pack Vendor :STMicroelectronics USB_HOST 1.0.0
2023-11-19 01:34:54,689 [INFO] ThirdParty:1030 - CMSIS Pack Vendor :STMicroelectronics X-CUBE-TOF1 3.3.1
2023-11-19 01:34:54,689 [INFO] ThirdParty:1030 - CMSIS Pack Vendor :STMicroelectronics X-CUBE-AZRTOS-G4 2.0.0
2023-11-19 01:34:54,689 [INFO] ThirdParty:1030 - CMSIS Pack Vendor :STMicroelectronics PDM2PCM 3.1.0
2023-11-19 01:34:54,689 [INFO] ThirdParty:1030 - CMSIS Pack Vendor :STMicroelectronics X-CUBE-AZRTOS-H7 3.1.0
2023-11-19 01:34:54,690 [INFO] ThirdParty:1030 - CMSIS Pack Vendor :STMicroelectronics X-CUBE-TOF1 3.3.0
2023-11-19 01:34:54,690 [INFO] ThirdParty:1030 - CMSIS Pack Vendor :Infineon AIROC-Wi-Fi-Bluetooth-STM32 1.5.1
2023-11-19 01:34:54,690 [INFO] ThirdParty:1030 - CMSIS Pack Vendor :STMicroelectronics X-CUBE-BLEMGR 3.0.0
2023-11-19 01:34:54,690 [INFO] ThirdParty:1030 - CMSIS Pack Vendor :STMicroelectronics PDM2PCM 3.3.0
2023-11-19 01:34:54,690 [INFO] ThirdParty:1030 - CMSIS Pack Vendor :STMicroelectronics X-CUBE-DISPLAY 3.0.0
2023-11-19 01:34:54,690 [INFO] ThirdParty:1030 - CMSIS Pack Vendor :STMicroelectronics FP-SNS-MOTENVWB1 1.3.0
2023-11-19 01:34:54,691 [INFO] ThirdParty:1030 - CMSIS Pack Vendor :STMicroelectronics X-CUBE-BLE1 7.0.0
2023-11-19 01:34:54,691 [INFO] ThirdParty:1030 - CMSIS Pack Vendor :STMicroelectronics FP-ATR-SIGFOX1 3.2.0
2023-11-19 01:34:54,691 [INFO] ThirdParty:1030 - CMSIS Pack Vendor :STMicroelectronics X-CUBE-AZRTOS-L4 1.0.0
2023-11-19 01:34:54,691 [INFO] ThirdParty:1030 - CMSIS Pack Vendor :STMicroelectronics HAL Drivers 0.0.0
2023-11-19 01:34:54,691 [INFO] ThirdParty:1030 - CMSIS Pack Vendor :STMicroelectronics MBEDTLS 2.16.2
2023-11-19 01:34:54,691 [INFO] ThirdParty:1030 - CMSIS Pack Vendor :STMicroelectronics X-CUBE-MEMS1 10.0.0
2023-11-19 01:34:54,691 [INFO] ThirdParty:1030 - CMSIS Pack Vendor :STMicroelectronics X-CUBE-FREERTOS 1.1.0
2023-11-19 01:34:54,691 [INFO] ThirdParty:1030 - CMSIS Pack Vendor :STMicroelectronics X-CUBE-TOUCHGFX 4.22.0
2023-11-19 01:34:54,691 [INFO] ThirdParty:1030 - CMSIS Pack Vendor :STMicroelectronics X-CUBE-NFC7 1.0.1
2023-11-19 01:34:54,691 [INFO] ThirdParty:1030 - CMSIS Pack Vendor :STMicroelectronics MBEDTLS 2.14.1
2023-11-19 01:34:54,692 [INFO] ThirdParty:1030 - CMSIS Pack Vendor :STMicroelectronics X-CUBE-NFC7 1.0.0
2023-11-19 01:34:54,692 [INFO] ThirdParty:1030 - CMSIS Pack Vendor :STMicroelectronics X-CUBE-TOUCHGFX 4.22.1
2023-11-19 01:34:54,692 [INFO] ThirdParty:1030 - CMSIS Pack Vendor :STMicroelectronics X-CUBE-AZRTOS-WL 1.0.0
2023-11-19 01:34:54,692 [INFO] ThirdParty:1030 - CMSIS Pack Vendor :STMicroelectronics X-CUBE-NFC6 3.0.0
2023-11-19 01:34:54,692 [INFO] ThirdParty:1030 - CMSIS Pack Vendor :STMicroelectronics X-CUBE-EEPRMA1 4.1.0
2023-11-19 01:34:54,692 [INFO] ThirdParty:1030 - CMSIS Pack Vendor :portGmbH I-Cube-SoM-uGOAL 1.1.0
2023-11-19 01:34:54,692 [INFO] ThirdParty:1030 - CMSIS Pack Vendor :STMicroelectronics X-CUBE-ALS 1.0.1
2023-11-19 01:34:54,692 [INFO] ThirdParty:1030 - CMSIS Pack Vendor :STMicroelectronics ThreadX 1.0.0
2023-11-19 01:34:54,692 [INFO] ThirdParty:1030 - CMSIS Pack Vendor :STMicroelectronics FP-SNS-SMARTAG2 1.2.0
2023-11-19 01:34:54,693 [INFO] ThirdParty:1030 - CMSIS Pack Vendor :STMicroelectronics X-CUBE-AZRTOS-WB 1.1.0
2023-11-19 01:34:54,693 [INFO] ThirdParty:1030 - CMSIS Pack Vendor :STMicroelectronics X-CUBE-AZRTOS-WL 2.0.0
2023-11-19 01:34:54,693 [INFO] ThirdParty:1030 - CMSIS Pack Vendor :SEGGER I-CUBE-embOS 1.3.1
2023-11-19 01:34:54,693 [INFO] ThirdParty:1030 - CMSIS Pack Vendor :STMicroelectronics USB_DEVICE 1.0.0
2023-11-19 01:34:54,693 [INFO] ThirdParty:1030 - CMSIS Pack Vendor :STMicroelectronics X-CUBE-AI 8.1.0
2023-11-19 01:34:54,693 [INFO] ThirdParty:1030 - CMSIS Pack Vendor :STMicroelectronics X-CUBE-AZRTOS-L4 2.0.0
2023-11-19 01:34:54,693 [INFO] ThirdParty:1030 - CMSIS Pack Vendor :STMicroelectronics ThreadX 0.0.2
2023-11-19 01:34:54,693 [INFO] ThirdParty:1030 - CMSIS Pack Vendor :WES I-CUBE-Cesium 1.3.0
2023-11-19 01:34:54,694 [INFO] ThirdParty:1030 - CMSIS Pack Vendor :STMicroelectronics FP-ATR-ASTRA1 2.0.0
2023-11-19 01:34:54,694 [INFO] ThirdParty:1030 - CMSIS Pack Vendor :STMicroelectronics lwIP 2.1.2
2023-11-19 01:34:54,694 [INFO] ThirdParty:1030 - CMSIS Pack Vendor :STMicroelectronics X-CUBE-SFXS2LP1 4.0.0
2023-11-19 01:34:54,694 [INFO] ThirdParty:1030 - CMSIS Pack Vendor :STMicroelectronics X-CUBE-BLE2 3.3.0
2023-11-19 01:34:54,694 [INFO] ThirdParty:1030 - CMSIS Pack Vendor :STMicroelectronics PDM2PCM 3.2.0
2023-11-19 01:34:54,694 [INFO] ThirdParty:841 - exiting critical section [change project]
2023-11-19 01:34:55,387 [INFO] PinOutPanel:1499 - setPackage(No Configuration,No Configuration)
2023-11-19 01:34:55,390 [INFO] PinOutPanel:1499 - setPackage(STM32L476RGTx,LQFP64)
2023-11-19 01:34:56,359 [INFO] UtilMem:75 - Before build in PCC Used Memory: 658226416 Bytes (744488960)
2023-11-19 01:34:57,532 [INFO] UtilMem:75 - After build in PCC Used Memory: 530549136 Bytes (744488960)
2023-11-19 01:34:57,587 [INFO] IPUIPlugin:80 - create IPUIPlugin
2023-11-19 01:34:57,587 [INFO] IPUIPlugin:80 - create IPUIPlugin
2023-11-19 01:34:57,587 [INFO] IPUIPlugin:80 - create IPUIPlugin
2023-11-19 01:34:57,587 [INFO] IPUIPlugin:80 - create IPUIPlugin
2023-11-19 01:34:57,589 [INFO] IPUIPlugin:80 - create IPUIPlugin
2023-11-19 01:34:57,589 [INFO] IPUIPlugin:80 - create IPUIPlugin
2023-11-19 01:34:57,589 [INFO] IPUIPlugin:80 - create IPUIPlugin
2023-11-19 01:34:57,590 [INFO] IPUIPlugin:80 - create IPUIPlugin
2023-11-19 01:34:57,590 [INFO] IPUIPlugin:80 - create IPUIPlugin
2023-11-19 01:34:57,590 [INFO] IPUIPlugin:80 - create IPUIPlugin
2023-11-19 01:34:57,590 [INFO] IPUIPlugin:80 - create IPUIPlugin
2023-11-19 01:34:57,590 [INFO] IPUIPlugin:80 - create IPUIPlugin
2023-11-19 01:34:57,590 [INFO] IPUIPlugin:80 - create IPUIPlugin
2023-11-19 01:34:57,591 [INFO] IPUIPlugin:80 - create IPUIPlugin
2023-11-19 01:34:57,591 [INFO] IPUIPlugin:80 - create IPUIPlugin
2023-11-19 01:34:57,591 [INFO] IPUIPlugin:80 - create IPUIPlugin
2023-11-19 01:34:57,591 [INFO] IPUIPlugin:80 - create IPUIPlugin
2023-11-19 01:34:57,592 [INFO] IPUIPlugin:80 - create IPUIPlugin
2023-11-19 01:34:57,592 [INFO] IPUIPlugin:80 - create IPUIPlugin
2023-11-19 01:34:57,593 [INFO] IPUIPlugin:80 - create IPUIPlugin
2023-11-19 01:34:57,594 [INFO] IPUIPlugin:80 - create IPUIPlugin
2023-11-19 01:34:57,594 [INFO] IPUIPlugin:80 - create IPUIPlugin
2023-11-19 01:34:57,594 [INFO] IPUIPlugin:80 - create IPUIPlugin
2023-11-19 01:34:57,595 [INFO] IPUIPlugin:80 - create IPUIPlugin
2023-11-19 01:34:57,595 [INFO] IPUIPlugin:80 - create IPUIPlugin
2023-11-19 01:34:57,595 [INFO] IPUIPlugin:80 - create IPUIPlugin
2023-11-19 01:34:57,596 [INFO] IPUIPlugin:80 - create IPUIPlugin
2023-11-19 01:34:57,596 [INFO] IPUIPlugin:80 - create IPUIPlugin
2023-11-19 01:34:57,597 [INFO] IPUIPlugin:80 - create IPUIPlugin
2023-11-19 01:34:57,597 [INFO] IPUIPlugin:80 - create IPUIPlugin
2023-11-19 01:34:57,598 [INFO] IPUIPlugin:80 - create IPUIPlugin
2023-11-19 01:34:57,598 [INFO] IPUIPlugin:80 - create IPUIPlugin
2023-11-19 01:34:57,598 [INFO] IPUIPlugin:80 - create IPUIPlugin
2023-11-19 01:34:57,598 [INFO] IPUIPlugin:80 - create IPUIPlugin
2023-11-19 01:34:57,599 [INFO] IPUIPlugin:80 - create IPUIPlugin
2023-11-19 01:34:57,600 [INFO] IPUIPlugin:80 - create IPUIPlugin
2023-11-19 01:34:57,600 [INFO] IPUIPlugin:80 - create IPUIPlugin
2023-11-19 01:34:57,601 [INFO] IPUIPlugin:80 - create IPUIPlugin
2023-11-19 01:34:57,601 [INFO] IPUIPlugin:80 - create IPUIPlugin
2023-11-19 01:34:57,601 [INFO] IPUIPlugin:80 - create IPUIPlugin
2023-11-19 01:34:57,602 [INFO] IPUIPlugin:80 - create IPUIPlugin
2023-11-19 01:34:57,602 [INFO] IPUIPlugin:80 - create IPUIPlugin
2023-11-19 01:34:57,603 [INFO] IPUIPlugin:80 - create IPUIPlugin
2023-11-19 01:34:57,603 [INFO] IPUIPlugin:80 - create IPUIPlugin
2023-11-19 01:34:57,604 [INFO] IPUIPlugin:80 - create IPUIPlugin
2023-11-19 01:34:57,604 [INFO] IPUIPlugin:80 - create IPUIPlugin
2023-11-19 01:34:57,605 [INFO] IPUIPlugin:80 - create IPUIPlugin
2023-11-19 01:34:57,605 [INFO] IPUIPlugin:80 - create IPUIPlugin
2023-11-19 01:34:57,606 [INFO] IPUIPlugin:80 - create IPUIPlugin
2023-11-19 01:34:57,607 [INFO] IPUIPlugin:80 - create IPUIPlugin
2023-11-19 01:34:57,608 [INFO] IPUIPlugin:80 - create IPUIPlugin
2023-11-19 01:34:57,608 [INFO] IPUIPlugin:80 - create IPUIPlugin
2023-11-19 01:34:57,608 [INFO] IPUIPlugin:80 - create IPUIPlugin
2023-11-19 01:34:57,610 [INFO] IPUIPlugin:80 - create IPUIPlugin
2023-11-19 01:34:57,610 [INFO] IPUIPlugin:80 - create IPUIPlugin
2023-11-19 01:34:57,611 [INFO] IPUIPlugin:80 - create IPUIPlugin
2023-11-19 01:34:57,612 [INFO] IPUIPlugin:80 - create IPUIPlugin
2023-11-19 01:34:57,613 [INFO] IPUIPlugin:80 - create IPUIPlugin
2023-11-19 01:34:57,614 [INFO] IPUIPlugin:80 - create IPUIPlugin
2023-11-19 01:34:57,855 [INFO] CADModel:165 - CPN selected for project levelSTM32L476RGT3
2023-11-19 01:34:57,855 [INFO] CADModel:114 - Register for checkConnection events
2023-11-19 01:34:57,935 [INFO] OpenFileManager:328 - Restore cursor
2023-11-19 01:34:59,124 [INFO] UtilMem:75 - End SaveConfig() Used Memory: 564993360 Bytes (744488960)
2023-11-19 01:34:59,203 [INFO] UtilMem:75 - End SaveConfig() Used Memory: 589636944 Bytes (744488960)
2023-11-19 01:34:59,930 [INFO] BlockDiagram:2759 - set Specific Code input for plugin: RCC
2023-11-19 01:34:59,930 [INFO] BlockDiagram:2759 - set Specific Code input for plugin: NVIC
2023-11-19 01:34:59,933 [INFO] CodeGenerator:793 - code generatio: config db path: C:\ST\STM32CubeIDE_1.12.1\STM32CubeIDE\plugins\com.st.stm32cube.common.mx_6.8.1.202304191431\\db\
2023-11-19 01:35:00,686 [INFO] CodeEngine:255 - oldGeneratedFile, C:\Users\mrchl\STM32CubeIDE\workspace_1.12.1\ProjektWolne\FORBOT5\MXTmpFiles\license.tmp_save
2023-11-19 01:35:01,297 [INFO] CodeEngine:279 - Generated code: C:\Users\mrchl\STM32CubeIDE\workspace_1.12.1\ProjektWolne\FORBOT5\MXTmpFiles\license.tmp
2023-11-19 01:35:01,321 [INFO] CodeEngine:255 - oldGeneratedFile, C:\Users\mrchl\STM32CubeIDE\workspace_1.12.1\ProjektWolne\FORBOT5\Core\Src\stm32l4xx_it.c_save
2023-11-19 01:35:01,632 [INFO] CodeEngine:279 - Generated code: C:\Users\mrchl\STM32CubeIDE\workspace_1.12.1\ProjektWolne\FORBOT5\Core\Src\stm32l4xx_it.c
2023-11-19 01:35:01,637 [INFO] CodeEngine:255 - oldGeneratedFile, C:\Users\mrchl\STM32CubeIDE\workspace_1.12.1\ProjektWolne\FORBOT5\Core\Inc\stm32l4xx_it.h_save
2023-11-19 01:35:01,803 [INFO] CodeEngine:279 - Generated code: C:\Users\mrchl\STM32CubeIDE\workspace_1.12.1\ProjektWolne\FORBOT5\Core\Inc\stm32l4xx_it.h
2023-11-19 01:35:01,929 [INFO] CodeEngine:255 - oldGeneratedFile, C:\Users\mrchl\STM32CubeIDE\workspace_1.12.1\ProjektWolne\FORBOT5\Core\Src\stm32l4xx_hal_msp.c_save
2023-11-19 01:35:02,163 [INFO] CodeEngine:279 - Generated code: C:\Users\mrchl\STM32CubeIDE\workspace_1.12.1\ProjektWolne\FORBOT5\Core\Src\stm32l4xx_hal_msp.c
2023-11-19 01:35:02,169 [INFO] CodeEngine:255 - oldGeneratedFile, C:\Users\mrchl\STM32CubeIDE\workspace_1.12.1\ProjektWolne\FORBOT5\MXTmpFiles\system.tmp_save
2023-11-19 01:35:02,275 [INFO] CodeEngine:279 - Generated code: C:\Users\mrchl\STM32CubeIDE\workspace_1.12.1\ProjektWolne\FORBOT5\MXTmpFiles\system.tmp
2023-11-19 01:35:02,286 [INFO] CodeEngine:311 - oldGeneratedFile, C:\Users\mrchl\STM32CubeIDE\workspace_1.12.1\ProjektWolne\FORBOT5\Core\Inc\stm32l4xx_hal_conf.h_save
2023-11-19 01:35:02,455 [INFO] CodeEngine:335 - Generated code: C:\Users\mrchl\STM32CubeIDE\workspace_1.12.1\ProjektWolne\FORBOT5\Core\Inc\stm32l4xx_hal_conf.h
2023-11-19 01:35:02,533 [INFO] CodeEngine:255 - oldGeneratedFile, C:\Users\mrchl\STM32CubeIDE\workspace_1.12.1\ProjektWolne\FORBOT5\Core\Inc\main.h_save
2023-11-19 01:35:02,755 [INFO] CodeEngine:279 - Generated code: C:\Users\mrchl\STM32CubeIDE\workspace_1.12.1\ProjektWolne\FORBOT5\Core\Inc\main.h
2023-11-19 01:35:02,762 [INFO] CodeEngine:255 - oldGeneratedFile, C:\Users\mrchl\STM32CubeIDE\workspace_1.12.1\ProjektWolne\FORBOT5\Core\Src\main.c_save
2023-11-19 01:35:03,038 [INFO] CodeEngine:279 - Generated code: C:\Users\mrchl\STM32CubeIDE\workspace_1.12.1\ProjektWolne\FORBOT5\Core\Src\main.c
2023-11-19 01:35:04,248 [INFO] ProjectBuilder:2996 - Time for Copy HAL[1] : 295mS.
2023-11-19 01:35:04,318 [INFO] ProjectBuilder:4304 - Project Generator version: 3.19.2
2023-11-19 01:35:04,775 [INFO] ConfigFileManager:1483 - The Die is : DIE415
2023-11-19 01:35:04,792 [INFO] ApiDbMcu:507 - Load IP Config File for FATFS
2023-11-19 01:35:04,799 [INFO] ApiDbMcu:507 - Load IP Config File for FREERTOS
2023-11-19 01:35:04,848 [INFO] ApiDbMcu:507 - Load IP Config File for TOUCHSENSING
2023-11-19 01:35:04,854 [INFO] ApiDbMcu:507 - Load IP Config File for USB_DEVICE
2023-11-19 01:35:04,859 [INFO] ApiDbMcu:507 - Load IP Config File for USB_HOST
2023-11-19 01:35:06,265 [INFO] LogOutputStream:77 - [STDOUT_REDIRECT] 
2023-11-19 01:35:08,844 [INFO] ProjectBuilder:4505 - Time for Generating toolchain IDE Files: 4526mS.
2023-11-19 01:35:08,846 [INFO] ProjectBuilder:2867 - Time for Copy CMSIS : 2mS.
2023-11-19 01:35:08,852 [INFO] ProjectBuilder:2867 - Time for Copy CMSIS : 0mS.
2023-11-19 01:35:10,537 [INFO] McuFinderGlobals:66 - Set McuFinderConnectedMode to true
2023-11-19 01:35:10,539 [INFO] ApiDb:448 - Save user favorites file C:\Users\mrchl/.stm32cubeide/favorites.mcus.txt: 1 item(s)
2023-11-19 01:35:10,539 [INFO] ApiDb:452 - User favorites MCUs=[STM32C011F4P6]
2023-11-19 01:45:43,919 [INFO] UtilMem:75 - End SaveConfig() Used Memory: 642473792 Bytes (1066401792)
2023-11-19 01:45:45,475 [INFO] UtilMem:75 - End SaveConfig() Used Memory: 673931072 Bytes (1066401792)
2023-11-19 01:45:48,524 [INFO] UtilMem:75 - End SaveConfig() Used Memory: 773826952 Bytes (1066401792)
2023-11-19 01:45:48,928 [INFO] BlockDiagram:2759 - set Specific Code input for plugin: SYS
2023-11-19 01:45:48,928 [INFO] BlockDiagram:2759 - set Specific Code input for plugin: RCC
2023-11-19 01:45:48,928 [INFO] BlockDiagram:2759 - set Specific Code input for plugin: RTC
2023-11-19 01:45:48,928 [INFO] BlockDiagram:2759 - set Specific Code input for plugin: NVIC
2023-11-19 01:45:48,929 [INFO] BlockDiagram:2759 - set Specific Code input for plugin: USART
2023-11-19 01:45:48,929 [INFO] BlockDiagram:2759 - set Specific Code input for plugin: GPIO
2023-11-19 01:45:48,931 [INFO] CodeGenerator:793 - code generatio: config db path: C:\ST\STM32CubeIDE_1.12.1\STM32CubeIDE\plugins\com.st.stm32cube.common.mx_6.8.1.202304191431\\db\
2023-11-19 01:45:49,254 [INFO] CodeEngine:255 - oldGeneratedFile, C:\Users\mrchl\STM32CubeIDE\workspace_1.12.1\ProjektWolne\FORBOT5\MXTmpFiles\license.tmp_save
2023-11-19 01:45:49,443 [INFO] CodeEngine:279 - Generated code: C:\Users\mrchl\STM32CubeIDE\workspace_1.12.1\ProjektWolne\FORBOT5\MXTmpFiles\license.tmp
2023-11-19 01:45:49,515 [INFO] CodeEngine:255 - oldGeneratedFile, C:\Users\mrchl\STM32CubeIDE\workspace_1.12.1\ProjektWolne\FORBOT5\MXTmpFiles\gpio.tmp_save
2023-11-19 01:45:49,698 [INFO] CodeEngine:279 - Generated code: C:\Users\mrchl\STM32CubeIDE\workspace_1.12.1\ProjektWolne\FORBOT5\MXTmpFiles\gpio.tmp
2023-11-19 01:45:49,871 [INFO] CodeEngine:255 - oldGeneratedFile, C:\Users\mrchl\STM32CubeIDE\workspace_1.12.1\ProjektWolne\FORBOT5\Core\Src\stm32l4xx_it.c_save
2023-11-19 01:45:50,251 [INFO] CodeEngine:279 - Generated code: C:\Users\mrchl\STM32CubeIDE\workspace_1.12.1\ProjektWolne\FORBOT5\Core\Src\stm32l4xx_it.c
2023-11-19 01:45:50,259 [INFO] CodeEngine:255 - oldGeneratedFile, C:\Users\mrchl\STM32CubeIDE\workspace_1.12.1\ProjektWolne\FORBOT5\Core\Inc\stm32l4xx_it.h_save
2023-11-19 01:45:50,335 [INFO] CodeEngine:279 - Generated code: C:\Users\mrchl\STM32CubeIDE\workspace_1.12.1\ProjektWolne\FORBOT5\Core\Inc\stm32l4xx_it.h
2023-11-19 01:45:50,365 [INFO] CodeEngine:255 - oldGeneratedFile, C:\Users\mrchl\STM32CubeIDE\workspace_1.12.1\ProjektWolne\FORBOT5\Core\Src\stm32l4xx_hal_msp.c_save
2023-11-19 01:45:50,573 [INFO] CodeEngine:279 - Generated code: C:\Users\mrchl\STM32CubeIDE\workspace_1.12.1\ProjektWolne\FORBOT5\Core\Src\stm32l4xx_hal_msp.c
2023-11-19 01:45:50,581 [INFO] CodeEngine:255 - oldGeneratedFile, C:\Users\mrchl\STM32CubeIDE\workspace_1.12.1\ProjektWolne\FORBOT5\MXTmpFiles\system.tmp_save
2023-11-19 01:45:50,656 [INFO] CodeEngine:279 - Generated code: C:\Users\mrchl\STM32CubeIDE\workspace_1.12.1\ProjektWolne\FORBOT5\MXTmpFiles\system.tmp
2023-11-19 01:45:50,682 [INFO] CodeEngine:311 - oldGeneratedFile, C:\Users\mrchl\STM32CubeIDE\workspace_1.12.1\ProjektWolne\FORBOT5\Core\Inc\stm32l4xx_hal_conf.h_save
2023-11-19 01:45:50,816 [INFO] CodeEngine:335 - Generated code: C:\Users\mrchl\STM32CubeIDE\workspace_1.12.1\ProjektWolne\FORBOT5\Core\Inc\stm32l4xx_hal_conf.h
2023-11-19 01:45:50,877 [INFO] CodeEngine:255 - oldGeneratedFile, C:\Users\mrchl\STM32CubeIDE\workspace_1.12.1\ProjektWolne\FORBOT5\Core\Inc\main.h_save
2023-11-19 01:45:51,012 [INFO] CodeEngine:279 - Generated code: C:\Users\mrchl\STM32CubeIDE\workspace_1.12.1\ProjektWolne\FORBOT5\Core\Inc\main.h
2023-11-19 01:45:51,029 [INFO] CodeEngine:255 - oldGeneratedFile, C:\Users\mrchl\STM32CubeIDE\workspace_1.12.1\ProjektWolne\FORBOT5\Core\Src\main.c_save
2023-11-19 01:45:51,200 [INFO] CodeEngine:279 - Generated code: C:\Users\mrchl\STM32CubeIDE\workspace_1.12.1\ProjektWolne\FORBOT5\Core\Src\main.c
2023-11-19 01:45:52,114 [INFO] ProjectBuilder:2996 - Time for Copy HAL[1] : 323mS.
2023-11-19 01:45:52,120 [INFO] ProjectBuilder:4304 - Project Generator version: 3.19.2
2023-11-19 01:45:52,548 [INFO] ConfigFileManager:1483 - The Die is : DIE415
2023-11-19 01:45:54,272 [INFO] ProjectBuilder:4505 - Time for Generating toolchain IDE Files: 2152mS.
2023-11-19 01:45:54,273 [INFO] ProjectBuilder:2867 - Time for Copy CMSIS : 1mS.
2023-11-19 01:45:54,283 [INFO] ProjectBuilder:2867 - Time for Copy CMSIS : 0mS.
2023-11-19 02:07:05,375 [INFO] UtilMem:75 - End SaveConfig() Used Memory: 866104560 Bytes (1066401792)
2023-11-19 02:07:06,700 [INFO] UtilMem:75 - End SaveConfig() Used Memory: 895464688 Bytes (1066401792)
2023-11-19 02:07:13,106 [INFO] UtilMem:75 - End SaveConfig() Used Memory: 745855728 Bytes (1066401792)
2023-11-19 02:07:13,540 [INFO] BlockDiagram:2759 - set Specific Code input for plugin: SYS
2023-11-19 02:07:13,540 [INFO] BlockDiagram:2759 - set Specific Code input for plugin: RCC
2023-11-19 02:07:13,540 [INFO] BlockDiagram:2759 - set Specific Code input for plugin: RTC
2023-11-19 02:07:13,540 [INFO] BlockDiagram:2759 - set Specific Code input for plugin: NVIC
2023-11-19 02:07:13,540 [INFO] BlockDiagram:2759 - set Specific Code input for plugin: USART
2023-11-19 02:07:13,541 [INFO] BlockDiagram:2759 - set Specific Code input for plugin: GPIO
2023-11-19 02:07:13,542 [INFO] CodeGenerator:793 - code generatio: config db path: C:\ST\STM32CubeIDE_1.12.1\STM32CubeIDE\plugins\com.st.stm32cube.common.mx_6.8.1.202304191431\\db\
2023-11-19 02:07:13,732 [INFO] CodeEngine:255 - oldGeneratedFile, C:\Users\mrchl\STM32CubeIDE\workspace_1.12.1\ProjektWolne\FORBOT5\MXTmpFiles\license.tmp_save
2023-11-19 02:07:13,967 [INFO] CodeEngine:279 - Generated code: C:\Users\mrchl\STM32CubeIDE\workspace_1.12.1\ProjektWolne\FORBOT5\MXTmpFiles\license.tmp
2023-11-19 02:07:14,010 [INFO] CodeEngine:255 - oldGeneratedFile, C:\Users\mrchl\STM32CubeIDE\workspace_1.12.1\ProjektWolne\FORBOT5\MXTmpFiles\gpio.tmp_save
2023-11-19 02:07:14,172 [INFO] CodeEngine:279 - Generated code: C:\Users\mrchl\STM32CubeIDE\workspace_1.12.1\ProjektWolne\FORBOT5\MXTmpFiles\gpio.tmp
2023-11-19 02:07:14,317 [INFO] CodeEngine:255 - oldGeneratedFile, C:\Users\mrchl\STM32CubeIDE\workspace_1.12.1\ProjektWolne\FORBOT5\Core\Src\stm32l4xx_it.c_save
2023-11-19 02:07:14,616 [INFO] CodeEngine:279 - Generated code: C:\Users\mrchl\STM32CubeIDE\workspace_1.12.1\ProjektWolne\FORBOT5\Core\Src\stm32l4xx_it.c
2023-11-19 02:07:14,627 [INFO] CodeEngine:255 - oldGeneratedFile, C:\Users\mrchl\STM32CubeIDE\workspace_1.12.1\ProjektWolne\FORBOT5\Core\Inc\stm32l4xx_it.h_save
2023-11-19 02:07:14,706 [INFO] CodeEngine:279 - Generated code: C:\Users\mrchl\STM32CubeIDE\workspace_1.12.1\ProjektWolne\FORBOT5\Core\Inc\stm32l4xx_it.h
2023-11-19 02:07:14,850 [INFO] CodeEngine:255 - oldGeneratedFile, C:\Users\mrchl\STM32CubeIDE\workspace_1.12.1\ProjektWolne\FORBOT5\Core\Src\stm32l4xx_hal_msp.c_save
2023-11-19 02:07:15,056 [INFO] CodeEngine:279 - Generated code: C:\Users\mrchl\STM32CubeIDE\workspace_1.12.1\ProjektWolne\FORBOT5\Core\Src\stm32l4xx_hal_msp.c
2023-11-19 02:07:15,069 [INFO] CodeEngine:255 - oldGeneratedFile, C:\Users\mrchl\STM32CubeIDE\workspace_1.12.1\ProjektWolne\FORBOT5\MXTmpFiles\system.tmp_save
2023-11-19 02:07:15,164 [INFO] CodeEngine:279 - Generated code: C:\Users\mrchl\STM32CubeIDE\workspace_1.12.1\ProjektWolne\FORBOT5\MXTmpFiles\system.tmp
2023-11-19 02:07:15,198 [INFO] CodeEngine:311 - oldGeneratedFile, C:\Users\mrchl\STM32CubeIDE\workspace_1.12.1\ProjektWolne\FORBOT5\Core\Inc\stm32l4xx_hal_conf.h_save
2023-11-19 02:07:15,332 [INFO] CodeEngine:335 - Generated code: C:\Users\mrchl\STM32CubeIDE\workspace_1.12.1\ProjektWolne\FORBOT5\Core\Inc\stm32l4xx_hal_conf.h
2023-11-19 02:07:15,399 [INFO] CodeEngine:255 - oldGeneratedFile, C:\Users\mrchl\STM32CubeIDE\workspace_1.12.1\ProjektWolne\FORBOT5\Core\Inc\main.h_save
2023-11-19 02:07:15,509 [INFO] CodeEngine:279 - Generated code: C:\Users\mrchl\STM32CubeIDE\workspace_1.12.1\ProjektWolne\FORBOT5\Core\Inc\main.h
2023-11-19 02:07:15,529 [INFO] CodeEngine:255 - oldGeneratedFile, C:\Users\mrchl\STM32CubeIDE\workspace_1.12.1\ProjektWolne\FORBOT5\Core\Src\main.c_save
2023-11-19 02:07:15,677 [INFO] CodeEngine:279 - Generated code: C:\Users\mrchl\STM32CubeIDE\workspace_1.12.1\ProjektWolne\FORBOT5\Core\Src\main.c
2023-11-19 02:07:16,758 [INFO] ProjectBuilder:2996 - Time for Copy HAL[1] : 452mS.
2023-11-19 02:07:16,771 [INFO] ProjectBuilder:4304 - Project Generator version: 3.19.2
2023-11-19 02:07:17,219 [INFO] ConfigFileManager:1483 - The Die is : DIE415
2023-11-19 02:07:18,852 [INFO] ProjectBuilder:4505 - Time for Generating toolchain IDE Files: 2081mS.
2023-11-19 02:07:18,854 [INFO] ProjectBuilder:2867 - Time for Copy CMSIS : 2mS.
2023-11-19 02:07:18,861 [INFO] ProjectBuilder:2867 - Time for Copy CMSIS : 1mS.
2023-11-19 02:43:11,160 [INFO] UtilMem:75 - End SaveConfig() Used Memory: 571522560 Bytes (1073741824)
2023-11-19 02:43:12,555 [INFO] UtilMem:75 - End SaveConfig() Used Memory: 601344784 Bytes (1073741824)
2023-11-19 02:43:12,845 [INFO] UtilMem:75 - End SaveConfig() Used Memory: 686473992 Bytes (1073741824)
2023-11-19 02:43:13,195 [INFO] BlockDiagram:2759 - set Specific Code input for plugin: SYS
2023-11-19 02:43:13,195 [INFO] BlockDiagram:2759 - set Specific Code input for plugin: RCC
2023-11-19 02:43:13,195 [INFO] BlockDiagram:2759 - set Specific Code input for plugin: RTC
2023-11-19 02:43:13,195 [INFO] BlockDiagram:2759 - set Specific Code input for plugin: NVIC
2023-11-19 02:43:13,195 [INFO] BlockDiagram:2759 - set Specific Code input for plugin: USART
2023-11-19 02:43:13,196 [INFO] BlockDiagram:2759 - set Specific Code input for plugin: GPIO
2023-11-19 02:43:13,197 [INFO] CodeGenerator:793 - code generatio: config db path: C:\ST\STM32CubeIDE_1.12.1\STM32CubeIDE\plugins\com.st.stm32cube.common.mx_6.8.1.202304191431\\db\
2023-11-19 02:43:13,405 [INFO] CodeEngine:255 - oldGeneratedFile, C:\Users\mrchl\STM32CubeIDE\workspace_1.12.1\ProjektWolne\FORBOT5\MXTmpFiles\license.tmp_save
2023-11-19 02:43:13,639 [INFO] CodeEngine:279 - Generated code: C:\Users\mrchl\STM32CubeIDE\workspace_1.12.1\ProjektWolne\FORBOT5\MXTmpFiles\license.tmp
2023-11-19 02:43:13,682 [INFO] CodeEngine:255 - oldGeneratedFile, C:\Users\mrchl\STM32CubeIDE\workspace_1.12.1\ProjektWolne\FORBOT5\MXTmpFiles\gpio.tmp_save
2023-11-19 02:43:13,845 [INFO] CodeEngine:279 - Generated code: C:\Users\mrchl\STM32CubeIDE\workspace_1.12.1\ProjektWolne\FORBOT5\MXTmpFiles\gpio.tmp
2023-11-19 02:43:13,966 [INFO] CodeEngine:255 - oldGeneratedFile, C:\Users\mrchl\STM32CubeIDE\workspace_1.12.1\ProjektWolne\FORBOT5\Core\Src\stm32l4xx_it.c_save
2023-11-19 02:43:14,181 [INFO] CodeEngine:279 - Generated code: C:\Users\mrchl\STM32CubeIDE\workspace_1.12.1\ProjektWolne\FORBOT5\Core\Src\stm32l4xx_it.c
2023-11-19 02:43:14,191 [INFO] CodeEngine:255 - oldGeneratedFile, C:\Users\mrchl\STM32CubeIDE\workspace_1.12.1\ProjektWolne\FORBOT5\Core\Inc\stm32l4xx_it.h_save
2023-11-19 02:43:14,303 [INFO] CodeEngine:279 - Generated code: C:\Users\mrchl\STM32CubeIDE\workspace_1.12.1\ProjektWolne\FORBOT5\Core\Inc\stm32l4xx_it.h
2023-11-19 02:43:14,331 [INFO] CodeEngine:255 - oldGeneratedFile, C:\Users\mrchl\STM32CubeIDE\workspace_1.12.1\ProjektWolne\FORBOT5\Core\Src\stm32l4xx_hal_msp.c_save
2023-11-19 02:43:14,454 [INFO] CodeEngine:279 - Generated code: C:\Users\mrchl\STM32CubeIDE\workspace_1.12.1\ProjektWolne\FORBOT5\Core\Src\stm32l4xx_hal_msp.c
2023-11-19 02:43:14,462 [INFO] CodeEngine:255 - oldGeneratedFile, C:\Users\mrchl\STM32CubeIDE\workspace_1.12.1\ProjektWolne\FORBOT5\MXTmpFiles\system.tmp_save
2023-11-19 02:43:14,543 [INFO] CodeEngine:279 - Generated code: C:\Users\mrchl\STM32CubeIDE\workspace_1.12.1\ProjektWolne\FORBOT5\MXTmpFiles\system.tmp
2023-11-19 02:43:14,569 [INFO] CodeEngine:311 - oldGeneratedFile, C:\Users\mrchl\STM32CubeIDE\workspace_1.12.1\ProjektWolne\FORBOT5\Core\Inc\stm32l4xx_hal_conf.h_save
2023-11-19 02:43:14,751 [INFO] CodeEngine:335 - Generated code: C:\Users\mrchl\STM32CubeIDE\workspace_1.12.1\ProjektWolne\FORBOT5\Core\Inc\stm32l4xx_hal_conf.h
2023-11-19 02:43:14,891 [INFO] CodeEngine:255 - oldGeneratedFile, C:\Users\mrchl\STM32CubeIDE\workspace_1.12.1\ProjektWolne\FORBOT5\Core\Inc\main.h_save
2023-11-19 02:43:15,005 [INFO] CodeEngine:279 - Generated code: C:\Users\mrchl\STM32CubeIDE\workspace_1.12.1\ProjektWolne\FORBOT5\Core\Inc\main.h
2023-11-19 02:43:15,026 [INFO] CodeEngine:255 - oldGeneratedFile, C:\Users\mrchl\STM32CubeIDE\workspace_1.12.1\ProjektWolne\FORBOT5\Core\Src\main.c_save
2023-11-19 02:43:15,176 [INFO] CodeEngine:279 - Generated code: C:\Users\mrchl\STM32CubeIDE\workspace_1.12.1\ProjektWolne\FORBOT5\Core\Src\main.c
2023-11-19 02:43:16,270 [INFO] ProjectBuilder:2996 - Time for Copy HAL[1] : 329mS.
2023-11-19 02:43:16,274 [INFO] ProjectBuilder:4304 - Project Generator version: 3.19.2
2023-11-19 02:43:16,700 [INFO] ConfigFileManager:1483 - The Die is : DIE415
2023-11-19 02:43:18,414 [INFO] ProjectBuilder:4505 - Time for Generating toolchain IDE Files: 2140mS.
2023-11-19 02:43:18,415 [INFO] ProjectBuilder:2867 - Time for Copy CMSIS : 1mS.
2023-11-19 02:43:18,422 [INFO] ProjectBuilder:2867 - Time for Copy CMSIS : 0mS.
2023-11-19 02:59:14,396 [INFO] UtilMem:75 - End SaveConfig() Used Memory: 624197648 Bytes (1073741824)
2023-11-19 02:59:15,609 [INFO] UtilMem:75 - End SaveConfig() Used Memory: 653557776 Bytes (1073741824)
2023-11-19 02:59:15,908 [INFO] UtilMem:75 - End SaveConfig() Used Memory: 742963088 Bytes (1073741824)
2023-11-19 02:59:16,269 [INFO] BlockDiagram:2759 - set Specific Code input for plugin: IWDG
2023-11-19 02:59:16,270 [INFO] BlockDiagram:2759 - set Specific Code input for plugin: SYS
2023-11-19 02:59:16,270 [INFO] BlockDiagram:2759 - set Specific Code input for plugin: RCC
2023-11-19 02:59:16,270 [INFO] BlockDiagram:2759 - set Specific Code input for plugin: RTC
2023-11-19 02:59:16,270 [INFO] BlockDiagram:2759 - set Specific Code input for plugin: NVIC
2023-11-19 02:59:16,270 [INFO] BlockDiagram:2759 - set Specific Code input for plugin: USART
2023-11-19 02:59:16,270 [INFO] BlockDiagram:2759 - set Specific Code input for plugin: GPIO
2023-11-19 02:59:16,273 [INFO] CodeGenerator:793 - code generatio: config db path: C:\ST\STM32CubeIDE_1.12.1\STM32CubeIDE\plugins\com.st.stm32cube.common.mx_6.8.1.202304191431\\db\
2023-11-19 02:59:16,628 [INFO] CodeEngine:255 - oldGeneratedFile, C:\Users\mrchl\STM32CubeIDE\workspace_1.12.1\ProjektWolne\FORBOT5\MXTmpFiles\license.tmp_save
2023-11-19 02:59:16,749 [INFO] CodeEngine:279 - Generated code: C:\Users\mrchl\STM32CubeIDE\workspace_1.12.1\ProjektWolne\FORBOT5\MXTmpFiles\license.tmp
2023-11-19 02:59:16,804 [INFO] CodeEngine:255 - oldGeneratedFile, C:\Users\mrchl\STM32CubeIDE\workspace_1.12.1\ProjektWolne\FORBOT5\MXTmpFiles\gpio.tmp_save
2023-11-19 02:59:16,952 [INFO] CodeEngine:279 - Generated code: C:\Users\mrchl\STM32CubeIDE\workspace_1.12.1\ProjektWolne\FORBOT5\MXTmpFiles\gpio.tmp
2023-11-19 02:59:17,244 [INFO] CodeEngine:255 - oldGeneratedFile, C:\Users\mrchl\STM32CubeIDE\workspace_1.12.1\ProjektWolne\FORBOT5\Core\Src\stm32l4xx_it.c_save
2023-11-19 02:59:17,461 [INFO] CodeEngine:279 - Generated code: C:\Users\mrchl\STM32CubeIDE\workspace_1.12.1\ProjektWolne\FORBOT5\Core\Src\stm32l4xx_it.c
2023-11-19 02:59:17,483 [INFO] CodeEngine:255 - oldGeneratedFile, C:\Users\mrchl\STM32CubeIDE\workspace_1.12.1\ProjektWolne\FORBOT5\Core\Inc\stm32l4xx_it.h_save
2023-11-19 02:59:17,570 [INFO] CodeEngine:279 - Generated code: C:\Users\mrchl\STM32CubeIDE\workspace_1.12.1\ProjektWolne\FORBOT5\Core\Inc\stm32l4xx_it.h
2023-11-19 02:59:17,608 [INFO] CodeEngine:255 - oldGeneratedFile, C:\Users\mrchl\STM32CubeIDE\workspace_1.12.1\ProjektWolne\FORBOT5\Core\Src\stm32l4xx_hal_msp.c_save
2023-11-19 02:59:17,792 [INFO] CodeEngine:279 - Generated code: C:\Users\mrchl\STM32CubeIDE\workspace_1.12.1\ProjektWolne\FORBOT5\Core\Src\stm32l4xx_hal_msp.c
2023-11-19 02:59:17,808 [INFO] CodeEngine:255 - oldGeneratedFile, C:\Users\mrchl\STM32CubeIDE\workspace_1.12.1\ProjektWolne\FORBOT5\MXTmpFiles\system.tmp_save
2023-11-19 02:59:17,882 [INFO] CodeEngine:279 - Generated code: C:\Users\mrchl\STM32CubeIDE\workspace_1.12.1\ProjektWolne\FORBOT5\MXTmpFiles\system.tmp
2023-11-19 02:59:17,930 [INFO] CodeEngine:311 - oldGeneratedFile, C:\Users\mrchl\STM32CubeIDE\workspace_1.12.1\ProjektWolne\FORBOT5\Core\Inc\stm32l4xx_hal_conf.h_save
2023-11-19 02:59:18,060 [INFO] CodeEngine:335 - Generated code: C:\Users\mrchl\STM32CubeIDE\workspace_1.12.1\ProjektWolne\FORBOT5\Core\Inc\stm32l4xx_hal_conf.h
2023-11-19 02:59:18,147 [INFO] CodeEngine:255 - oldGeneratedFile, C:\Users\mrchl\STM32CubeIDE\workspace_1.12.1\ProjektWolne\FORBOT5\Core\Inc\main.h_save
2023-11-19 02:59:18,260 [INFO] CodeEngine:279 - Generated code: C:\Users\mrchl\STM32CubeIDE\workspace_1.12.1\ProjektWolne\FORBOT5\Core\Inc\main.h
2023-11-19 02:59:18,290 [INFO] CodeEngine:255 - oldGeneratedFile, C:\Users\mrchl\STM32CubeIDE\workspace_1.12.1\ProjektWolne\FORBOT5\Core\Src\main.c_save
2023-11-19 02:59:18,463 [INFO] CodeEngine:279 - Generated code: C:\Users\mrchl\STM32CubeIDE\workspace_1.12.1\ProjektWolne\FORBOT5\Core\Src\main.c
2023-11-19 02:59:19,630 [INFO] ProjectBuilder:2996 - Time for Copy HAL[1] : 425mS.
2023-11-19 02:59:19,637 [INFO] ProjectBuilder:4304 - Project Generator version: 3.19.2
2023-11-19 02:59:20,196 [INFO] ConfigFileManager:1483 - The Die is : DIE415
2023-11-19 02:59:22,584 [INFO] ProjectBuilder:4505 - Time for Generating toolchain IDE Files: 2946mS.
2023-11-19 02:59:22,585 [INFO] ProjectBuilder:2867 - Time for Copy CMSIS : 1mS.
2023-11-19 02:59:22,592 [INFO] ProjectBuilder:2867 - Time for Copy CMSIS : 0mS.
